0 0.000000 -0.530235 1.496560 0.000000 7.028109 4.685406 0.000000 0.000000 
0 0.000000 -0.518911 1.488375 0.000000 6.610354 3.663503 0.000000 1.115100 
1000 5.000000 -0.450547 1.538872 0.000000 4.718628 1.000306 0.000000 3.218169 
2000 10.000000 -0.562016 1.483391 0.000000 6.697317 4.246926 0.000000 0.326928 
3000 15.000000 -0.522443 1.428926 0.000000 4.934046 0.779951 0.000000 3.764120 
4000 20.000000 -0.689076 1.160276 0.000000 0.497969 1.227172 0.000000 -1.342789 
5000 25.000000 -0.515647 1.507499 0.000000 5.546344 1.793494 0.000000 2.856103 
6000 30.000000 -0.806769 1.334263 0.000000 19.779772 1.696512 0.000000 17.235004 
7000 35.000000 -0.454944 1.484396 0.000000 35.387414 0.835547 0.000000 34.134093 
8000 40.000000 -0.197273 1.477034 0.000000 36.845234 0.218137 0.000000 36.518028 
9000 45.000000 -0.439279 1.387630 0.000000 42.892233 0.688090 0.000000 41.860098 
10000 50.000000 -0.617442 1.358137 0.000000 46.290267 3.614462 0.000000 40.868575 
11000 55.000000 -0.746319 1.187368 0.000000 42.568765 0.062700 0.000000 42.474714 
12000 60.000000 -0.449301 1.437464 0.000000 47.160415 0.534160 0.000000 46.359176 
13000 65.000000 -0.591359 1.556664 0.000000 45.717948 1.790385 0.000000 43.032370 
14000 70.000000 -0.355646 1.435547 0.000000 46.449016 0.070916 0.000000 46.342641 
15000 75.000000 -1.007276 1.297192 0.000000 50.963727 0.883883 0.000000 49.637903 
16000 80.000000 -0.927575 1.438712 0.000000 50.338484 0.141420 0.000000 50.126353 
17000 85.000000 -0.897069 1.471018 0.000000 51.273249 1.185220 0.000000 49.495419 
18000 90.000000 -0.453375 1.555439 0.000000 53.550901 1.543906 0.000000 51.235042 
19000 95.000000 -0.852782 1.510408 0.000000 52.694246 1.668713 0.000000 50.191177 
20000 100.000000 -0.564705 1.336343 0.000000 54.007971 0.320273 0.000000 53.527561 
21000 105.000000 -0.738198 1.396060 0.000000 53.320884 0.411455 0.000000 52.703702 
22000 110.000000 -0.333791 1.216460 0.000000 53.994536 0.799505 0.000000 52.795278 
23000 115.000000 -0.146950 1.466347 0.000000 54.563133 1.252137 0.000000 52.684927 
24000 120.000000 -0.762845 1.542613 0.000000 56.572077 0.715678 0.000000 55.498560 
25000 125.000000 -0.436678 1.426491 0.000000 56.973823 1.049673 0.000000 55.399314 
26000 130.000000 -0.561327 1.579498 0.000000 56.082957 0.669005 0.000000 55.079450 
27000 135.000000 -0.394315 1.537190 0.000000 58.153946 0.942867 0.000000 56.739647 
28000 140.000000 -0.518920 1.111218 0.000000 53.789645 0.120444 0.000000 53.608980 
29000 145.000000 -0.630820 1.453948 0.000000 59.192808 0.623029 0.000000 58.258265 
30000 150.000000 -0.453324 1.604220 0.000000 58.101296 0.033778 0.000000 58.050629 
31000 155.000000 -0.636635 1.454402 0.000000 59.288218 0.381636 0.000000 58.715764 
32000 160.000000 -0.466407 1.607590 0.000000 59.031643 1.028020 0.000000 57.489614 
33000 165.000000 -0.881956 1.300218 0.000000 59.257699 2.466395 0.000000 55.558106 
34000 170.000000 -0.474504 1.508577 0.000000 60.605826 0.237018 0.000000 60.250300 
35000 175.000000 -0.252090 1.647564 0.000000 57.816849 0.164968 0.000000 57.569396 
36000 180.000000 -0.631018 1.377009 0.000000 61.120416 0.044877 0.000000 61.053100 
37000 185.000000 -0.559395 1.321281 0.000000 61.941881 2.026238 0.000000 58.902524 
38000 190.000000 -0.466133 1.501652 0.000000 61.794824 0.060791 0.000000 61.703638 
39000 195.000000 -0.739331 1.337722 0.000000 61.016632 0.610446 0.000000 60.100964 
40000 200.000000 -0.652659 1.313190 0.000000 61.838842 0.574391 0.000000 60.977255 
41000 205.000000 -0.501705 1.464841 0.000000 62.905903 0.618967 0.000000 61.977452 
42000 210.000000 -0.704600 1.279938 0.000000 61.911870 0.946950 0.000000 60.491446 
43000 215.000000 -0.542448 1.428929 0.000000 63.225629 0.371423 0.000000 62.668494 
44000 220.000000 -0.157083 0.430748 0.000000 77.015613 0.189101 0.000000 76.731961 
45000 225.000000 0.153239 0.493083 0.000000 80.114772 0.438938 0.000000 79.456365 
46000 230.000000 0.024583 0.505032 0.000000 81.210568 1.238992 0.000000 79.352080 
47000 235.000000 0.039413 0.535639 0.000000 80.752846 0.320953 0.000000 80.271417 
48000 240.000000 -0.172764 0.473987 0.000000 79.547770 0.093827 0.000000 79.407029 
49000 245.000000 0.092016 0.542233 0.000000 81.562203 0.227072 0.000000 81.221595 
50000 250.000000 0.069100 0.515835 0.000000 82.327310 0.560421 0.000000 81.486679 
51000 255.000000 0.025265 0.526571 0.000000 82.498831 0.659549 0.000000 81.509508 
52000 260.000000 0.078859 0.418999 0.000000 81.911485 1.513038 0.000000 79.641928 
53000 265.000000 0.356667 0.548392 0.000000 81.113380 0.173440 0.000000 80.853221 
54000 270.000000 0.114107 0.526235 0.000000 83.457597 0.399992 0.000000 82.857608 
55000 275.000000 -0.014570 0.639315 0.000000 80.257059 0.426122 0.000000 79.617876 
56000 280.000000 -0.323962 0.486999 0.000000 83.655456 4.714819 0.000000 76.583227 
57000 285.000000 0.211630 0.397722 0.000000 82.781083 1.174141 0.000000 81.019872 
58000 290.000000 0.341390 0.474982 0.000000 83.964975 0.528383 0.000000 83.172401 
59000 295.000000 -0.000456 0.406283 0.000000 83.584487 0.186411 0.000000 83.304871 
60000 300.000000 0.137034 0.490301 0.000000 86.106171 0.365252 0.000000 85.558292 
61000 305.000000 -0.029580 0.494471 0.000000 87.759158 2.218819 0.000000 84.430930 
62000 310.000000 0.077575 0.555559 0.000000 88.396075 4.351409 0.000000 81.868962 
63000 315.000000 -0.000754 0.462783 0.000000 87.661170 2.202165 0.000000 84.357922 
64000 320.000000 0.077468 0.443935 0.000000 86.737010 0.037465 0.000000 86.680813 
65000 325.000000 0.038602 0.469866 0.000000 87.720310 0.767979 0.000000 86.568341 
66000 330.000000 0.001690 0.540162 0.000000 88.625781 0.996351 0.000000 87.131254 
67000 335.000000 -0.250564 0.553217 0.000000 88.250000 1.658827 0.000000 85.761759 
68000 340.000000 0.119739 0.442924 0.000000 88.971139 0.627881 0.000000 88.029317 
69000 345.000000 0.367485 0.413743 0.000000 88.275974 0.179985 0.000000 88.005997 
70000 350.000000 0.008438 0.502633 0.000000 91.487772 2.860553 0.000000 87.196943 
71000 355.000000 -0.106075 0.474864 0.000000 90.875072 0.775321 0.000000 89.712091 
72000 360.000000 -0.410220 0.450453 0.000000 87.945607 0.840328 0.000000 86.685116 
73000 365.000000 -0.125981 0.469043 0.000000 92.020564 1.752170 0.000000 89.392309 
74000 370.000000 -0.195029 0.458763 0.000000 91.707184 1.134904 0.000000 90.004828 
75000 375.000000 0.123763 0.445178 0.000000 93.434011 1.867539 0.000000 90.632703 
76000 380.000000 -0.029723 0.578073 0.000000 94.794547 6.124298 0.000000 85.608100 
77000 385.000000 0.068549 0.567525 0.000000 92.227676 0.518644 0.000000 91.449709 
78000 390.000000 -0.054001 0.528942 0.000000 93.832473 0.798158 0.000000 92.635236 
79000 395.000000 0.431348 0.423780 0.000000 93.579101 0.640581 0.000000 92.618229 
80000 400.000000 0.337079 0.479729 0.000000 95.830894 1.518857 0.000000 93.552609 
81000 405.000000 0.390149 0.393886 0.000000 93.668396 0.094539 0.000000 93.526588 
82000 410.000000 -0.047775 0.443812 0.000000 95.052453 1.052521 0.000000 93.473672 
83000 415.000000 -0.142009 0.487870 0.000000 96.355270 0.392750 0.000000 95.766144 
84000 420.000000 0.159479 0.478297 0.000000 97.378679 0.414593 0.000000 96.756790 
85000 425.000000 -0.218127 0.539830 0.000000 97.647363 0.028291 0.000000 97.604927 
86000 430.000000 -0.250440 0.565457 0.000000 97.453723 0.110365 0.000000 97.288175 
87000 435.000000 0.120646 0.503335 0.000000 99.987183 3.428010 0.000000 94.845169 
88000 440.000000 -0.450196 0.449935 0.000000 96.967038 1.821825 0.000000 94.234300 
89000 445.000000 0.335518 0.498023 0.000000 100.005067 0.609063 0.000000 99.091472 
90000 450.000000 0.284347 0.448740 0.000000 100.168054 0.400458 0.000000 99.567367 
91000 455.000000 0.228836 0.503469 0.000000 101.373898 0.363031 0.000000 100.829351 
92000 460.000000 -0.199336 0.614052 0.000000 99.721174 0.867355 0.000000 98.420142 
93000 465.000000 0.423621 0.503911 0.000000 102.626344 2.332329 0.000000 99.127851 
94000 470.000000 -0.437129 0.437340 0.000000 99.502268 0.781765 0.000000 98.329621 
95000 475.000000 -0.075906 0.526390 0.000000 102.833108 0.967452 0.000000 101.381930 
96000 480.000000 0.172681 0.458010 0.000000 103.419444 0.691814 0.000000 102.381722 
97000 485.000000 0.345849 0.413133 0.000000 103.326345 0.207381 0.000000 103.015274 
98000 490.000000 0.240296 0.401696 0.000000 103.181698 0.030926 0.000000 103.135309 
99000 495.000000 -0.180907 0.491512 0.000000 105.785231 2.116292 0.000000 102.610792 
