0 0.000000 0.299390 0.532049 0.000000 7.028109 4.685406 0.000000 0.000000 
0 0.000000 0.310468 0.523790 0.000000 6.414606 3.536106 0.000000 1.110448 
1000 5.000000 0.229042 0.488248 0.000000 6.065815 0.654656 0.000000 5.083830 
2000 10.000000 0.167698 0.570565 0.000000 6.772480 3.646471 0.000000 1.302773 
3000 15.000000 0.213018 0.464320 0.000000 5.937095 0.698948 0.000000 4.888674 
4000 20.000000 -0.000679 0.403088 0.000000 4.113874 0.482205 0.000000 3.390567 
5000 25.000000 0.357378 0.547870 0.000000 3.731391 0.611506 0.000000 2.814133 
6000 30.000000 -0.111151 0.495122 0.000000 24.126040 1.494372 0.000000 21.884482 
7000 35.000000 -0.473338 1.448389 0.000000 42.256205 0.142592 0.000000 42.042316 
8000 40.000000 -0.411410 1.579280 0.000000 44.869879 1.250216 0.000000 42.994555 
9000 45.000000 -0.520289 1.405986 0.000000 45.193721 0.206642 0.000000 44.883758 
10000 50.000000 -0.707661 1.274225 0.000000 47.867488 3.723922 0.000000 42.281605 
11000 55.000000 -0.803844 1.140450 0.000000 44.811109 0.518437 0.000000 44.033454 
12000 60.000000 -0.548326 1.478498 0.000000 48.941267 0.224252 0.000000 48.604889 
13000 65.000000 -0.425317 1.448959 0.000000 46.922087 1.044497 0.000000 45.355342 
14000 70.000000 -0.508141 1.397967 0.000000 48.555373 0.038318 0.000000 48.497897 
15000 75.000000 -0.594519 1.377415 0.000000 50.900664 1.530643 0.000000 48.604700 
16000 80.000000 -0.544579 1.503350 0.000000 51.807197 0.593585 0.000000 50.916819 
17000 85.000000 -0.573971 1.517085 0.000000 53.053700 2.943060 0.000000 48.639111 
18000 90.000000 -0.482256 1.498067 0.000000 53.597213 2.040860 0.000000 50.535923 
19000 95.000000 -0.614860 1.379868 0.000000 54.012466 1.117077 0.000000 52.336851 
20000 100.000000 -0.666053 1.321842 0.000000 53.760713 0.418773 0.000000 53.132554 
21000 105.000000 -0.773895 1.307304 0.000000 52.397225 1.187596 0.000000 50.615831 
22000 110.000000 -0.564988 1.358347 0.000000 53.864295 1.293961 0.000000 51.923354 
23000 115.000000 -0.357434 1.592355 0.000000 52.798227 0.643170 0.000000 51.833472 
24000 120.000000 -0.129511 1.870859 0.000000 51.520740 0.454217 0.000000 50.839415 
25000 125.000000 -0.500810 1.445105 0.000000 54.736891 0.697452 0.000000 53.690713 
26000 130.000000 -0.535929 1.568090 0.000000 53.366044 0.248603 0.000000 52.993140 
27000 135.000000 -0.455072 1.598336 0.000000 54.131734 0.253533 0.000000 53.751434 
28000 140.000000 -0.938884 0.633299 0.000000 57.208527 1.992824 0.000000 54.219292 
29000 145.000000 -0.790778 0.624074 0.000000 56.820875 0.451202 0.000000 56.144072 
30000 150.000000 -0.518225 0.722609 0.000000 56.743807 0.213042 0.000000 56.424245 
31000 155.000000 -0.248567 0.596634 0.000000 58.959821 1.823026 0.000000 56.225282 
32000 160.000000 -0.545181 1.512260 0.000000 56.822448 0.296533 0.000000 56.377649 
33000 165.000000 -0.684785 1.117654 0.000000 54.294270 0.467880 0.000000 53.592450 
34000 170.000000 -0.507185 1.565442 0.000000 56.881508 0.298435 0.000000 56.433855 
35000 175.000000 -0.302876 1.720673 0.000000 56.318060 0.681696 0.000000 55.295516 
36000 180.000000 -0.880958 0.623658 0.000000 58.970586 0.382387 0.000000 58.397006 
37000 185.000000 0.501691 0.288609 0.000000 60.812925 0.001657 0.000000 60.810440 
38000 190.000000 0.631057 0.424737 0.000000 64.397805 0.788610 0.000000 63.214890 
39000 195.000000 0.961084 0.065161 0.000000 77.487628 0.949197 0.000000 76.063833 
40000 200.000000 0.988086 -0.053155 0.000000 75.494406 0.171418 0.000000 75.237279 
41000 205.000000 0.972152 0.004312 0.000000 77.831142 0.144445 0.000000 77.614474 
42000 210.000000 0.952098 0.019924 0.000000 78.146847 0.568037 0.000000 77.294791 
43000 215.000000 0.975042 0.035051 0.000000 78.000546 0.520656 0.000000 77.219563 
44000 220.000000 0.964968 -0.026927 0.000000 77.233335 0.299424 0.000000 76.784199 
45000 225.000000 0.982814 0.023248 0.000000 77.938817 0.520083 0.000000 77.158693 
46000 230.000000 0.963990 0.031136 0.000000 78.129224 0.343056 0.000000 77.614641 
47000 235.000000 1.000107 0.059737 0.000000 76.571237 0.133625 0.000000 76.370799 
48000 240.000000 0.888473 -0.036754 0.000000 74.012520 0.673385 0.000000 73.002443 
49000 245.000000 0.987144 0.072858 0.000000 76.917273 0.499498 0.000000 76.168025 
50000 250.000000 1.000851 0.035396 0.000000 77.440665 0.803441 0.000000 76.235503 
51000 255.000000 1.022458 0.042813 0.000000 75.648010 0.290143 0.000000 75.212796 
52000 260.000000 0.948942 -0.029223 0.000000 78.059618 2.009076 0.000000 75.046005 
53000 265.000000 0.937869 0.046726 0.000000 78.229409 0.892543 0.000000 76.890595 
54000 270.000000 0.993603 0.026958 0.000000 77.986951 0.819014 0.000000 76.758430 
55000 275.000000 0.855252 0.150781 0.000000 71.213796 0.215521 0.000000 70.890514 
56000 280.000000 0.974923 -0.036282 0.000000 79.386854 4.280382 0.000000 72.966281 
57000 285.000000 0.912769 -0.028503 0.000000 77.010878 1.751088 0.000000 74.384245 
58000 290.000000 0.980768 0.015682 0.000000 78.571101 0.395246 0.000000 77.978232 
59000 295.000000 0.986412 -0.059993 0.000000 76.502489 0.960833 0.000000 75.061239 
60000 300.000000 0.983173 0.024199 0.000000 78.579564 0.209367 0.000000 78.265513 
61000 305.000000 0.978540 0.020670 0.000000 79.396621 1.604650 0.000000 76.989647 
62000 310.000000 1.011687 0.013867 0.000000 78.550252 2.666198 0.000000 74.550955 
63000 315.000000 0.920111 0.004297 0.000000 78.566198 1.789147 0.000000 75.882478 
64000 320.000000 0.959446 0.010165 0.000000 78.931939 0.291384 0.000000 78.494863 
65000 325.000000 0.934251 0.005734 0.000000 79.287159 2.048795 0.000000 76.213967 
66000 330.000000 0.977812 0.054729 0.000000 78.549746 0.537396 0.000000 77.743652 
67000 335.000000 0.957868 0.034085 0.000000 79.631749 1.575853 0.000000 77.267968 
68000 340.000000 0.956439 -0.024386 0.000000 78.497308 0.750975 0.000000 77.370846 
69000 345.000000 0.955670 0.017548 0.000000 78.998983 0.200101 0.000000 78.698833 
70000 350.000000 0.926243 0.064538 0.000000 78.319838 1.051465 0.000000 76.742640 
71000 355.000000 0.907604 -0.037373 0.000000 76.233414 0.616655 0.000000 75.308432 
72000 360.000000 0.882825 0.008050 0.000000 75.700989 0.351492 0.000000 75.173751 
73000 365.000000 0.914227 0.003533 0.000000 79.774062 4.374977 0.000000 73.211596 
74000 370.000000 0.976021 -0.010825 0.000000 80.322006 3.078074 0.000000 75.704894 
75000 375.000000 1.039787 -0.008050 0.000000 75.363724 0.090572 0.000000 75.227865 
76000 380.000000 0.905896 0.054977 0.000000 79.470169 3.759888 0.000000 73.830336 
77000 385.000000 0.984437 0.077932 0.000000 78.409800 0.927846 0.000000 77.018032 
78000 390.000000 0.957552 0.040293 0.000000 79.478977 0.251389 0.000000 79.101894 
79000 395.000000 1.017870 -0.032825 0.000000 76.968847 0.263413 0.000000 76.573727 
80000 400.000000 0.922012 -0.021868 0.000000 78.479454 1.205228 0.000000 76.671613 
81000 405.000000 0.959774 -0.017430 0.000000 79.530297 0.946835 0.000000 78.110045 
82000 410.000000 0.917643 -0.028484 0.000000 77.965026 0.883911 0.000000 76.639159 
83000 415.000000 0.994370 0.003030 0.000000 79.052593 0.029356 0.000000 79.008558 
84000 420.000000 0.939490 0.045328 0.000000 79.359607 0.019065 0.000000 79.331010 
85000 425.000000 0.933976 0.044742 0.000000 79.396967 0.265766 0.000000 78.998318 
86000 430.000000 0.966113 0.024346 0.000000 79.929307 0.225193 0.000000 79.591517 
87000 435.000000 0.997089 0.064982 0.000000 78.339062 0.117367 0.000000 78.163011 
88000 440.000000 0.999761 -0.031137 0.000000 79.296966 2.138764 0.000000 76.088821 
89000 445.000000 0.961222 0.032180 0.000000 80.448419 1.255555 0.000000 78.565087 
90000 450.000000 0.953682 -0.006419 0.000000 79.803137 0.516121 0.000000 79.028956 
91000 455.000000 0.962328 0.021762 0.000000 79.971288 0.160136 0.000000 79.731085 
92000 460.000000 0.939486 0.093310 0.000000 78.778654 0.886785 0.000000 77.448477 
93000 465.000000 0.934147 0.062171 0.000000 79.258802 0.238326 0.000000 78.901313 
94000 470.000000 0.975411 0.007814 0.000000 80.106337 0.568733 0.000000 79.253237 
95000 475.000000 0.991875 -0.000880 0.000000 79.749521 0.765435 0.000000 78.601369 
96000 480.000000 0.960140 0.006979 0.000000 80.186126 0.521159 0.000000 79.404388 
97000 485.000000 0.974058 -0.043394 0.000000 78.681875 0.287283 0.000000 78.250951 
98000 490.000000 0.973047 -0.023514 0.000000 79.853438 1.085084 0.000000 78.225812 
99000 495.000000 0.966804 -0.026811 0.000000 80.201639 1.897114 0.000000 77.355968 
