0 0.000000 -0.700000 1.400000 0.000000 7.028109 4.685406 0.000000 0.000000 
0 0.000000 -0.688339 1.391665 0.000000 7.236428 4.065440 0.000000 1.138268 
1000 5.000000 -0.450547 1.538872 0.000000 6.417832 1.000306 0.000000 4.917373 
2000 10.000000 -0.562016 1.483391 0.000000 8.396521 4.246926 0.000000 2.026133 
3000 15.000000 -0.522443 1.428926 0.000000 6.633250 0.779951 0.000000 5.463325 
4000 20.000000 -0.689076 1.160276 0.000000 2.197174 1.227172 0.000000 0.356416 
5000 25.000000 -0.515647 1.507499 0.000000 7.240725 1.790691 0.000000 4.554688 
6000 30.000000 -0.806787 1.187068 0.000000 20.935802 0.330446 0.000000 20.440133 
7000 35.000000 -0.446684 1.586669 0.000000 31.550067 0.499612 0.000000 30.800649 
8000 40.000000 -0.411429 1.606043 0.000000 33.720085 1.069510 0.000000 32.115820 
9000 45.000000 -0.522038 1.404514 0.000000 34.168110 0.322907 0.000000 33.683749 
10000 50.000000 -0.978482 0.706291 0.000000 39.184107 3.409101 0.000000 34.070455 
11000 55.000000 -1.195601 0.640864 0.000000 37.736767 0.204301 0.000000 37.430316 
12000 60.000000 0.150925 0.525365 0.000000 54.603661 0.077885 0.000000 54.486834 
13000 65.000000 0.034979 0.474286 0.000000 56.008809 2.595535 0.000000 52.115505 
14000 70.000000 0.188856 0.412120 0.000000 55.416562 0.621309 0.000000 54.484599 
15000 75.000000 0.099248 0.499814 0.000000 57.925104 1.839931 0.000000 55.165208 
16000 80.000000 -0.178650 0.548416 0.000000 55.847981 0.300775 0.000000 55.396819 
17000 85.000000 -0.015315 0.527010 0.000000 59.648330 3.300109 0.000000 54.698167 
18000 90.000000 0.178840 0.516837 0.000000 58.759584 0.873959 0.000000 57.448645 
19000 95.000000 0.148586 0.491505 0.000000 58.997025 0.488193 0.000000 58.264736 
20000 100.000000 0.374828 0.370122 0.000000 58.733353 2.079131 0.000000 55.614657 
21000 105.000000 -0.163756 0.568705 0.000000 59.822427 0.631517 0.000000 58.875151 
22000 110.000000 -0.080781 0.550641 0.000000 62.164034 2.034644 0.000000 59.112068 
23000 115.000000 0.172338 0.425365 0.000000 61.183769 0.032482 0.000000 61.135046 
24000 120.000000 -0.120627 0.516232 0.000000 62.736715 1.351087 0.000000 60.710084 
25000 125.000000 0.249029 0.466113 0.000000 63.348700 1.201184 0.000000 61.546925 
26000 130.000000 0.001306 0.602886 0.000000 63.070979 1.052478 0.000000 61.492262 
27000 135.000000 0.052495 0.504738 0.000000 65.320759 1.038670 0.000000 63.762754 
28000 140.000000 -1.194944 0.764291 0.000000 64.642769 1.129375 0.000000 62.948706 
29000 145.000000 -1.058439 0.845648 0.000000 67.618227 0.271158 0.000000 67.211490 
30000 150.000000 -0.437221 1.635444 0.000000 66.217633 0.002170 0.000000 66.214378 
31000 155.000000 -0.597631 1.447418 0.000000 68.062669 0.188793 0.000000 67.779479 
32000 160.000000 -0.539626 0.714232 0.000000 69.238697 0.082856 0.000000 69.114414 
33000 165.000000 -0.460310 0.628725 0.000000 69.499036 0.505029 0.000000 68.741493 
34000 170.000000 -0.004603 0.614920 0.000000 71.137644 0.081356 0.000000 71.015609 
35000 175.000000 0.950362 0.054061 0.000000 88.643396 1.523191 0.000000 86.358610 
36000 180.000000 0.968700 0.032590 0.000000 88.812820 1.155944 0.000000 87.078903 
37000 185.000000 1.011743 -0.039791 0.000000 88.198651 3.931678 0.000000 82.301134 
38000 190.000000 0.936674 0.053746 0.000000 89.896380 1.193422 0.000000 88.106247 
39000 195.000000 0.963553 0.051127 0.000000 90.369007 1.336398 0.000000 88.364409 
40000 200.000000 0.985596 -0.055816 0.000000 88.698369 0.286740 0.000000 88.268259 
41000 205.000000 0.972989 -0.001694 0.000000 90.888095 0.089927 0.000000 90.753204 
42000 210.000000 0.950961 0.018891 0.000000 91.272568 0.332463 0.000000 90.773873 
43000 215.000000 0.978731 0.031576 0.000000 90.992191 0.068031 0.000000 90.890145 
44000 220.000000 0.967083 -0.049303 0.000000 90.328127 0.356918 0.000000 89.792750 
45000 225.000000 0.980556 0.023274 0.000000 91.929335 0.798400 0.000000 90.731735 
46000 230.000000 0.958760 0.022133 0.000000 91.923093 0.272629 0.000000 91.514150 
47000 235.000000 0.987999 0.103727 0.000000 90.303740 0.484835 0.000000 89.576488 
48000 240.000000 0.885298 -0.028178 0.000000 88.937882 0.871283 0.000000 87.630957 
49000 245.000000 0.991250 0.047181 0.000000 92.072159 0.255940 0.000000 91.688250 
50000 250.000000 0.998566 0.030968 0.000000 92.417565 0.799924 0.000000 91.217679 
51000 255.000000 1.019199 0.053553 0.000000 90.804169 0.604447 0.000000 89.897498 
52000 260.000000 0.958176 -0.062721 0.000000 92.187555 1.055634 0.000000 90.604103 
53000 265.000000 0.930392 0.079052 0.000000 94.157349 0.925781 0.000000 92.768677 
54000 270.000000 0.992159 0.041715 0.000000 94.411420 0.813850 0.000000 93.190645 
55000 275.000000 0.877992 0.113292 0.000000 91.167873 0.664966 0.000000 90.170425 
56000 280.000000 0.957116 0.014634 0.000000 98.620211 6.622217 0.000000 88.686887 
57000 285.000000 0.918741 -0.081348 0.000000 92.742073 1.564382 0.000000 90.395500 
58000 290.000000 0.980489 0.000159 0.000000 95.903515 0.323686 0.000000 95.417987 
59000 295.000000 0.989863 -0.060993 0.000000 94.247476 0.095632 0.000000 94.104028 
60000 300.000000 0.986319 0.008553 0.000000 96.058676 0.197407 0.000000 95.762565 
61000 305.000000 0.982367 0.005815 0.000000 96.558261 0.742325 0.000000 95.444774 
62000 310.000000 0.051091 0.574052 0.000000 102.310939 5.098282 0.000000 94.663516 
63000 315.000000 0.031495 0.493464 0.000000 101.728884 2.711650 0.000000 97.661409 
64000 320.000000 0.177051 0.420605 0.000000 99.661514 0.249371 0.000000 99.287458 
65000 325.000000 -0.022039 0.502554 0.000000 101.402773 1.197925 0.000000 99.605886 
66000 330.000000 0.012339 0.533750 0.000000 101.250517 0.620192 0.000000 100.320229 
67000 335.000000 -0.327258 0.736168 0.000000 97.915111 1.423070 0.000000 95.780507 
68000 340.000000 0.081617 0.470805 0.000000 102.139269 0.634226 0.000000 101.187930 
69000 345.000000 0.292605 0.296829 0.000000 99.553215 1.014768 0.000000 98.031063 
70000 350.000000 0.100057 0.451592 0.000000 103.637118 3.138184 0.000000 98.929842 
71000 355.000000 0.139256 0.467044 0.000000 102.631002 0.368837 0.000000 102.077747 
72000 360.000000 -0.471359 0.525395 0.000000 99.048102 1.718344 0.000000 96.470585 
73000 365.000000 0.050453 0.445588 0.000000 102.697271 0.318466 0.000000 102.219573 
74000 370.000000 -0.902633 0.817982 0.000000 101.786879 0.048921 0.000000 101.713497 
75000 375.000000 -0.905027 0.848047 0.000000 102.738896 1.265309 0.000000 100.840933 
76000 380.000000 -0.602008 1.428137 0.000000 105.121334 2.252051 0.000000 101.743257 
77000 385.000000 -0.902027 0.839044 0.000000 103.164423 1.281910 0.000000 101.241559 
78000 390.000000 -0.919400 0.847128 0.000000 104.113230 3.144699 0.000000 99.396182 
79000 395.000000 -0.667555 0.643259 0.000000 101.935103 0.445160 0.000000 101.267364 
80000 400.000000 0.332692 0.465756 0.000000 105.401935 0.841151 0.000000 104.140209 
81000 405.000000 0.374783 0.338540 0.000000 103.536677 0.511046 0.000000 102.770108 
82000 410.000000 -0.156725 0.505745 0.000000 106.464815 1.287032 0.000000 104.534266 
83000 415.000000 0.179804 0.451262 0.000000 107.119411 0.734270 0.000000 106.018006 
84000 420.000000 -0.003201 0.487322 0.000000 107.270334 0.334036 0.000000 106.769280 
85000 425.000000 0.008666 0.518922 0.000000 107.424814 0.028603 0.000000 107.381909 
86000 430.000000 -0.727935 1.268400 0.000000 107.037440 0.755432 0.000000 105.904293 
87000 435.000000 -0.659125 0.998041 0.000000 102.620528 0.178716 0.000000 102.352454 
88000 440.000000 -0.570817 1.363053 0.000000 109.136050 2.564933 0.000000 105.288650 
89000 445.000000 -0.527564 1.485167 0.000000 108.928220 0.163463 0.000000 108.683026 
90000 450.000000 -0.501158 1.496438 0.000000 109.331688 1.109552 0.000000 107.667361 
91000 455.000000 -0.496676 1.517587 0.000000 108.990240 0.502321 0.000000 108.236758 
92000 460.000000 -0.520208 1.603206 0.000000 107.661117 0.825464 0.000000 106.422920 
93000 465.000000 -0.556359 1.527954 0.000000 109.253380 1.725700 0.000000 106.664830 
94000 470.000000 -0.665138 1.329896 0.000000 109.060350 0.411812 0.000000 108.442632 
95000 475.000000 -0.579400 1.332673 0.000000 108.647944 0.159349 0.000000 108.408919 
96000 480.000000 -0.655459 1.238462 0.000000 108.009284 0.027718 0.000000 107.967706 
97000 485.000000 -0.550685 1.375275 0.000000 110.060455 2.051077 0.000000 106.983840 
98000 490.000000 -0.425648 1.580994 0.000000 110.228893 2.311266 0.000000 106.761994 
99000 495.000000 -0.529839 1.399029 0.000000 109.585794 0.649644 0.000000 108.611327 
100000 500.000000 -0.547068 1.488934 0.000000 110.132246 0.251614 0.000000 109.754825 
101000 505.000000 -0.518522 1.438440 0.000000 110.184252 0.792245 0.000000 108.995885 
102000 510.000000 -0.549470 1.303084 0.000000 107.938880 0.637346 0.000000 106.982861 
103000 515.000000 -0.553740 1.499904 0.000000 110.319073 0.421929 0.000000 109.686180 
104000 520.000000 -0.543749 1.397365 0.000000 110.254474 0.727483 0.000000 109.163250 
105000 525.000000 -0.629466 1.397244 0.000000 110.393055 0.543074 0.000000 109.578445 
106000 530.000000 -0.566621 1.375086 0.000000 111.087025 2.239332 0.000000 107.728027 
107000 535.000000 -0.481835 1.473613 0.000000 110.969581 1.823567 0.000000 108.234231 
108000 540.000000 -0.575466 1.342998 0.000000 110.784767 2.222851 0.000000 107.450491 
109000 545.000000 -0.771016 1.212639 0.000000 108.873419 0.279033 0.000000 108.454869 
110000 550.000000 -0.414692 1.568711 0.000000 110.312901 0.927316 0.000000 108.921927 
111000 555.000000 -0.504215 1.483216 0.000000 111.177411 0.884617 0.000000 109.850486 
112000 560.000000 -0.925853 0.735116 0.000000 111.249111 2.112927 0.000000 108.079720 
113000 565.000000 -0.889270 0.924915 0.000000 111.233197 1.069137 0.000000 109.629491 
114000 570.000000 -1.117012 0.640063 0.000000 110.642164 0.355518 0.000000 110.108888 
115000 575.000000 -1.150581 0.675452 0.000000 110.069620 0.611083 0.000000 109.152995 
116000 580.000000 -0.615383 1.267319 0.000000 110.213556 0.424386 0.000000 109.576977 
117000 585.000000 -0.632169 1.376410 0.000000 111.769337 0.245206 0.000000 111.401528 
118000 590.000000 -0.579393 1.419484 0.000000 112.273550 0.637496 0.000000 111.317305 
119000 595.000000 -0.589945 1.344384 0.000000 111.482580 0.269917 0.000000 111.077704 
120000 600.000000 0.111561 0.564670 0.000000 114.330266 1.620079 0.000000 111.900148 
121000 605.000000 -0.706120 0.653787 0.000000 111.211029 0.107078 0.000000 111.050412 
122000 610.000000 0.234451 0.457435 0.000000 114.670561 1.257603 0.000000 112.784156 
123000 615.000000 0.248873 0.580971 0.000000 112.768883 1.006009 0.000000 111.259870 
124000 620.000000 0.203722 0.458857 0.000000 114.452073 0.199527 0.000000 114.152783 
125000 625.000000 0.140122 0.509502 0.000000 115.198238 0.852234 0.000000 113.919886 
126000 630.000000 0.261200 0.451048 0.000000 114.619596 0.688347 0.000000 113.587076 
127000 635.000000 -0.096792 0.476841 0.000000 114.276642 0.467856 0.000000 113.574858 
128000 640.000000 0.404303 0.453571 0.000000 113.728288 0.472565 0.000000 113.019440 
129000 645.000000 0.079493 0.552779 0.000000 114.765705 0.073177 0.000000 114.655939 
130000 650.000000 0.173560 0.493776 0.000000 115.866187 1.652327 0.000000 113.387698 
131000 655.000000 0.039540 0.581742 0.000000 114.411703 0.133947 0.000000 114.210782 
132000 660.000000 0.058006 0.557391 0.000000 115.542192 1.228201 0.000000 113.699891 
133000 665.000000 0.269372 0.428823 0.000000 116.392954 3.195577 0.000000 111.599588 
134000 670.000000 0.208015 0.543811 0.000000 114.839992 0.237739 0.000000 114.483384 
135000 675.000000 0.182455 0.552748 0.000000 114.850261 0.104085 0.000000 114.694134 
136000 680.000000 0.022366 0.437089 0.000000 115.753616 1.870735 0.000000 112.947514 
137000 685.000000 -0.203202 0.741096 0.000000 111.467851 0.458838 0.000000 110.779593 
138000 690.000000 -0.458880 0.539879 0.000000 113.663900 1.404249 0.000000 111.557527 
139000 695.000000 -0.103743 0.552516 0.000000 117.182886 3.311273 0.000000 112.215977 
140000 700.000000 0.256413 0.524662 0.000000 115.948029 1.459475 0.000000 113.758816 
141000 705.000000 -0.220908 0.687696 0.000000 113.665705 0.850854 0.000000 112.389424 
142000 710.000000 0.164477 0.480891 0.000000 117.947698 3.347766 0.000000 112.926050 
143000 715.000000 -0.097449 0.571292 0.000000 116.917909 2.230820 0.000000 113.571679 
144000 720.000000 -0.207338 0.538822 0.000000 116.415821 2.025502 0.000000 113.377569 
145000 725.000000 0.461322 0.456079 0.000000 115.196586 1.517364 0.000000 112.920540 
146000 730.000000 0.276808 0.432591 0.000000 116.204781 0.257614 0.000000 115.818361 
147000 735.000000 0.113632 0.530666 0.000000 116.962713 0.500806 0.000000 116.211503 
148000 740.000000 0.061478 0.518957 0.000000 117.421547 0.945802 0.000000 116.002845 
149000 745.000000 0.241524 0.491592 0.000000 116.959666 0.648452 0.000000 115.986987 
150000 750.000000 0.078523 0.530463 0.000000 117.996582 1.932008 0.000000 115.098570 
151000 755.000000 -0.075372 0.499927 0.000000 117.317754 1.280832 0.000000 115.396507 
152000 760.000000 -0.032538 0.484344 0.000000 117.209019 0.708157 0.000000 116.146783 
153000 765.000000 0.155954 0.504949 0.000000 118.229091 1.739971 0.000000 115.619135 
154000 770.000000 -0.568693 0.729450 0.000000 115.976535 1.780168 0.000000 113.306283 
155000 775.000000 -0.123714 0.454966 0.000000 118.453038 4.894484 0.000000 111.111311 
156000 780.000000 0.169297 0.463271 0.000000 117.862803 0.423187 0.000000 117.228021 
157000 785.000000 0.083955 0.587256 0.000000 117.797136 2.366295 0.000000 114.247694 
158000 790.000000 0.242192 0.448531 0.000000 117.818562 0.563595 0.000000 116.973169 
159000 795.000000 0.049966 0.508623 0.000000 119.821697 3.453604 0.000000 114.641290 
160000 800.000000 0.101568 0.443696 0.000000 117.871416 0.320080 0.000000 117.391295 
161000 805.000000 0.671345 0.341062 0.000000 118.036544 0.867083 0.000000 116.735919 
162000 810.000000 0.103250 0.575616 0.000000 117.973340 1.065096 0.000000 116.375696 
163000 815.000000 0.064397 0.539470 0.000000 118.656996 0.612403 0.000000 117.738391 
164000 820.000000 0.147866 0.442178 0.000000 118.325087 0.045169 0.000000 118.257333 
165000 825.000000 0.070201 0.470659 0.000000 118.689300 0.005571 0.000000 118.680943 
166000 830.000000 0.138401 0.523077 0.000000 119.367684 1.183939 0.000000 117.591775 
167000 835.000000 -0.063375 0.604552 0.000000 118.239927 0.740774 0.000000 117.128766 
168000 840.000000 -0.329738 0.490177 0.000000 116.153016 0.453140 0.000000 115.473306 
169000 845.000000 -0.772408 0.740789 0.000000 117.521106 0.377993 0.000000 116.954116 
170000 850.000000 -0.534878 0.607970 0.000000 117.616311 0.030069 0.000000 117.571208 
171000 855.000000 0.089008 0.448796 0.000000 119.585117 0.213753 0.000000 119.264486 
172000 860.000000 -0.127727 0.579983 0.000000 119.908720 1.871681 0.000000 117.101198 
173000 865.000000 0.511962 0.402732 0.000000 118.279859 0.190293 0.000000 117.994419 
174000 870.000000 -1.259814 0.614548 0.000000 116.718670 0.465882 0.000000 116.019848 
175000 875.000000 -0.193450 0.666013 0.000000 119.212552 0.563622 0.000000 118.367119 
176000 880.000000 0.067670 0.437973 0.000000 119.933145 0.055784 0.000000 119.849468 
177000 885.000000 -0.553851 0.648828 0.000000 118.396999 0.156308 0.000000 118.162537 
178000 890.000000 -0.877895 0.683841 0.000000 119.936328 1.518792 0.000000 117.658139 
179000 895.000000 -1.083902 0.565850 0.000000 118.694355 0.875289 0.000000 117.381421 
180000 900.000000 -0.748877 0.696441 0.000000 119.497144 0.042223 0.000000 119.433810 
181000 905.000000 -0.606913 0.730310 0.000000 119.171582 0.241564 0.000000 118.809236 
182000 910.000000 0.216251 0.517057 0.000000 121.979951 1.252293 0.000000 120.101511 
183000 915.000000 0.019334 0.567460 0.000000 121.428781 0.219475 0.000000 121.099568 
184000 920.000000 0.166652 0.513151 0.000000 122.502197 1.100583 0.000000 120.851323 
185000 925.000000 0.122733 0.533867 0.000000 122.462647 0.972466 0.000000 121.003947 
186000 930.000000 0.047055 0.536913 0.000000 122.189784 0.110752 0.000000 122.023656 
187000 935.000000 0.095540 0.515525 0.000000 122.423803 0.286103 0.000000 121.994648 
188000 940.000000 0.782861 0.313985 0.000000 122.241557 2.425574 0.000000 118.603197 
189000 945.000000 0.911501 0.007744 0.000000 122.429024 0.994926 0.000000 120.936635 
190000 950.000000 0.014257 0.675182 0.000000 119.838922 1.580439 0.000000 117.468263 
191000 955.000000 -0.617719 0.695944 0.000000 121.368012 1.607358 0.000000 118.956974 
192000 960.000000 -0.906743 0.749143 0.000000 121.316247 0.041717 0.000000 121.253671 
193000 965.000000 -0.473654 1.444048 0.000000 122.410154 0.596962 0.000000 121.514711 
194000 970.000000 -0.606908 1.311801 0.000000 124.625691 4.778863 0.000000 117.457396 
195000 975.000000 -0.529554 1.519355 0.000000 123.739099 1.081461 0.000000 122.116908 
196000 980.000000 -0.527479 1.371304 0.000000 122.613460 1.011955 0.000000 121.095527 
197000 985.000000 -0.678976 1.328312 0.000000 122.834581 0.179721 0.000000 122.565000 
198000 990.000000 -0.538315 1.416110 0.000000 125.667605 4.837201 0.000000 118.411803 
199000 995.000000 -0.611906 1.524705 0.000000 122.407821 1.172841 0.000000 120.648559 
200000 1000.000000 -0.428955 1.436452 0.000000 121.757904 1.729841 0.000000 119.163143 
201000 1005.000000 -1.016287 0.922435 0.000000 121.569301 0.874748 0.000000 120.257179 
202000 1010.000000 -0.610789 1.385612 0.000000 124.098693 0.793656 0.000000 122.908209 
203000 1015.000000 -0.955425 0.899865 0.000000 123.827696 1.607262 0.000000 121.416803 
204000 1020.000000 -0.438366 0.695769 0.000000 122.383605 0.615170 0.000000 121.460850 
205000 1025.000000 0.244559 0.496384 0.000000 124.776296 0.857397 0.000000 123.490201 
206000 1030.000000 0.097224 0.522446 0.000000 125.338845 1.036866 0.000000 123.783545 
207000 1035.000000 -0.268659 0.569860 0.000000 123.658594 0.138119 0.000000 123.451416 
208000 1040.000000 0.340537 0.371940 0.000000 124.566674 0.845134 0.000000 123.298974 
209000 1045.000000 0.112075 0.425626 0.000000 124.898280 0.974486 0.000000 123.436550 
210000 1050.000000 0.085829 0.504906 0.000000 125.922107 1.248972 0.000000 124.048649 
211000 1055.000000 0.323408 0.363084 0.000000 124.280505 0.042192 0.000000 124.217217 
212000 1060.000000 0.368895 0.476187 0.000000 124.352895 0.078585 0.000000 124.235018 
213000 1065.000000 -1.016953 0.748686 0.000000 124.172620 0.640087 0.000000 123.212490 
214000 1070.000000 -0.537354 0.557648 0.000000 123.442747 1.014381 0.000000 121.921175 
215000 1075.000000 0.265783 0.452904 0.000000 125.733527 0.321567 0.000000 125.251177 
216000 1080.000000 0.000997 0.535416 0.000000 126.368734 1.049664 0.000000 124.794237 
217000 1085.000000 -0.140116 0.776429 0.000000 122.288046 2.686781 0.000000 118.257875 
218000 1090.000000 -0.189257 0.511777 0.000000 125.748276 1.568532 0.000000 123.395478 
219000 1095.000000 -1.190184 0.692550 0.000000 123.126803 0.153987 0.000000 122.895823 
220000 1100.000000 -0.850877 0.978324 0.000000 124.796726 0.056105 0.000000 124.712568 
221000 1105.000000 -0.860889 0.691125 0.000000 124.831587 0.825498 0.000000 123.593340 
222000 1110.000000 -0.170041 0.679725 0.000000 127.502315 5.635600 0.000000 119.048914 
223000 1115.000000 -0.451156 0.581294 0.000000 125.110581 0.383700 0.000000 124.535030 
224000 1120.000000 0.029722 0.519321 0.000000 127.078441 0.446588 0.000000 126.408560 
225000 1125.000000 -0.344386 0.679353 0.000000 124.927460 0.153767 0.000000 124.696809 
226000 1130.000000 0.590980 0.279975 0.000000 126.432732 0.603439 0.000000 125.527573 
227000 1135.000000 0.132484 0.488238 0.000000 127.379572 0.077653 0.000000 127.263093 
228000 1140.000000 0.402737 0.393504 0.000000 126.955323 0.398091 0.000000 126.358187 
229000 1145.000000 0.756537 0.355821 0.000000 128.282162 2.248881 0.000000 124.908841 
230000 1150.000000 0.529457 0.333755 0.000000 126.087736 0.128532 0.000000 125.894938 
231000 1155.000000 0.443626 0.442473 0.000000 126.633778 0.224999 0.000000 126.296279 
232000 1160.000000 0.107382 0.469539 0.000000 128.142399 0.555294 0.000000 127.309458 
233000 1165.000000 -0.100092 0.644810 0.000000 126.842654 1.591418 0.000000 124.455528 
234000 1170.000000 -0.137692 0.575202 0.000000 127.637452 0.601161 0.000000 126.735711 
235000 1175.000000 0.782185 0.327272 0.000000 128.597151 0.065752 0.000000 128.498523 
236000 1180.000000 0.394288 0.329447 0.000000 128.090162 2.958028 0.000000 123.653120 
237000 1185.000000 0.419001 0.486364 0.000000 127.858520 2.130582 0.000000 124.662647 
238000 1190.000000 0.132252 0.413554 0.000000 128.336899 0.793544 0.000000 127.146582 
239000 1195.000000 0.331790 0.466248 0.000000 128.245094 0.378007 0.000000 127.678084 
240000 1200.000000 0.893704 0.352437 0.000000 128.489695 2.119161 0.000000 125.310954 
241000 1205.000000 0.253129 0.368883 0.000000 127.916555 0.488748 0.000000 127.183434 
242000 1210.000000 0.032767 0.356116 0.000000 126.629142 1.188864 0.000000 124.845846 
243000 1215.000000 0.113121 0.497454 0.000000 130.728163 2.509002 0.000000 126.964659 
244000 1220.000000 -0.021126 0.526223 0.000000 129.503635 0.366526 0.000000 128.953847 
245000 1225.000000 -0.108179 0.462405 0.000000 130.197618 4.079621 0.000000 124.078186 
246000 1230.000000 -0.109559 0.542784 0.000000 129.423228 0.587688 0.000000 128.541695 
247000 1235.000000 -0.002719 0.435936 0.000000 129.373169 1.514331 0.000000 127.101672 
248000 1240.000000 -0.656562 1.342850 0.000000 130.065369 1.366002 0.000000 128.016366 
249000 1245.000000 -0.460748 1.588367 0.000000 129.693057 0.383242 0.000000 129.118195 
250000 1250.000000 -0.508819 1.494375 0.000000 131.525286 2.746590 0.000000 127.405402 
251000 1255.000000 -0.350485 1.723349 0.000000 127.779210 0.819726 0.000000 126.549622 
252000 1260.000000 -0.867217 0.915534 0.000000 129.519959 1.097786 0.000000 127.873280 
253000 1265.000000 -0.470486 1.535110 0.000000 130.229447 0.020070 0.000000 130.199341 
254000 1270.000000 -0.955779 0.894892 0.000000 129.992701 1.485052 0.000000 127.765123 
255000 1275.000000 -0.811981 1.037896 0.000000 128.765504 0.241965 0.000000 128.402556 
256000 1280.000000 -0.684073 1.455501 0.000000 128.358685 0.345568 0.000000 127.840333 
257000 1285.000000 -0.627914 1.421417 0.000000 130.264233 0.007655 0.000000 130.252751 
258000 1290.000000 -0.640699 1.514966 0.000000 128.748862 1.176959 0.000000 126.983423 
259000 1295.000000 -0.513802 1.535372 0.000000 131.247870 1.450409 0.000000 129.072256 
260000 1300.000000 -0.647019 1.446295 0.000000 130.220782 1.220530 0.000000 128.389987 
261000 1305.000000 -0.638181 1.458084 0.000000 131.666845 4.101086 0.000000 125.515216 
262000 1310.000000 -0.411336 1.488796 0.000000 129.775932 1.972115 0.000000 126.817759 
263000 1315.000000 -1.148082 0.615699 0.000000 128.484727 0.589184 0.000000 127.600952 
264000 1320.000000 -0.581680 1.471263 0.000000 131.209653 0.892595 0.000000 129.870761 
265000 1325.000000 -0.579479 1.443586 0.000000 131.834932 1.628433 0.000000 129.392283 
266000 1330.000000 0.126488 0.486666 0.000000 131.557364 0.283104 0.000000 131.132708 
267000 1335.000000 0.854054 0.296221 0.000000 130.205953 0.353351 0.000000 129.675926 
268000 1340.000000 -0.007681 0.490747 0.000000 131.320678 0.065328 0.000000 131.222685 
269000 1345.000000 -0.386340 0.661889 0.000000 129.937568 0.537148 0.000000 129.131845 
270000 1350.000000 0.161702 0.561050 0.000000 131.548403 1.766411 0.000000 128.898787 
271000 1355.000000 0.172638 0.517141 0.000000 132.271788 1.447259 0.000000 130.100899 
272000 1360.000000 0.417557 0.413720 0.000000 130.627269 0.142955 0.000000 130.412837 
273000 1365.000000 -0.013675 0.548545 0.000000 132.762367 2.339256 0.000000 129.253483 
274000 1370.000000 0.009659 0.535886 0.000000 132.030020 0.537975 0.000000 131.223056 
275000 1375.000000 0.079620 0.478805 0.000000 133.028630 2.022987 0.000000 129.994150 
276000 1380.000000 0.126233 0.536610 0.000000 131.970085 0.444878 0.000000 131.302768 
277000 1385.000000 0.428244 0.407488 0.000000 131.642306 1.852749 0.000000 128.863183 
278000 1390.000000 0.224293 0.570047 0.000000 130.583806 0.385350 0.000000 130.005782 
279000 1395.000000 -0.352068 0.526491 0.000000 130.547313 1.589694 0.000000 128.162771 
280000 1400.000000 0.077059 0.536746 0.000000 132.434758 0.765804 0.000000 131.286052 
281000 1405.000000 0.251550 0.448430 0.000000 132.189664 0.097369 0.000000 132.043610 
282000 1410.000000 0.620272 0.281174 0.000000 130.878353 0.326115 0.000000 130.389180 
283000 1415.000000 0.972646 0.105038 0.000000 133.213200 0.027647 0.000000 133.171730 
284000 1420.000000 0.968441 0.095270 0.000000 133.725774 0.227209 0.000000 133.384960 
285000 1425.000000 0.943466 0.079035 0.000000 134.813453 1.318615 0.000000 132.835531 
286000 1430.000000 0.813945 0.274844 0.000000 132.742676 0.274733 0.000000 132.330577 
287000 1435.000000 0.465544 0.390931 0.000000 131.460450 0.783828 0.000000 130.284708 
288000 1440.000000 0.907903 0.166624 0.000000 131.762827 0.641159 0.000000 130.801089 
289000 1445.000000 0.952835 -0.052130 0.000000 133.333112 0.528717 0.000000 132.540036 
290000 1450.000000 0.863189 0.303343 0.000000 133.842873 1.334659 0.000000 131.840884 
291000 1455.000000 0.120290 0.436274 0.000000 132.903899 0.001792 0.000000 132.901211 
292000 1460.000000 0.291887 0.434322 0.000000 133.416738 1.290553 0.000000 131.480908 
293000 1465.000000 -0.628355 1.414492 0.000000 133.781170 1.603713 0.000000 131.375601 
294000 1470.000000 -0.623720 1.295927 0.000000 133.121873 1.006957 0.000000 131.611437 
295000 1475.000000 -0.510445 1.369206 0.000000 132.339219 1.132015 0.000000 130.641196 
296000 1480.000000 -0.773779 1.179809 0.000000 132.361637 0.892536 0.000000 131.022833 
297000 1485.000000 -0.028428 0.556188 0.000000 134.099202 1.925519 0.000000 131.210923 
298000 1490.000000 -0.893623 0.663302 0.000000 131.961955 0.084682 0.000000 131.834931 
299000 1495.000000 -0.572588 1.454717 0.000000 133.831861 0.266384 0.000000 133.432285 
300000 1500.000000 -0.687862 1.256405 0.000000 132.861828 0.040821 0.000000 132.800597 
301000 1505.000000 0.828215 0.246075 0.000000 132.877964 0.851448 0.000000 131.600792 
302000 1510.000000 0.184327 0.416599 0.000000 134.098684 1.471613 0.000000 131.891264 
303000 1515.000000 0.932634 -0.004185 0.000000 136.216875 2.255135 0.000000 132.834172 
304000 1520.000000 0.963040 -0.019968 0.000000 135.730966 0.883563 0.000000 134.405621 
305000 1525.000000 0.970466 0.026718 0.000000 136.490787 1.116067 0.000000 134.816687 
306000 1530.000000 0.939845 0.065546 0.000000 135.827645 0.216205 0.000000 135.503337 
307000 1535.000000 0.962033 0.069253 0.000000 135.911352 0.262463 0.000000 135.517657 
308000 1540.000000 0.456463 0.483628 0.000000 133.054903 2.285078 0.000000 129.627286 
309000 1545.000000 0.102308 0.394636 0.000000 133.485229 1.024849 0.000000 131.947955 
310000 1550.000000 0.057641 0.482125 0.000000 135.731186 2.477597 0.000000 132.014790 
311000 1555.000000 -0.406076 0.566937 0.000000 133.016020 1.188892 0.000000 131.232683 
312000 1560.000000 -0.916467 0.685369 0.000000 133.291473 0.726505 0.000000 132.201715 
313000 1565.000000 -0.841590 0.659127 0.000000 132.967633 0.032207 0.000000 132.919323 
314000 1570.000000 -0.434758 1.496501 0.000000 133.720226 0.056123 0.000000 133.636042 
315000 1575.000000 -0.762392 1.167009 0.000000 133.694848 0.622762 0.000000 132.760705 
316000 1580.000000 -0.634727 1.277070 0.000000 134.043609 0.274688 0.000000 133.631577 
317000 1585.000000 -0.423953 1.546285 0.000000 134.321004 0.476825 0.000000 133.605766 
318000 1590.000000 -0.453425 1.606505 0.000000 134.582671 0.886490 0.000000 133.252936 
319000 1595.000000 -0.650879 1.306902 0.000000 134.600333 0.277664 0.000000 134.183836 
320000 1600.000000 -0.769062 0.616953 0.000000 132.578324 0.106833 0.000000 132.418074 
321000 1605.000000 -0.444737 1.599886 0.000000 135.079064 1.351276 0.000000 133.052150 
322000 1610.000000 -0.766737 1.207653 0.000000 134.078308 0.855384 0.000000 132.795232 
323000 1615.000000 -0.982590 0.770867 0.000000 134.701893 1.311696 0.000000 132.734349 
324000 1620.000000 -0.758837 1.250852 0.000000 134.149965 0.626883 0.000000 133.209640 
325000 1625.000000 -0.885924 0.936323 0.000000 135.494688 2.553438 0.000000 131.664530 
326000 1630.000000 -1.100029 0.723951 0.000000 133.915004 0.501106 0.000000 133.163345 
327000 1635.000000 -0.720342 0.961293 0.000000 135.028226 5.046268 0.000000 127.458824 
328000 1640.000000 -0.938707 0.979338 0.000000 133.999126 0.950223 0.000000 132.573790 
329000 1645.000000 -0.374696 1.677688 0.000000 134.034966 0.307780 0.000000 133.573295 
330000 1650.000000 -0.714130 1.381334 0.000000 134.115771 0.339630 0.000000 133.606326 
331000 1655.000000 -0.886983 0.819430 0.000000 136.315631 4.429854 0.000000 129.670851 
332000 1660.000000 -0.696137 0.697774 0.000000 135.016583 2.019539 0.000000 131.987275 
333000 1665.000000 -0.191293 0.497936 0.000000 134.890740 0.241202 0.000000 134.528937 
334000 1670.000000 -0.204504 0.623834 0.000000 135.186941 0.549729 0.000000 134.362347 
335000 1675.000000 0.100914 0.482812 0.000000 136.426404 0.079096 0.000000 136.307759 
336000 1680.000000 0.026205 0.478521 0.000000 136.881938 1.429593 0.000000 134.737548 
337000 1685.000000 -0.715803 0.618167 0.000000 134.043752 0.964761 0.000000 132.596611 
338000 1690.000000 -0.438279 1.555471 0.000000 137.048610 2.686604 0.000000 133.018704 
339000 1695.000000 -0.862295 0.850735 0.000000 135.528974 1.988676 0.000000 132.545960 
340000 1700.000000 -0.812655 1.161180 0.000000 134.560431 0.383371 0.000000 133.985374 
341000 1705.000000 -0.525830 1.511447 0.000000 137.108117 1.552205 0.000000 134.779810 
342000 1710.000000 -0.590140 1.356542 0.000000 136.382606 0.334518 0.000000 135.880829 
343000 1715.000000 -0.638390 1.407517 0.000000 136.126881 0.021670 0.000000 136.094377 
344000 1720.000000 -0.533349 1.403202 0.000000 136.364632 0.421045 0.000000 135.733064 
345000 1725.000000 -0.666234 1.400647 0.000000 136.860771 2.379130 0.000000 133.292075 
346000 1730.000000 -0.531065 1.492839 0.000000 136.819548 0.481959 0.000000 136.096609 
347000 1735.000000 -0.582543 1.371942 0.000000 136.863727 0.814741 0.000000 135.641615 
348000 1740.000000 -0.760028 0.936073 0.000000 134.440032 1.021634 0.000000 132.907581 
349000 1745.000000 -0.604542 1.533749 0.000000 135.095877 0.724313 0.000000 134.009408 
350000 1750.000000 -0.439491 1.558363 0.000000 136.300258 0.356378 0.000000 135.765692 
351000 1755.000000 -0.807417 1.238089 0.000000 134.864794 1.189342 0.000000 133.080780 
352000 1760.000000 -0.591572 1.275359 0.000000 135.481793 0.761027 0.000000 134.340253 
353000 1765.000000 -0.558459 1.339785 0.000000 135.809648 0.123844 0.000000 135.623883 
354000 1770.000000 -0.769829 1.092369 0.000000 135.662232 0.761475 0.000000 134.520020 
355000 1775.000000 -0.764590 1.125428 0.000000 135.416158 0.087964 0.000000 135.284212 
356000 1780.000000 -1.064438 0.781285 0.000000 135.663019 0.817487 0.000000 134.436788 
357000 1785.000000 -0.343060 1.500047 0.000000 132.606343 0.065982 0.000000 132.507369 
358000 1790.000000 -0.187816 0.429690 0.000000 136.267818 3.845145 0.000000 130.500100 
359000 1795.000000 -0.979167 1.049087 0.000000 133.012865 0.720975 0.000000 131.931403 
360000 1800.000000 -0.816554 1.131823 0.000000 135.523512 0.422210 0.000000 134.890198 
361000 1805.000000 -0.480815 1.834236 0.000000 133.617939 0.820783 0.000000 132.386764 
362000 1810.000000 -1.054011 0.880166 0.000000 134.981190 0.940331 0.000000 133.570694 
363000 1815.000000 -0.707492 1.337420 0.000000 136.672988 0.818733 0.000000 135.444889 
364000 1820.000000 -0.670805 1.335823 0.000000 137.874505 2.039747 0.000000 134.814885 
365000 1825.000000 -0.956181 0.629596 0.000000 135.930331 0.642227 0.000000 134.966990 
366000 1830.000000 -0.321150 0.554086 0.000000 137.873797 3.358035 0.000000 132.836745 
367000 1835.000000 -0.150594 0.622439 0.000000 136.754755 0.367107 0.000000 136.204095 
368000 1840.000000 0.802107 0.292572 0.000000 138.538405 1.416720 0.000000 136.413325 
369000 1845.000000 0.877563 0.293442 0.000000 139.493098 3.187308 0.000000 134.712136 
370000 1850.000000 0.906835 0.018489 0.000000 138.371189 0.161835 0.000000 138.128437 
371000 1855.000000 1.020254 0.056132 0.000000 137.587624 0.595769 0.000000 136.693971 
372000 1860.000000 0.919598 0.063673 0.000000 139.153364 0.001683 0.000000 139.150840 
373000 1865.000000 0.923412 0.051238 0.000000 139.696041 0.699245 0.000000 138.647173 
374000 1870.000000 0.951974 -0.049951 0.000000 138.777642 0.541631 0.000000 137.965195 
375000 1875.000000 0.983382 0.037905 0.000000 139.839903 0.225417 0.000000 139.501778 
376000 1880.000000 0.784481 0.281549 0.000000 138.113539 0.529770 0.000000 137.318884 
377000 1885.000000 0.908410 0.064097 0.000000 139.247444 0.730882 0.000000 138.151122 
378000 1890.000000 0.950923 0.037181 0.000000 141.161389 1.693292 0.000000 138.621450 
379000 1895.000000 0.664721 0.303901 0.000000 137.865415 0.922732 0.000000 136.481317 
380000 1900.000000 0.967110 0.011867 0.000000 140.919519 1.183610 0.000000 139.144104 
381000 1905.000000 0.984955 0.000542 0.000000 140.107283 0.292478 0.000000 139.668566 
382000 1910.000000 0.940790 0.039210 0.000000 140.277424 0.009909 0.000000 140.262560 
383000 1915.000000 0.945956 0.046067 0.000000 140.375580 0.036141 0.000000 140.321369 
384000 1920.000000 0.839317 0.316110 0.000000 138.631712 0.282928 0.000000 138.207320 
385000 1925.000000 -0.183688 0.547968 0.000000 138.316637 0.464985 0.000000 137.619159 
386000 1930.000000 0.937025 0.159768 0.000000 139.428722 2.140297 0.000000 136.218276 
387000 1935.000000 0.036080 0.497858 0.000000 139.422648 0.612954 0.000000 138.503217 
388000 1940.000000 0.262586 0.400688 0.000000 138.388044 0.116176 0.000000 138.213781 
389000 1945.000000 -0.194196 0.551943 0.000000 138.365320 0.329516 0.000000 137.871046 
390000 1950.000000 -0.253109 0.445975 0.000000 135.976100 0.442992 0.000000 135.311612 
391000 1955.000000 -0.137810 0.450325 0.000000 137.811559 1.052459 0.000000 136.232871 
392000 1960.000000 0.097727 0.465239 0.000000 139.272470 0.050740 0.000000 139.196360 
393000 1965.000000 0.306449 0.448828 0.000000 139.441611 1.157782 0.000000 137.704938 
394000 1970.000000 -0.145730 0.570441 0.000000 139.256068 1.371990 0.000000 137.198083 
395000 1975.000000 -0.774809 0.652768 0.000000 138.541975 2.611430 0.000000 134.624829 
396000 1980.000000 -0.592081 1.568654 0.000000 136.844856 0.271336 0.000000 136.437852 
397000 1985.000000 -0.266055 1.704198 0.000000 136.440148 3.002607 0.000000 131.936237 
398000 1990.000000 -0.454607 1.680719 0.000000 137.421408 0.431511 0.000000 136.774142 
399000 1995.000000 -0.365632 1.701520 0.000000 138.218664 2.225480 0.000000 134.880444 
400000 2000.000000 -0.546001 1.581226 0.000000 137.988155 0.504585 0.000000 137.231277 
401000 2005.000000 -1.138699 0.648504 0.000000 137.902826 1.224599 0.000000 136.065928 
402000 2010.000000 0.156146 0.451152 0.000000 140.257975 0.989361 0.000000 138.773934 
403000 2015.000000 0.971434 0.041589 0.000000 143.229626 3.696549 0.000000 137.684803 
404000 2020.000000 0.964229 -0.000287 0.000000 141.854966 0.947000 0.000000 140.434465 
405000 2025.000000 0.892302 0.048432 0.000000 139.962535 1.416601 0.000000 137.837634 
406000 2030.000000 0.970120 0.059440 0.000000 141.561428 0.399060 0.000000 140.962837 
407000 2035.000000 0.941754 0.089449 0.000000 141.047321 0.170277 0.000000 140.791905 
408000 2040.000000 0.882926 0.231289 0.000000 139.466282 0.415541 0.000000 138.842970 
409000 2045.000000 0.904130 0.108997 0.000000 139.879464 0.083513 0.000000 139.754195 
410000 2050.000000 0.966614 0.027581 0.000000 143.139666 2.758645 0.000000 139.001698 
411000 2055.000000 0.970525 0.060174 0.000000 142.896700 2.800529 0.000000 138.695907 
412000 2060.000000 1.028640 -0.029071 0.000000 138.689799 0.034721 0.000000 138.637718 
413000 2065.000000 0.982967 0.060348 0.000000 143.729179 5.028935 0.000000 136.185778 
414000 2070.000000 0.062992 0.434093 0.000000 141.006787 2.537871 0.000000 137.199980 
415000 2075.000000 0.056902 0.468739 0.000000 140.411867 0.289742 0.000000 139.977254 
416000 2080.000000 0.281613 0.497396 0.000000 141.228454 2.617804 0.000000 137.301749 
417000 2085.000000 0.959921 0.105138 0.000000 141.455550 1.039221 0.000000 139.896718 
418000 2090.000000 0.955125 -0.028500 0.000000 141.381784 0.030212 0.000000 141.336467 
419000 2095.000000 0.903670 0.078770 0.000000 141.230906 1.739011 0.000000 138.622389 
420000 2100.000000 0.949337 0.058988 0.000000 142.553521 1.219709 0.000000 140.723957 
421000 2105.000000 0.287614 0.485490 0.000000 141.292481 2.087541 0.000000 138.161170 
422000 2110.000000 -0.447907 1.465476 0.000000 140.940593 3.590881 0.000000 135.554271 
423000 2115.000000 -0.533415 1.406331 0.000000 140.153996 0.161282 0.000000 139.912074 
424000 2120.000000 -0.307157 2.002274 0.000000 134.741704 0.174138 0.000000 134.480498 
425000 2125.000000 -0.583951 1.321892 0.000000 140.217871 1.143649 0.000000 138.502397 
426000 2130.000000 -0.577830 1.408115 0.000000 140.978851 0.761020 0.000000 139.837320 
427000 2135.000000 0.928838 0.297223 0.000000 139.084996 0.595229 0.000000 138.192153 
428000 2140.000000 0.268070 0.385798 0.000000 140.520293 1.161251 0.000000 138.778415 
429000 2145.000000 0.498033 0.348967 0.000000 138.745250 0.119319 0.000000 138.566272 
430000 2150.000000 0.044913 0.585676 0.000000 140.468883 0.690443 0.000000 139.433219 
431000 2155.000000 0.067252 0.374762 0.000000 138.895217 0.127757 0.000000 138.703582 
432000 2160.000000 0.065886 0.545549 0.000000 141.013308 0.276998 0.000000 140.597811 
433000 2165.000000 0.913083 0.005434 0.000000 141.277118 0.330276 0.000000 140.781704 
434000 2170.000000 0.913275 0.170589 0.000000 142.501717 4.106971 0.000000 136.341260 
435000 2175.000000 -0.108651 0.562816 0.000000 141.156060 1.015463 0.000000 139.632866 
436000 2180.000000 -0.377448 0.608553 0.000000 139.542384 0.107843 0.000000 139.380619 
437000 2185.000000 0.110772 0.517271 0.000000 141.455855 0.212831 0.000000 141.136608 
438000 2190.000000 0.050692 0.449295 0.000000 141.968697 2.017563 0.000000 138.942352 
439000 2195.000000 -0.439149 0.568483 0.000000 139.183166 0.460272 0.000000 138.492757 
440000 2200.000000 0.225661 0.444343 0.000000 143.031877 3.456537 0.000000 137.847071 
441000 2205.000000 0.055701 0.441778 0.000000 141.647307 1.325655 0.000000 139.658824 
442000 2210.000000 0.943296 0.056468 0.000000 143.070219 0.534973 0.000000 142.267760 
443000 2215.000000 0.849542 0.313869 0.000000 141.643791 1.299869 0.000000 139.693988 
444000 2220.000000 -0.068358 0.521312 0.000000 142.496920 2.508553 0.000000 138.734091 
445000 2225.000000 0.167449 0.500875 0.000000 143.284524 3.275426 0.000000 138.371385 
446000 2230.000000 -0.488046 0.637237 0.000000 140.936990 2.498989 0.000000 137.188506 
447000 2235.000000 0.070149 0.479723 0.000000 142.489854 1.584530 0.000000 140.113058 
448000 2240.000000 0.131360 0.581345 0.000000 141.055409 1.306828 0.000000 139.095168 
449000 2245.000000 -0.052295 0.510691 0.000000 141.758129 0.676194 0.000000 140.743837 
450000 2250.000000 -0.090805 0.547209 0.000000 141.552532 0.550045 0.000000 140.727464 
451000 2255.000000 -0.378059 0.640928 0.000000 140.060709 0.195465 0.000000 139.767512 
452000 2260.000000 -0.582179 1.426701 0.000000 142.274271 1.163189 0.000000 140.529488 
453000 2265.000000 -0.582543 1.298964 0.000000 141.053184 1.463152 0.000000 138.858456 
454000 2270.000000 -0.731320 1.351726 0.000000 140.665229 1.689333 0.000000 138.131230 
455000 2275.000000 -0.712450 1.152549 0.000000 141.159231 2.293627 0.000000 137.718790 
456000 2280.000000 -0.301880 1.888502 0.000000 137.131331 0.548048 0.000000 136.309259 
457000 2285.000000 -0.337721 1.666741 0.000000 139.958891 1.108688 0.000000 138.295859 
458000 2290.000000 -0.442632 1.413132 0.000000 140.774976 3.430851 0.000000 135.628699 
459000 2295.000000 0.317385 0.407370 0.000000 142.046697 1.486727 0.000000 139.816607 
460000 2300.000000 0.190372 0.444512 0.000000 142.136977 0.213711 0.000000 141.816410 
461000 2305.000000 -0.193780 0.560250 0.000000 141.426113 0.602193 0.000000 140.522823 
462000 2310.000000 0.456093 0.463335 0.000000 140.986737 1.630092 0.000000 138.541600 
463000 2315.000000 0.400150 0.483480 0.000000 140.647537 0.033003 0.000000 140.598033 
464000 2320.000000 0.976960 -0.010628 0.000000 144.223214 1.335386 0.000000 142.220134 
465000 2325.000000 0.940649 -0.030536 0.000000 143.147384 0.628652 0.000000 142.204405 
466000 2330.000000 0.914876 0.153193 0.000000 142.520127 1.220434 0.000000 140.689476 
467000 2335.000000 0.534635 0.303660 0.000000 140.142826 0.082298 0.000000 140.019380 
468000 2340.000000 0.020597 0.408240 0.000000 141.183190 0.549735 0.000000 140.358587 
469000 2345.000000 0.108357 0.486281 0.000000 142.758868 0.326844 0.000000 142.268602 
470000 2350.000000 -0.704095 0.662816 0.000000 140.880223 0.770514 0.000000 139.724451 
471000 2355.000000 0.187469 0.396740 0.000000 141.760208 0.473389 0.000000 141.050124 
472000 2360.000000 0.071857 0.624490 0.000000 141.060907 1.624490 0.000000 138.624173 
473000 2365.000000 -0.597888 0.757035 0.000000 139.785695 0.407502 0.000000 139.174442 
474000 2370.000000 -1.049719 0.816654 0.000000 140.722225 0.270231 0.000000 140.316879 
475000 2375.000000 -0.466621 1.505613 0.000000 142.331933 0.350401 0.000000 141.806332 
476000 2380.000000 -0.695887 1.349703 0.000000 141.605462 0.022152 0.000000 141.572233 
477000 2385.000000 -0.538966 1.514045 0.000000 143.240141 1.834561 0.000000 140.488299 
478000 2390.000000 -0.469901 1.508429 0.000000 143.619772 2.740371 0.000000 139.509216 
479000 2395.000000 -0.614660 1.347668 0.000000 143.637516 2.586593 0.000000 139.757626 
480000 2400.000000 -0.464214 1.650179 0.000000 141.813331 1.519122 0.000000 139.534649 
481000 2405.000000 -0.571625 1.401658 0.000000 142.808148 0.362807 0.000000 142.263937 
482000 2410.000000 -0.607286 1.413793 0.000000 142.761119 0.317013 0.000000 142.285599 
483000 2415.000000 -0.623474 1.397907 0.000000 142.829278 0.627897 0.000000 141.887433 
484000 2420.000000 -0.449586 1.505121 0.000000 142.576179 1.120867 0.000000 140.894878 
485000 2425.000000 -0.527007 1.414336 0.000000 142.515865 0.399360 0.000000 141.916825 
486000 2430.000000 -0.563700 1.436137 0.000000 142.890180 0.219116 0.000000 142.561507 
487000 2435.000000 -0.910022 0.636985 0.000000 143.205357 4.339938 0.000000 136.695450 
488000 2440.000000 -0.450981 1.530973 0.000000 142.344102 0.019805 0.000000 142.314395 
489000 2445.000000 -0.973992 0.692095 0.000000 142.951486 2.629260 0.000000 139.007596 
490000 2450.000000 -0.442595 1.625055 0.000000 141.914607 0.068343 0.000000 141.812092 
491000 2455.000000 -0.482885 1.485536 0.000000 142.662829 0.125356 0.000000 142.474795 
492000 2460.000000 -0.483386 1.532657 0.000000 142.949431 0.468968 0.000000 142.245979 
493000 2465.000000 -1.001048 0.778517 0.000000 142.642785 1.839015 0.000000 139.884262 
494000 2470.000000 -1.108471 0.640818 0.000000 141.775874 1.231437 0.000000 139.928718 
495000 2475.000000 0.062071 0.443284 0.000000 143.353306 0.860742 0.000000 142.062193 
496000 2480.000000 0.080181 0.505668 0.000000 143.619568 0.222859 0.000000 143.285281 
497000 2485.000000 -0.169672 0.636963 0.000000 141.877380 0.098724 0.000000 141.729295 
498000 2490.000000 0.018772 0.480774 0.000000 143.821885 1.073137 0.000000 142.212179 
499000 2495.000000 -0.087391 0.480161 0.000000 142.781867 0.333169 0.000000 142.282114 
500000 2500.000000 0.578978 0.339821 0.000000 141.403224 0.325731 0.000000 140.914627 
501000 2505.000000 0.513250 0.305803 0.000000 141.323175 0.363784 0.000000 140.777498 
502000 2510.000000 0.332370 0.302430 0.000000 141.327567 1.013426 0.000000 139.807428 
503000 2515.000000 0.328259 0.496420 0.000000 142.868025 0.323405 0.000000 142.382918 
504000 2520.000000 -0.581418 1.382322 0.000000 143.271062 0.121951 0.000000 143.088136 
505000 2525.000000 0.096271 0.498574 0.000000 144.173808 0.792622 0.000000 142.984875 
506000 2530.000000 -0.224854 0.633279 0.000000 144.889764 5.418611 0.000000 136.761847 
507000 2535.000000 -0.291181 0.568538 0.000000 142.271137 0.032394 0.000000 142.222546 
508000 2540.000000 -0.174758 0.629099 0.000000 143.057194 1.552406 0.000000 140.728584 
509000 2545.000000 0.153168 0.449576 0.000000 144.046907 0.569598 0.000000 143.192510 
510000 2550.000000 0.207060 0.443356 0.000000 144.012726 0.621195 0.000000 143.080934 
511000 2555.000000 0.032597 0.506709 0.000000 144.175434 0.620668 0.000000 143.244432 
512000 2560.000000 0.153713 0.467496 0.000000 144.276693 0.611644 0.000000 143.359226 
513000 2565.000000 -0.105348 0.533191 0.000000 143.640879 0.432872 0.000000 142.991571 
514000 2570.000000 -0.068808 0.543454 0.000000 143.817174 0.502220 0.000000 143.063844 
515000 2575.000000 0.221598 0.449333 0.000000 143.883855 0.012057 0.000000 143.865770 
516000 2580.000000 0.886186 0.235169 0.000000 143.752507 0.962751 0.000000 142.308380 
517000 2585.000000 0.974073 0.005670 0.000000 145.848604 0.343757 0.000000 145.332969 
518000 2590.000000 0.949843 -0.016906 0.000000 145.378286 0.112083 0.000000 145.210162 
519000 2595.000000 0.943027 -0.013736 0.000000 145.508930 0.524745 0.000000 144.721813 
520000 2600.000000 0.922230 0.152547 0.000000 144.634754 1.356141 0.000000 142.600543 
521000 2605.000000 -0.029793 0.504983 0.000000 144.658823 1.420376 0.000000 142.528259 
522000 2610.000000 0.485632 0.425208 0.000000 142.417283 0.010169 0.000000 142.402030 
523000 2615.000000 0.225468 0.434525 0.000000 144.561239 1.148132 0.000000 142.839041 
524000 2620.000000 0.855401 0.315916 0.000000 144.582412 1.575965 0.000000 142.218464 
525000 2625.000000 0.781588 0.289002 0.000000 144.197818 1.190515 0.000000 142.412046 
526000 2630.000000 0.938079 0.062830 0.000000 145.881945 0.336107 0.000000 145.377785 
527000 2635.000000 0.864603 0.171589 0.000000 142.965340 0.419227 0.000000 142.336499 
528000 2640.000000 0.949402 0.183355 0.000000 143.431243 0.101122 0.000000 143.279560 
529000 2645.000000 0.153957 0.420672 0.000000 144.017764 0.111192 0.000000 143.850976 
530000 2650.000000 -0.019456 0.550310 0.000000 144.580971 0.792374 0.000000 143.392410 
531000 2655.000000 0.001877 0.616732 0.000000 142.854676 0.040895 0.000000 142.793334 
532000 2660.000000 -0.119071 0.585593 0.000000 143.773784 0.310424 0.000000 143.308148 
533000 2665.000000 0.335277 0.440537 0.000000 144.153442 0.484141 0.000000 143.427230 
534000 2670.000000 -0.103158 0.559597 0.000000 145.035665 2.118637 0.000000 141.857709 
535000 2675.000000 0.209760 0.405583 0.000000 144.071152 0.382176 0.000000 143.497888 
536000 2680.000000 0.256746 0.512458 0.000000 145.058987 1.852483 0.000000 142.280263 
537000 2685.000000 0.432772 0.483569 0.000000 142.739913 0.154271 0.000000 142.508506 
538000 2690.000000 -0.260392 0.621082 0.000000 143.437420 0.377626 0.000000 142.870982 
539000 2695.000000 0.526501 0.345958 0.000000 142.639121 0.152353 0.000000 142.410591 
540000 2700.000000 -0.197680 0.534763 0.000000 143.695967 0.011150 0.000000 143.679243 
541000 2705.000000 -0.195410 0.512481 0.000000 143.659991 0.228329 0.000000 143.317498 
542000 2710.000000 -1.063970 0.717851 0.000000 143.725865 0.627845 0.000000 142.784097 
543000 2715.000000 0.333758 0.469675 0.000000 144.254897 0.062245 0.000000 144.161529 
544000 2720.000000 0.259079 0.504419 0.000000 145.025904 0.982528 0.000000 143.552112 
545000 2725.000000 0.275519 0.494582 0.000000 144.648251 0.183838 0.000000 144.372493 
546000 2730.000000 -0.551478 0.690080 0.000000 143.410022 0.754841 0.000000 142.277761 
547000 2735.000000 0.256884 0.452104 0.000000 145.839124 2.058627 0.000000 142.751184 
548000 2740.000000 0.310355 0.391073 0.000000 144.951243 1.628142 0.000000 142.509031 
549000 2745.000000 0.253668 0.405412 0.000000 144.397465 0.135057 0.000000 144.194879 
550000 2750.000000 0.340613 0.497717 0.000000 144.030179 0.025127 0.000000 143.992489 
551000 2755.000000 0.917003 -0.004916 0.000000 148.015432 5.047091 0.000000 140.444796 
552000 2760.000000 0.929832 0.150210 0.000000 146.438344 2.527607 0.000000 142.646934 
553000 2765.000000 0.956208 0.092414 0.000000 146.281858 0.120011 0.000000 146.101841 
554000 2770.000000 0.877573 0.109359 0.000000 144.409309 1.011876 0.000000 142.891496 
555000 2775.000000 0.085980 0.455172 0.000000 145.229710 0.172421 0.000000 144.971079 
556000 2780.000000 0.048135 0.466985 0.000000 146.613176 2.862603 0.000000 142.319271 
557000 2785.000000 0.112501 0.503406 0.000000 145.584482 0.202837 0.000000 145.280227 
558000 2790.000000 0.240443 0.391188 0.000000 144.479029 0.324787 0.000000 143.991848 
559000 2795.000000 -0.075396 0.460019 0.000000 144.586922 0.476190 0.000000 143.872638 
560000 2800.000000 -0.884381 0.777835 0.000000 143.887515 0.100843 0.000000 143.736251 
561000 2805.000000 -1.003338 0.862584 0.000000 144.188223 0.822630 0.000000 142.954278 
562000 2810.000000 -0.436243 1.493499 0.000000 145.382223 2.143019 0.000000 142.167695 
563000 2815.000000 -1.149218 0.609582 0.000000 143.624513 1.100437 0.000000 141.973857 
564000 2820.000000 -0.728174 1.172900 0.000000 144.653338 0.724851 0.000000 143.566062 
565000 2825.000000 -0.504417 1.441228 0.000000 145.367699 0.451585 0.000000 144.690322 
566000 2830.000000 -0.089274 0.547742 0.000000 145.830042 1.331125 0.000000 143.833354 
567000 2835.000000 1.001362 -0.035468 0.000000 146.285276 0.535467 0.000000 145.482076 
568000 2840.000000 1.000781 -0.000457 0.000000 147.266518 1.378304 0.000000 145.199063 
569000 2845.000000 0.961145 -0.013188 0.000000 147.358880 0.156417 0.000000 147.124255 
570000 2850.000000 1.009232 0.029440 0.000000 147.688916 3.108444 0.000000 143.026250 
571000 2855.000000 0.960215 -0.044690 0.000000 147.668454 2.286555 0.000000 144.238621 
572000 2860.000000 0.842465 0.279302 0.000000 146.570170 1.764028 0.000000 143.924129 
573000 2865.000000 0.980593 0.066522 0.000000 147.854249 1.616028 0.000000 145.430207 
574000 2870.000000 0.211837 0.471333 0.000000 146.036032 0.219825 0.000000 145.706295 
575000 2875.000000 0.209512 0.513410 0.000000 147.321576 3.207116 0.000000 142.510902 
576000 2880.000000 0.934151 0.108700 0.000000 147.149572 1.016823 0.000000 145.624337 
577000 2885.000000 0.286386 0.443991 0.000000 146.172535 1.196314 0.000000 144.378064 
578000 2890.000000 0.957165 -0.043025 0.000000 147.712665 1.979489 0.000000 144.743432 
579000 2895.000000 0.933452 0.071282 0.000000 147.697060 0.887594 0.000000 146.365670 
580000 2900.000000 0.959039 0.062826 0.000000 147.703956 0.080790 0.000000 147.582771 
581000 2905.000000 0.973145 -0.015910 0.000000 148.057422 1.020200 0.000000 146.527122 
582000 2910.000000 0.493007 0.324741 0.000000 144.448217 0.691412 0.000000 143.411099 
583000 2915.000000 0.200632 0.542945 0.000000 146.449747 1.733854 0.000000 143.848965 
584000 2920.000000 0.163557 0.497702 0.000000 147.311088 1.861472 0.000000 144.518879 
585000 2925.000000 0.010937 0.491207 0.000000 147.126065 1.686948 0.000000 144.595643 
586000 2930.000000 0.136660 0.577749 0.000000 145.335615 0.249684 0.000000 144.961088 
587000 2935.000000 0.974497 0.094607 0.000000 147.093963 0.235343 0.000000 146.740949 
588000 2940.000000 0.944574 0.028637 0.000000 148.146558 0.072631 0.000000 148.037611 
589000 2945.000000 0.259310 0.491814 0.000000 146.510454 0.676692 0.000000 145.495416 
590000 2950.000000 0.668384 0.269564 0.000000 144.261838 0.018176 0.000000 144.234574 
591000 2955.000000 0.139460 0.402190 0.000000 146.793007 2.600276 0.000000 142.892594 
592000 2960.000000 0.166865 0.442051 0.000000 146.644462 0.567886 0.000000 145.792633 
593000 2965.000000 0.262013 0.324947 0.000000 145.701026 2.797632 0.000000 141.504578 
594000 2970.000000 0.080100 0.450723 0.000000 146.624814 0.639046 0.000000 145.666245 
595000 2975.000000 0.425571 0.468877 0.000000 145.098659 0.469681 0.000000 144.394137 
596000 2980.000000 0.376749 0.474133 0.000000 145.492925 0.159890 0.000000 145.253090 
597000 2985.000000 0.117471 0.465215 0.000000 147.393037 1.429370 0.000000 145.248982 
598000 2990.000000 0.278926 0.560664 0.000000 144.756815 0.109714 0.000000 144.592245 
599000 2995.000000 0.498752 0.349760 0.000000 145.111046 0.615529 0.000000 144.187754 
600000 3000.000000 0.811356 0.239666 0.000000 145.499979 0.244200 0.000000 145.133680 
601000 3005.000000 1.034706 0.004687 0.000000 145.263428 0.033970 0.000000 145.212473 
602000 3010.000000 0.942692 0.184579 0.000000 147.756627 3.297890 0.000000 142.809792 
603000 3015.000000 0.113802 0.465077 0.000000 147.072073 0.390512 0.000000 146.486305 
604000 3020.000000 0.018873 0.416851 0.000000 146.918527 2.777484 0.000000 142.752300 
605000 3025.000000 0.318786 0.492231 0.000000 146.240109 0.274827 0.000000 145.827869 
606000 3030.000000 -0.224261 0.441928 0.000000 143.976352 0.247491 0.000000 143.605115 
607000 3035.000000 0.950512 0.013881 0.000000 149.669746 1.788179 0.000000 146.987478 
608000 3040.000000 0.072128 0.527984 0.000000 147.899018 1.762224 0.000000 145.255682 
609000 3045.000000 -0.891244 1.041290 0.000000 145.021815 0.112226 0.000000 144.853477 
610000 3050.000000 -0.456061 1.546592 0.000000 146.883553 0.184716 0.000000 146.606479 
611000 3055.000000 -0.650973 1.433335 0.000000 146.732875 1.167025 0.000000 144.982336 
612000 3060.000000 -0.621551 1.382558 0.000000 147.269247 0.367580 0.000000 146.717878 
613000 3065.000000 -0.570043 1.315822 0.000000 146.137470 0.198104 0.000000 145.840313 
614000 3070.000000 -0.436925 0.663510 0.000000 145.697254 0.200343 0.000000 145.396740 
615000 3075.000000 0.583861 0.405336 0.000000 144.921169 0.467119 0.000000 144.220491 
616000 3080.000000 0.193731 0.474014 0.000000 147.886840 1.139121 0.000000 146.178159 
617000 3085.000000 -0.086336 0.457589 0.000000 146.192833 0.193728 0.000000 145.902241 
618000 3090.000000 0.969321 -0.004432 0.000000 149.041775 0.011975 0.000000 149.023812 
619000 3095.000000 0.964323 0.038596 0.000000 149.915712 1.403013 0.000000 147.811192 
620000 3100.000000 0.966367 0.004393 0.000000 149.221053 0.197743 0.000000 148.924437 
621000 3105.000000 0.990782 -0.041572 0.000000 148.874299 1.811519 0.000000 146.157020 
622000 3110.000000 0.936586 0.072119 0.000000 148.970854 0.473338 0.000000 148.260847 
623000 3115.000000 0.970376 0.111478 0.000000 148.970492 2.418171 0.000000 145.343236 
624000 3120.000000 -0.081655 0.428628 0.000000 145.655544 0.131590 0.000000 145.458158 
625000 3125.000000 0.472268 0.383509 0.000000 146.446616 0.908167 0.000000 145.084366 
626000 3130.000000 0.188138 0.462739 0.000000 147.645765 0.141260 0.000000 147.433875 
627000 3135.000000 0.013670 0.520628 0.000000 148.182793 1.141319 0.000000 146.470815 
628000 3140.000000 0.001144 0.516031 0.000000 148.543774 1.871278 0.000000 145.736857 
629000 3145.000000 -0.487113 1.513763 0.000000 147.875815 0.501282 0.000000 147.123893 
630000 3150.000000 -0.773822 1.026470 0.000000 146.743760 1.869522 0.000000 143.939477 
631000 3155.000000 -0.669912 1.327206 0.000000 148.206973 1.683669 0.000000 145.681469 
632000 3160.000000 -1.128881 0.756457 0.000000 147.483077 3.870664 0.000000 141.677080 
633000 3165.000000 -0.605863 1.430744 0.000000 148.037426 0.669349 0.000000 147.033403 
634000 3170.000000 -0.525208 1.519207 0.000000 147.850390 0.213785 0.000000 147.529712 
635000 3175.000000 -0.630279 1.247508 0.000000 146.959383 0.696144 0.000000 145.915167 
636000 3180.000000 -0.604791 1.483997 0.000000 147.582725 0.903504 0.000000 146.227468 
637000 3185.000000 -0.941089 0.774967 0.000000 146.961424 0.506718 0.000000 146.201347 
638000 3190.000000 -0.624995 1.505732 0.000000 147.742421 3.016015 0.000000 143.218398 
639000 3195.000000 -1.262596 1.648567 0.000000 141.298780 0.060006 0.000000 141.208771 
640000 3200.000000 -1.439439 1.598641 0.000000 141.474342 0.409194 0.000000 140.860551 
641000 3205.000000 -0.955508 1.995167 0.000000 139.792901 0.091945 0.000000 139.654983 
642000 3210.000000 -0.583664 1.224055 0.000000 145.974917 1.217330 0.000000 144.148922 
643000 3215.000000 -0.615738 1.262424 0.000000 146.942416 0.129986 0.000000 146.747436 
644000 3220.000000 -0.363586 1.783418 0.000000 145.110954 0.313314 0.000000 144.640983 
645000 3225.000000 -0.582886 1.340404 0.000000 147.883086 0.436828 0.000000 147.227843 
646000 3230.000000 -0.538736 1.480641 0.000000 148.369155 0.246088 0.000000 148.000023 
647000 3235.000000 -0.574459 1.322197 0.000000 149.451092 4.418649 0.000000 142.823119 
648000 3240.000000 -0.552907 1.448379 0.000000 148.355202 0.025226 0.000000 148.317364 
649000 3245.000000 -0.863884 1.020776 0.000000 146.742374 0.349001 0.000000 146.218872 
650000 3250.000000 -0.896299 0.644712 0.000000 147.161577 1.023423 0.000000 145.626443 
651000 3255.000000 0.187931 0.563982 0.000000 148.321146 2.197429 0.000000 145.025003 
652000 3260.000000 0.028380 0.560567 0.000000 148.378421 0.632581 0.000000 147.429550 
653000 3265.000000 0.239148 0.465314 0.000000 148.608391 0.624409 0.000000 147.671777 
654000 3270.000000 -0.660085 0.637330 0.000000 146.592544 0.177809 0.000000 146.325830 
655000 3275.000000 -0.821460 0.765233 0.000000 146.728162 0.175336 0.000000 146.465158 
656000 3280.000000 0.308961 0.409593 0.000000 148.118634 0.679148 0.000000 147.099912 
657000 3285.000000 -0.376263 0.681307 0.000000 147.175909 0.754334 0.000000 146.044408 
658000 3290.000000 -0.987498 0.789420 0.000000 147.700955 0.652455 0.000000 146.722273 
659000 3295.000000 0.404680 0.397632 0.000000 148.364678 1.824370 0.000000 145.628123 
660000 3300.000000 0.983381 -0.075853 0.000000 148.939733 1.157701 0.000000 147.203180 
661000 3305.000000 0.260325 0.463615 0.000000 148.550909 0.107828 0.000000 148.389168 
662000 3310.000000 -0.173081 0.567864 0.000000 148.383183 0.844832 0.000000 147.115934 
663000 3315.000000 0.919762 0.079829 0.000000 150.414070 1.804061 0.000000 147.707979 
664000 3320.000000 0.962701 0.107661 0.000000 150.041385 1.304928 0.000000 148.083993 
665000 3325.000000 0.125709 0.494115 0.000000 149.610116 1.283692 0.000000 147.684578 
666000 3330.000000 0.962417 0.126551 0.000000 149.957508 2.055856 0.000000 146.873725 
667000 3335.000000 0.967156 0.016556 0.000000 150.908039 0.326793 0.000000 150.417850 
668000 3340.000000 0.986615 -0.004937 0.000000 150.700695 0.841262 0.000000 149.438802 
669000 3345.000000 0.961248 0.006728 0.000000 150.888202 0.371022 0.000000 150.331669 
670000 3350.000000 0.906736 0.035499 0.000000 150.057983 1.643934 0.000000 147.592082 
671000 3355.000000 0.950988 0.052415 0.000000 151.398393 1.498458 0.000000 149.150705 
672000 3360.000000 0.937914 0.295889 0.000000 147.102473 0.297499 0.000000 146.656224 
673000 3365.000000 0.961243 -0.044167 0.000000 149.927685 0.115059 0.000000 149.755097 
674000 3370.000000 0.959098 0.066269 0.000000 150.644022 0.028687 0.000000 150.600992 
675000 3375.000000 0.932368 0.085832 0.000000 150.983372 1.814556 0.000000 148.261539 
676000 3380.000000 0.899480 0.088866 0.000000 149.502352 1.181392 0.000000 147.730264 
677000 3385.000000 0.948523 0.016621 0.000000 151.172571 0.595024 0.000000 150.280036 
678000 3390.000000 0.910387 0.019066 0.000000 149.618694 0.292229 0.000000 149.180351 
679000 3395.000000 0.992016 0.094518 0.000000 149.128044 0.056793 0.000000 149.042854 
680000 3400.000000 0.972405 -0.033873 0.000000 150.351133 0.071980 0.000000 150.243164 
681000 3405.000000 0.958470 0.105363 0.000000 149.913073 0.075300 0.000000 149.800123 
682000 3410.000000 0.940222 -0.083483 0.000000 148.545375 0.756474 0.000000 147.410665 
683000 3415.000000 0.949668 0.010235 0.000000 151.936737 1.929173 0.000000 149.042979 
684000 3420.000000 0.910755 0.324386 0.000000 147.770637 0.002403 0.000000 147.767032 
685000 3425.000000 0.171495 0.427205 0.000000 149.446861 0.734225 0.000000 148.345524 
686000 3430.000000 0.373706 0.349361 0.000000 148.145416 0.436680 0.000000 147.490396 
687000 3435.000000 0.104988 0.467172 0.000000 149.852444 0.617424 0.000000 148.926308 
688000 3440.000000 -0.416520 0.615283 0.000000 147.926202 0.331671 0.000000 147.428694 
689000 3445.000000 0.937532 0.027431 0.000000 150.987268 0.056176 0.000000 150.903004 
690000 3450.000000 0.956057 0.067536 0.000000 151.934216 2.023930 0.000000 148.898321 
691000 3455.000000 0.198022 0.388374 0.000000 148.438926 0.049390 0.000000 148.364841 
692000 3460.000000 0.947800 0.042456 0.000000 151.198327 0.002713 0.000000 151.194257 
693000 3465.000000 0.939845 0.088702 0.000000 151.170898 1.265021 0.000000 149.273367 
694000 3470.000000 0.827498 0.117964 0.000000 145.684007 0.386171 0.000000 145.104751 
695000 3475.000000 0.843668 0.287381 0.000000 149.663347 0.230102 0.000000 149.318194 
696000 3480.000000 0.833470 0.249246 0.000000 154.296820 10.938953 0.000000 137.888390 
697000 3485.000000 0.717264 0.317815 0.000000 149.270365 0.534599 0.000000 148.468467 
698000 3490.000000 1.006461 0.067690 0.000000 149.636381 0.019443 0.000000 149.607216 
699000 3495.000000 0.916776 -0.016792 0.000000 150.021280 0.291088 0.000000 149.584648 
700000 3500.000000 0.906250 -0.016653 0.000000 149.721400 0.955421 0.000000 148.288269 
701000 3505.000000 -0.467089 0.557371 0.000000 148.564635 2.465139 0.000000 144.866926 
702000 3510.000000 -0.141140 0.675112 0.000000 150.706383 6.206851 0.000000 141.396106 
703000 3515.000000 -0.581555 1.433808 0.000000 150.463663 0.623860 0.000000 149.527872 
704000 3520.000000 -1.004234 0.638696 0.000000 149.594824 2.328605 0.000000 146.101916 
705000 3525.000000 0.148347 0.491011 0.000000 150.328458 0.146803 0.000000 150.108254 
706000 3530.000000 -0.655113 1.292585 0.000000 150.563996 1.707221 0.000000 148.003165 
707000 3535.000000 -0.478276 1.460983 0.000000 150.379253 1.579104 0.000000 148.010596 
708000 3540.000000 -0.602060 1.260839 0.000000 149.264139 1.169015 0.000000 147.510616 
709000 3545.000000 -0.138591 0.626891 0.000000 149.072234 0.381206 0.000000 148.500424 
710000 3550.000000 0.847133 0.268551 0.000000 150.778399 2.123724 0.000000 147.592813 
711000 3555.000000 0.990421 0.000028 0.000000 151.467453 0.029326 0.000000 151.423464 
712000 3560.000000 0.806616 0.317566 0.000000 150.094241 0.387384 0.000000 149.513165 
713000 3565.000000 1.018341 0.058716 0.000000 149.410216 0.022471 0.000000 149.376510 
714000 3570.000000 0.935732 0.075287 0.000000 152.137136 1.472484 0.000000 149.928409 
715000 3575.000000 0.838934 0.186429 0.000000 149.148664 2.215898 0.000000 145.824817 
716000 3580.000000 1.000470 0.016683 0.000000 151.463934 0.580540 0.000000 150.593124 
717000 3585.000000 -0.005536 0.543768 0.000000 150.672594 0.415646 0.000000 150.049125 
718000 3590.000000 -0.315748 0.498565 0.000000 148.432643 0.840483 0.000000 147.171917 
719000 3595.000000 -0.088032 0.601575 0.000000 149.874073 0.537072 0.000000 149.068465 
720000 3600.000000 0.029641 0.421029 0.000000 150.631130 2.354771 0.000000 147.098974 
721000 3605.000000 -0.272237 0.637378 0.000000 149.999473 1.912828 0.000000 147.130231 
722000 3610.000000 -0.360600 0.583367 0.000000 149.080619 0.257071 0.000000 148.695013 
723000 3615.000000 0.109261 0.421113 0.000000 150.121520 0.248199 0.000000 149.749222 
724000 3620.000000 -0.228236 0.530983 0.000000 150.358716 1.685729 0.000000 147.830122 
725000 3625.000000 -0.091079 0.532376 0.000000 150.482985 0.012113 0.000000 150.464815 
726000 3630.000000 0.974661 0.078797 0.000000 151.756928 0.303229 0.000000 151.302084 
727000 3635.000000 0.993849 0.046243 0.000000 151.702061 0.223725 0.000000 151.366473 
728000 3640.000000 0.976016 0.014841 0.000000 154.073909 3.467525 0.000000 148.872621 
729000 3645.000000 0.940340 0.119708 0.000000 152.167083 1.923093 0.000000 149.282444 
730000 3650.000000 -0.093297 0.449947 0.000000 149.530330 0.069408 0.000000 149.426219 
731000 3655.000000 -0.494751 0.589551 0.000000 149.749153 2.543604 0.000000 145.933748 
732000 3660.000000 0.161907 0.496847 0.000000 151.336171 0.572690 0.000000 150.477135 
733000 3665.000000 -0.769335 0.615059 0.000000 149.262496 1.284201 0.000000 147.336195 
734000 3670.000000 -0.812569 0.930041 0.000000 150.439297 2.740641 0.000000 146.328336 
735000 3675.000000 -1.142708 0.750946 0.000000 149.386918 1.415195 0.000000 147.264126 
736000 3680.000000 -0.576940 0.652643 0.000000 149.578635 0.845355 0.000000 148.310602 
737000 3685.000000 -0.719137 1.080735 0.000000 149.798866 1.627783 0.000000 147.357192 
738000 3690.000000 -0.364178 0.590756 0.000000 149.653203 0.482686 0.000000 148.929174 
739000 3695.000000 -0.098749 0.558535 0.000000 150.794516 0.015019 0.000000 150.771987 
740000 3700.000000 0.048528 0.489683 0.000000 151.296723 0.015354 0.000000 151.273693 
741000 3705.000000 0.246374 0.523548 0.000000 150.689856 0.244709 0.000000 150.322793 
742000 3710.000000 -0.834503 0.736695 0.000000 150.439070 1.626361 0.000000 147.999529 
743000 3715.000000 -0.055667 0.568116 0.000000 152.260294 2.736866 0.000000 148.154995 
744000 3720.000000 0.248694 0.545543 0.000000 150.754162 1.220837 0.000000 148.922906 
745000 3725.000000 -0.063258 0.573708 0.000000 152.020119 2.392793 0.000000 148.430929 
746000 3730.000000 0.120867 0.497729 0.000000 151.862914 0.747321 0.000000 150.741933 
747000 3735.000000 0.508703 0.313231 0.000000 149.843382 1.430991 0.000000 147.696896 
748000 3740.000000 0.321845 0.388218 0.000000 150.600478 0.453283 0.000000 149.920553 
749000 3745.000000 0.863218 0.322415 0.000000 152.345554 3.259968 0.000000 147.455602 
750000 3750.000000 0.011181 0.502875 0.000000 151.517749 0.003249 0.000000 151.512875 
751000 3755.000000 0.962566 0.101401 0.000000 152.973323 1.772410 0.000000 150.314708 
752000 3760.000000 0.765370 0.273431 0.000000 151.033428 1.489942 0.000000 148.798515 
753000 3765.000000 0.738014 0.295676 0.000000 150.828503 0.484387 0.000000 150.101922 
754000 3770.000000 0.921378 0.088700 0.000000 152.607411 0.857705 0.000000 151.320853 
755000 3775.000000 0.967276 0.047007 0.000000 154.393182 2.317353 0.000000 150.917153 
756000 3780.000000 0.990544 0.013580 0.000000 153.271490 0.816013 0.000000 152.047470 
757000 3785.000000 0.985374 0.036663 0.000000 153.314453 0.734558 0.000000 152.212616 
758000 3790.000000 -0.244852 0.569870 0.000000 151.819971 2.418335 0.000000 148.192469 
759000 3795.000000 0.448327 0.466042 0.000000 150.080593 0.408436 0.000000 149.467940 
760000 3800.000000 0.930920 0.060221 0.000000 153.360434 0.981228 0.000000 151.888592 
761000 3805.000000 0.504591 0.279243 0.000000 149.673460 0.830231 0.000000 148.428113 
762000 3810.000000 0.733442 0.278038 0.000000 150.872278 1.211243 0.000000 149.055415 
763000 3815.000000 0.979028 0.138938 0.000000 151.722871 1.620835 0.000000 149.291619 
764000 3820.000000 0.928454 0.035135 0.000000 153.164193 0.395866 0.000000 152.570394 
765000 3825.000000 1.024711 0.093862 0.000000 149.886794 1.012740 0.000000 148.367683 
766000 3830.000000 1.014333 0.055791 0.000000 151.358786 0.049054 0.000000 151.285205 
767000 3835.000000 0.846829 0.292172 0.000000 152.133462 0.874735 0.000000 150.821360 
768000 3840.000000 0.809370 0.291618 0.000000 151.969636 0.916770 0.000000 150.594480 
769000 3845.000000 0.746792 0.288519 0.000000 151.105048 0.410568 0.000000 150.489197 
770000 3850.000000 0.926402 0.071167 0.000000 153.882660 1.829356 0.000000 151.138625 
771000 3855.000000 0.782806 0.296102 0.000000 151.412591 0.093590 0.000000 151.272206 
772000 3860.000000 1.026823 0.092367 0.000000 149.557828 0.095898 0.000000 149.413981 
773000 3865.000000 0.914767 0.111414 0.000000 152.711320 0.776660 0.000000 151.546329 
774000 3870.000000 0.975391 0.020508 0.000000 154.617726 1.670040 0.000000 152.112666 
775000 3875.000000 0.902488 -0.053987 0.000000 150.423295 0.472233 0.000000 149.714945 
776000 3880.000000 0.909810 0.090391 0.000000 152.902980 1.058415 0.000000 151.315358 
777000 3885.000000 0.997629 -0.051251 0.000000 152.748441 0.769498 0.000000 151.594194 
778000 3890.000000 0.931528 -0.066294 0.000000 151.527877 0.101538 0.000000 151.375570 
779000 3895.000000 0.989073 -0.036643 0.000000 154.309049 2.646630 0.000000 150.339104 
780000 3900.000000 0.977160 -0.024270 0.000000 154.739577 2.482345 0.000000 151.016060 
781000 3905.000000 0.913634 0.004757 0.000000 152.805927 0.625252 0.000000 151.868048 
782000 3910.000000 0.314638 0.581080 0.000000 149.677836 0.626696 0.000000 148.737792 
783000 3915.000000 -0.037207 0.550363 0.000000 152.890899 0.973040 0.000000 151.431339 
784000 3920.000000 0.327393 0.427526 0.000000 152.425983 0.952245 0.000000 150.997616 
785000 3925.000000 0.066223 0.519408 0.000000 152.740948 0.113121 0.000000 152.571267 
786000 3930.000000 0.183682 0.425625 0.000000 153.137248 1.678295 0.000000 150.619805 
787000 3935.000000 0.702485 0.257278 0.000000 150.412162 1.101522 0.000000 148.759878 
788000 3940.000000 0.986424 -0.020556 0.000000 154.087031 0.857798 0.000000 152.800333 
789000 3945.000000 0.857148 0.300646 0.000000 152.186834 0.097564 0.000000 152.040487 
790000 3950.000000 0.968752 -0.048496 0.000000 153.524622 0.520919 0.000000 152.743243 
791000 3955.000000 0.787309 0.391179 0.000000 149.996793 0.619220 0.000000 149.067963 
792000 3960.000000 -0.250507 0.616481 0.000000 151.846287 0.720136 0.000000 150.766083 
793000 3965.000000 0.380198 0.265983 0.000000 150.125348 0.604076 0.000000 149.219235 
794000 3970.000000 0.988748 -0.021737 0.000000 153.736089 0.042126 0.000000 153.672899 
795000 3975.000000 -0.164782 0.618126 0.000000 151.721049 0.037119 0.000000 151.665371 
796000 3980.000000 -0.336410 0.650983 0.000000 151.392575 0.817547 0.000000 150.166254 
797000 3985.000000 0.921766 0.191823 0.000000 152.363892 0.225815 0.000000 152.025170 
798000 3990.000000 0.942894 0.052192 0.000000 154.321163 0.060789 0.000000 154.229980 
799000 3995.000000 0.949877 -0.007538 0.000000 154.367229 0.274718 0.000000 153.955152 
800000 4000.000000 0.962300 0.038844 0.000000 154.525680 0.014665 0.000000 154.503683 
801000 4005.000000 0.961599 0.132622 0.000000 153.847650 2.003813 0.000000 150.841930 
802000 4010.000000 0.913702 0.304560 0.000000 151.793510 0.357777 0.000000 151.256844 
803000 4015.000000 0.710359 0.322668 0.000000 152.042600 0.202086 0.000000 151.739472 
804000 4020.000000 -0.635479 0.676742 0.000000 152.006219 1.271837 0.000000 150.098464 
805000 4025.000000 -0.996893 0.724277 0.000000 152.567541 0.745467 0.000000 151.449340 
806000 4030.000000 -0.717796 1.370633 0.000000 151.922412 0.467666 0.000000 151.220914 
807000 4035.000000 -0.693773 1.246107 0.000000 153.361478 1.295054 0.000000 151.418897 
808000 4040.000000 -0.738207 0.897330 0.000000 151.029604 1.731097 0.000000 148.432958 
809000 4045.000000 -0.701728 1.124007 0.000000 151.743873 0.332835 0.000000 151.244620 
810000 4050.000000 -0.554731 1.469686 0.000000 153.668931 0.086840 0.000000 153.538672 
811000 4055.000000 -0.511603 1.409358 0.000000 153.948626 2.111977 0.000000 150.780660 
812000 4060.000000 -0.451957 1.533707 0.000000 153.237095 0.110057 0.000000 153.072009 
813000 4065.000000 -0.655738 1.461146 0.000000 152.399258 0.877836 0.000000 151.082504 
814000 4070.000000 -0.644295 1.340834 0.000000 153.884893 0.956279 0.000000 152.450475 
815000 4075.000000 -0.681799 1.348155 0.000000 153.264353 0.519863 0.000000 152.484558 
816000 4080.000000 -0.813118 1.135451 0.000000 152.298625 0.436770 0.000000 151.643470 
817000 4085.000000 -0.825118 0.896412 0.000000 151.780942 0.225690 0.000000 151.442406 
818000 4090.000000 -1.018859 0.885692 0.000000 152.923078 2.565727 0.000000 149.074487 
819000 4095.000000 -0.661140 1.397026 0.000000 154.095137 2.105671 0.000000 150.936630 
820000 4100.000000 -0.476266 1.703413 0.000000 151.549496 0.739791 0.000000 150.439809 
821000 4105.000000 -0.685176 1.186646 0.000000 152.956767 0.950560 0.000000 151.530927 
822000 4110.000000 -0.819874 1.143536 0.000000 152.130477 0.068362 0.000000 152.027933 
823000 4115.000000 -0.575136 1.383754 0.000000 153.993867 0.486619 0.000000 153.263938 
824000 4120.000000 -0.824200 1.047221 0.000000 153.120712 1.866136 0.000000 150.321509 
825000 4125.000000 -0.688775 1.274857 0.000000 153.322194 0.003090 0.000000 153.317560 
826000 4130.000000 -0.899599 1.090861 0.000000 151.373144 0.472012 0.000000 150.665126 
827000 4135.000000 -1.055978 0.667203 0.000000 152.807450 0.583796 0.000000 151.931756 
828000 4140.000000 -0.488454 0.580796 0.000000 151.267157 0.078993 0.000000 151.148668 
829000 4145.000000 0.051311 0.415252 0.000000 153.246513 0.783761 0.000000 152.070872 
830000 4150.000000 0.047730 0.525646 0.000000 154.846925 1.589748 0.000000 152.462303 
831000 4155.000000 -0.031593 0.505288 0.000000 153.948989 0.124923 0.000000 153.761605 
832000 4160.000000 0.541210 0.338508 0.000000 152.269897 0.535792 0.000000 151.466210 
833000 4165.000000 -1.055546 0.742341 0.000000 153.134852 0.855911 0.000000 151.850986 
834000 4170.000000 -0.359529 1.595290 0.000000 153.032730 1.563543 0.000000 150.687414 
835000 4175.000000 -0.543494 1.254137 0.000000 151.317122 0.717022 0.000000 150.241588 
836000 4180.000000 -0.508705 1.616721 0.000000 153.108026 0.405580 0.000000 152.499657 
837000 4185.000000 -0.632210 1.510367 0.000000 152.275534 0.073991 0.000000 152.164547 
838000 4190.000000 -0.451323 0.746448 0.000000 151.543917 0.126144 0.000000 151.354701 
839000 4195.000000 -0.229080 0.641585 0.000000 152.579342 0.108556 0.000000 152.416509 
840000 4200.000000 -0.057604 0.604629 0.000000 153.767419 1.122895 0.000000 152.083076 
841000 4205.000000 -0.162846 0.544645 0.000000 153.796409 0.352107 0.000000 153.268248 
842000 4210.000000 0.172562 0.468162 0.000000 155.587848 2.321674 0.000000 152.105337 
843000 4215.000000 0.059670 0.520777 0.000000 155.219217 1.583896 0.000000 152.843372 
844000 4220.000000 0.871792 0.288543 0.000000 154.220122 0.623749 0.000000 153.284498 
845000 4225.000000 -0.054489 0.582297 0.000000 154.325661 1.032269 0.000000 152.777258 
846000 4230.000000 0.021224 0.411066 0.000000 153.126502 0.214602 0.000000 152.804599 
847000 4235.000000 0.322844 0.585644 0.000000 152.939655 3.900533 0.000000 147.088856 
848000 4240.000000 0.208990 0.475587 0.000000 154.622962 0.159490 0.000000 154.383727 
849000 4245.000000 0.035471 0.521737 0.000000 155.147968 1.150652 0.000000 153.421990 
850000 4250.000000 0.471636 0.330503 0.000000 153.381823 1.584902 0.000000 151.004470 
851000 4255.000000 0.990296 0.023259 0.000000 156.243693 1.410345 0.000000 154.128175 
852000 4260.000000 0.945996 0.182539 0.000000 154.019474 0.531743 0.000000 153.221859 
853000 4265.000000 0.979589 0.062297 0.000000 155.765177 0.554149 0.000000 154.933955 
854000 4270.000000 0.798805 0.340885 0.000000 154.030921 0.333025 0.000000 153.531384 
855000 4275.000000 0.821955 0.240754 0.000000 155.419051 3.961176 0.000000 149.477287 
856000 4280.000000 0.882590 0.099760 0.000000 154.048112 1.134744 0.000000 152.345995 
857000 4285.000000 0.565537 0.291364 0.000000 152.483855 0.296367 0.000000 152.039304 
858000 4290.000000 -0.561332 0.798919 0.000000 151.430654 0.842975 0.000000 150.166192 
859000 4295.000000 -0.956088 0.850667 0.000000 153.518099 0.019588 0.000000 153.488717 
860000 4300.000000 -0.582720 0.791717 0.000000 151.901207 1.292938 0.000000 149.961799 
861000 4305.000000 0.344807 0.457971 0.000000 154.729289 0.965389 0.000000 153.281206 
862000 4310.000000 -1.115333 0.894491 0.000000 150.500462 0.547515 0.000000 149.679190 
863000 4315.000000 0.041442 0.426676 0.000000 154.292731 0.483366 0.000000 153.567682 
864000 4320.000000 0.159694 0.457566 0.000000 155.226811 0.464963 0.000000 154.529366 
865000 4325.000000 -0.177516 0.459651 0.000000 154.446404 3.030555 0.000000 149.900571 
866000 4330.000000 0.128425 0.444618 0.000000 155.321862 0.963675 0.000000 153.876349 
867000 4335.000000 0.491219 0.291097 0.000000 152.806270 0.860021 0.000000 151.516239 
868000 4340.000000 -0.616425 1.282019 0.000000 154.526139 0.482063 0.000000 153.803045 
869000 4345.000000 -0.468035 1.516858 0.000000 155.617589 1.375920 0.000000 153.553710 
870000 4350.000000 -0.562873 1.505644 0.000000 155.649358 1.494418 0.000000 153.407731 
871000 4355.000000 -0.519537 1.570560 0.000000 154.708963 0.230307 0.000000 154.363503 
872000 4360.000000 -0.154044 0.758053 0.000000 151.423291 1.674509 0.000000 148.911528 
873000 4365.000000 0.944639 0.058147 0.000000 156.876539 0.953950 0.000000 155.445615 
874000 4370.000000 0.456313 0.339874 0.000000 153.972617 1.067724 0.000000 152.371031 
875000 4375.000000 0.948845 0.027275 0.000000 157.193388 1.128324 0.000000 155.500902 
876000 4380.000000 0.909557 0.019975 0.000000 155.390470 0.424225 0.000000 154.754132 
877000 4385.000000 0.943556 0.007038 0.000000 156.701891 0.432998 0.000000 156.052394 
878000 4390.000000 0.921653 0.187598 0.000000 155.058685 0.840383 0.000000 153.798111 
879000 4395.000000 0.892741 0.227689 0.000000 155.549239 2.457352 0.000000 151.863211 
880000 4400.000000 0.929134 0.082797 0.000000 156.290190 0.419371 0.000000 155.661133 
881000 4405.000000 0.927925 0.167965 0.000000 156.097292 1.985856 0.000000 153.118508 
882000 4410.000000 0.362224 0.456214 0.000000 155.028623 0.698050 0.000000 153.981548 
883000 4415.000000 0.898330 0.255739 0.000000 156.024021 3.226121 0.000000 151.184840 
884000 4420.000000 0.959901 -0.103538 0.000000 154.246976 0.301490 0.000000 153.794741 
885000 4425.000000 0.977490 0.004671 0.000000 157.033656 0.428756 0.000000 156.390522 
886000 4430.000000 0.942517 0.065742 0.000000 157.498012 1.747170 0.000000 154.877257 
887000 4435.000000 0.996895 -0.017734 0.000000 156.560828 0.855731 0.000000 155.277232 
888000 4440.000000 0.934248 0.037860 0.000000 157.102400 0.939234 0.000000 155.693549 
889000 4445.000000 0.977371 0.052892 0.000000 156.790197 0.264871 0.000000 156.392890 
890000 4450.000000 0.966470 0.024319 0.000000 157.603241 1.106577 0.000000 155.943375 
891000 4455.000000 -0.079275 0.591596 0.000000 156.234153 2.726357 0.000000 152.144617 
892000 4460.000000 0.978996 0.069132 0.000000 156.549944 0.278276 0.000000 156.132531 
893000 4465.000000 0.407805 0.486105 0.000000 154.159948 0.090650 0.000000 154.023973 
894000 4470.000000 0.128835 0.443028 0.000000 155.678078 0.231212 0.000000 155.331261 
895000 4475.000000 -0.111780 0.442554 0.000000 153.994310 0.128159 0.000000 153.802071 
896000 4480.000000 0.446001 0.273669 0.000000 153.282057 1.033685 0.000000 151.731530 
897000 4485.000000 0.913650 0.110523 0.000000 156.601481 1.481630 0.000000 154.379036 
898000 4490.000000 0.961845 -0.007456 0.000000 157.535970 0.845863 0.000000 156.267175 
899000 4495.000000 0.327816 0.465635 0.000000 155.635523 0.616225 0.000000 154.711185 
900000 4500.000000 0.170514 0.433877 0.000000 156.661916 1.998754 0.000000 153.663786 
901000 4505.000000 0.019379 0.560075 0.000000 156.150812 0.961768 0.000000 154.708159 
902000 4510.000000 0.104423 0.512063 0.000000 156.527058 0.987274 0.000000 155.046147 
903000 4515.000000 0.362367 0.450722 0.000000 156.178746 2.094842 0.000000 153.036483 
904000 4520.000000 0.849277 0.207525 0.000000 154.319202 0.206885 0.000000 154.008874 
905000 4525.000000 0.353821 0.414354 0.000000 156.075792 1.772246 0.000000 153.417423 
906000 4530.000000 0.117921 0.420497 0.000000 155.779423 0.644154 0.000000 154.813192 
907000 4535.000000 0.052907 0.474801 0.000000 156.566297 1.007695 0.000000 155.054755 
908000 4540.000000 0.164093 0.534358 0.000000 156.202991 0.871951 0.000000 154.895065 
909000 4545.000000 -0.349414 0.631177 0.000000 154.716584 0.706041 0.000000 153.657522 
910000 4550.000000 -0.237787 0.543341 0.000000 155.008914 0.062123 0.000000 154.915730 
911000 4555.000000 -0.107648 0.537435 0.000000 156.439665 1.144335 0.000000 154.723162 
912000 4560.000000 0.192013 0.477432 0.000000 156.515723 0.425503 0.000000 155.877468 
913000 4565.000000 0.923204 0.087177 0.000000 157.692969 1.904861 0.000000 154.835676 
914000 4570.000000 0.922489 0.041681 0.000000 158.635519 3.456294 0.000000 153.451078 
915000 4575.000000 0.273100 0.434308 0.000000 156.159979 0.408113 0.000000 155.547809 
916000 4580.000000 -0.115238 0.538873 0.000000 157.704482 3.491779 0.000000 152.466814 
917000 4585.000000 0.048318 0.481530 0.000000 156.378134 0.129210 0.000000 156.184319 
918000 4590.000000 -0.083709 0.624112 0.000000 154.897275 0.053026 0.000000 154.817736 
919000 4595.000000 -0.368474 0.742161 0.000000 153.726234 0.114616 0.000000 153.554310 
920000 4600.000000 -0.114330 0.587227 0.000000 156.684773 2.192246 0.000000 153.396404 
921000 4605.000000 -0.079360 0.484670 0.000000 156.011774 0.408686 0.000000 155.398746 
922000 4610.000000 -0.005793 0.444432 0.000000 155.879688 0.523262 0.000000 155.094795 
923000 4615.000000 0.257866 0.572929 0.000000 155.047921 1.451006 0.000000 152.871413 
924000 4620.000000 0.625173 0.392040 0.000000 154.148643 0.419190 0.000000 153.519858 
925000 4625.000000 0.923606 0.046727 0.000000 157.405826 0.468789 0.000000 156.702643 
926000 4630.000000 0.901213 0.171394 0.000000 157.023075 2.064321 0.000000 153.926594 
927000 4635.000000 0.793721 0.328249 0.000000 155.973612 0.222387 0.000000 155.640031 
928000 4640.000000 0.536522 0.333027 0.000000 155.543502 1.934895 0.000000 152.641160 
929000 4645.000000 -0.375398 0.565939 0.000000 154.806915 0.082689 0.000000 154.682882 
930000 4650.000000 -0.126593 0.580890 0.000000 157.077715 2.275235 0.000000 153.664862 
931000 4655.000000 -0.113618 0.361214 0.000000 152.643437 1.198758 0.000000 150.845300 
932000 4660.000000 0.211770 0.419623 0.000000 156.436514 0.193946 0.000000 156.145596 
933000 4665.000000 0.341671 0.310828 0.000000 155.155751 1.157585 0.000000 153.419374 
934000 4670.000000 0.325846 0.551508 0.000000 155.776680 2.445555 0.000000 152.108347 
935000 4675.000000 0.319749 0.497479 0.000000 157.352851 2.739767 0.000000 153.243201 
936000 4680.000000 0.002606 0.503050 0.000000 157.318460 1.069916 0.000000 155.713587 
937000 4685.000000 0.181431 0.516415 0.000000 156.830061 0.285235 0.000000 156.402208 
938000 4690.000000 0.173542 0.469624 0.000000 157.926312 1.917819 0.000000 155.049584 
939000 4695.000000 0.043604 0.426012 0.000000 157.375279 2.768244 0.000000 153.222913 
940000 4700.000000 0.276107 0.332987 0.000000 156.315697 2.846742 0.000000 152.045583 
941000 4705.000000 -0.924020 1.014468 0.000000 155.084864 0.575383 0.000000 154.221790 
942000 4710.000000 -0.845473 0.998211 0.000000 156.027299 1.097062 0.000000 154.381706 
943000 4715.000000 -0.672767 1.382725 0.000000 157.264741 1.637222 0.000000 154.808908 
944000 4720.000000 -0.510305 1.482026 0.000000 157.705270 0.894403 0.000000 156.363666 
945000 4725.000000 -0.468009 1.575817 0.000000 157.222111 0.581950 0.000000 156.349186 
946000 4730.000000 -0.421235 1.522721 0.000000 156.421088 0.484922 0.000000 155.693705 
947000 4735.000000 -0.494341 1.465607 0.000000 157.359120 0.669461 0.000000 156.354930 
948000 4740.000000 0.335222 0.421228 0.000000 157.438808 2.131271 0.000000 154.241902 
949000 4745.000000 0.138097 0.412085 0.000000 156.547268 0.294347 0.000000 156.105748 
950000 4750.000000 0.969149 0.087037 0.000000 158.054486 0.515298 0.000000 157.281539 
951000 4755.000000 0.924429 -0.068597 0.000000 156.061288 0.512440 0.000000 155.292629 
952000 4760.000000 0.997718 -0.014605 0.000000 158.070616 0.534089 0.000000 157.269482 
953000 4765.000000 0.999009 0.003046 0.000000 158.085629 0.409441 0.000000 157.471468 
954000 4770.000000 0.961209 0.009968 0.000000 158.745352 0.162374 0.000000 158.501791 
955000 4775.000000 1.019015 0.012992 0.000000 156.798850 0.270792 0.000000 156.392662 
956000 4780.000000 0.935587 0.110996 0.000000 157.859388 0.352224 0.000000 157.331052 
957000 4785.000000 0.271887 0.448817 0.000000 158.048948 2.074179 0.000000 154.937679 
958000 4790.000000 -0.658415 1.384672 0.000000 157.547270 1.207000 0.000000 155.736769 
959000 4795.000000 -0.548814 1.499172 0.000000 157.463080 0.131139 0.000000 157.266372 
960000 4800.000000 -0.720212 1.232129 0.000000 157.116046 0.930667 0.000000 155.720045 
961000 4805.000000 -0.491178 1.588071 0.000000 157.369179 0.861223 0.000000 156.077344 
962000 4810.000000 -0.431736 1.631356 0.000000 156.700743 0.103609 0.000000 156.545329 
963000 4815.000000 -0.647380 1.216187 0.000000 158.014323 3.901023 0.000000 152.162788 
964000 4820.000000 -0.614851 1.444844 0.000000 157.227208 0.163428 0.000000 156.982067 
965000 4825.000000 -0.453543 1.591067 0.000000 157.674021 1.147529 0.000000 155.952728 
966000 4830.000000 -0.969375 0.750809 0.000000 156.651077 0.283312 0.000000 156.226110 
967000 4835.000000 -0.852103 1.131791 0.000000 156.050217 1.296799 0.000000 154.105019 
968000 4840.000000 -1.153452 0.677976 0.000000 155.902988 0.641267 0.000000 154.941088 
969000 4845.000000 -1.047229 0.926424 0.000000 154.186336 0.050762 0.000000 154.110193 
970000 4850.000000 -0.525978 1.773299 0.000000 152.857267 0.061912 0.000000 152.764399 
971000 4855.000000 -0.578633 1.359291 0.000000 158.289031 1.655161 0.000000 155.806290 
972000 4860.000000 -0.464826 1.518809 0.000000 157.466516 0.026601 0.000000 157.426615 
973000 4865.000000 -0.463476 1.447409 0.000000 156.613989 0.020557 0.000000 156.583153 
974000 4870.000000 -0.940512 1.020444 0.000000 156.221555 2.362541 0.000000 152.677743 
975000 4875.000000 0.058197 0.452651 0.000000 157.373629 0.031616 0.000000 157.326205 
976000 4880.000000 0.279680 0.514377 0.000000 157.484418 1.114492 0.000000 155.812680 
977000 4885.000000 -0.443703 0.524824 0.000000 154.915939 0.779157 0.000000 153.747203 
978000 4890.000000 0.073534 0.389242 0.000000 156.958574 1.846223 0.000000 154.189239 
979000 4895.000000 -0.002773 0.629385 0.000000 156.202707 0.684553 0.000000 155.175877 
980000 4900.000000 0.257627 0.291027 0.000000 155.483665 1.474188 0.000000 153.272383 
981000 4905.000000 -0.012355 0.570458 0.000000 157.539272 0.298941 0.000000 157.090861 
982000 4910.000000 0.093266 0.451842 0.000000 159.006810 2.697609 0.000000 154.960396 
983000 4915.000000 0.108530 0.529097 0.000000 158.101238 0.688065 0.000000 157.069141 
984000 4920.000000 0.078013 0.428293 0.000000 157.286118 0.150848 0.000000 157.059846 
985000 4925.000000 0.093846 0.347131 0.000000 154.987533 0.034762 0.000000 154.935391 
986000 4930.000000 0.867875 0.247129 0.000000 157.115934 0.153156 0.000000 156.886200 
987000 4935.000000 0.743233 0.255117 0.000000 155.758778 0.467692 0.000000 155.057239 
988000 4940.000000 0.491101 0.441221 0.000000 157.352656 2.988733 0.000000 152.869556 
989000 4945.000000 0.181674 0.415636 0.000000 157.780043 0.683001 0.000000 156.755542 
990000 4950.000000 0.973084 -0.073600 0.000000 158.198384 0.760280 0.000000 157.057964 
991000 4955.000000 0.009972 0.446321 0.000000 157.924997 1.221723 0.000000 156.092412 
992000 4960.000000 0.278627 0.490744 0.000000 157.904473 0.580469 0.000000 157.033769 
993000 4965.000000 0.073340 0.479020 0.000000 160.107199 4.053921 0.000000 154.026317 
994000 4970.000000 -0.276793 0.625707 0.000000 156.936513 0.550872 0.000000 156.110204 
995000 4975.000000 0.943992 0.079878 0.000000 159.637287 1.165207 0.000000 157.889477 
996000 4980.000000 -0.001262 0.621831 0.000000 158.489931 4.150753 0.000000 152.263801 
997000 4985.000000 0.298947 0.426108 0.000000 157.705746 0.355344 0.000000 157.172731 
998000 4990.000000 -0.019890 0.564201 0.000000 157.882484 0.162182 0.000000 157.639211 
999000 4995.000000 0.046908 0.507319 0.000000 158.317323 0.093075 0.000000 158.177710 
