0 0.000000 -0.586332 1.436070 0.000000 7.028109 4.685406 0.000000 0.000000 
0 0.000000 -0.574980 1.427948 0.000000 6.588602 3.650273 0.000000 1.113193 
1000 5.000000 -0.450547 1.538872 0.000000 4.594596 1.000306 0.000000 3.094137 
2000 10.000000 -0.562016 1.483391 0.000000 6.573285 4.246926 0.000000 0.202896 
3000 15.000000 -0.522443 1.428926 0.000000 4.810014 0.779951 0.000000 3.640088 
4000 20.000000 -0.689076 1.160276 0.000000 0.373937 1.227172 0.000000 -1.466821 
5000 25.000000 -0.515647 1.507499 0.000000 5.410143 1.786112 0.000000 2.730976 
6000 30.000000 -0.845074 1.192862 0.000000 21.233069 1.439306 0.000000 19.074109 
7000 35.000000 -0.466354 1.451062 0.000000 29.015980 0.100747 0.000000 28.864860 
8000 40.000000 -1.057107 0.809912 0.000000 34.630201 0.020159 0.000000 34.599962 
9000 45.000000 -0.994064 0.941787 0.000000 36.919377 0.795814 0.000000 35.725657 
10000 50.000000 -1.013787 0.938200 0.000000 39.010403 2.573216 0.000000 35.150579 
11000 55.000000 -1.512414 0.479641 0.000000 36.454267 0.164523 0.000000 36.207482 
12000 60.000000 -0.477420 1.564977 0.000000 44.420166 0.233477 0.000000 44.069951 
13000 65.000000 -0.468375 1.396405 0.000000 44.662075 1.063450 0.000000 43.066900 
14000 70.000000 -0.516451 1.391895 0.000000 45.833274 0.055697 0.000000 45.749728 
15000 75.000000 -0.851211 1.086297 0.000000 48.606238 1.680982 0.000000 46.084766 
16000 80.000000 -0.712345 1.310279 0.000000 48.302563 0.608753 0.000000 47.389434 
17000 85.000000 -0.604216 1.479320 0.000000 49.671279 2.968560 0.000000 45.218439 
18000 90.000000 -0.472136 1.515454 0.000000 50.358235 2.221625 0.000000 47.025797 
19000 95.000000 -1.234383 0.806606 0.000000 49.065360 1.457053 0.000000 46.879781 
20000 100.000000 -0.956879 1.026189 0.000000 49.840575 0.376594 0.000000 49.275684 
21000 105.000000 -1.301542 0.826937 0.000000 47.973215 0.341058 0.000000 47.461629 
22000 110.000000 -1.380409 0.722184 0.000000 49.249359 1.226509 0.000000 47.409595 
23000 115.000000 -0.410708 1.521621 0.000000 51.023668 0.735361 0.000000 49.920628 
24000 120.000000 -0.408789 1.516915 0.000000 50.662183 0.153630 0.000000 50.431738 
25000 125.000000 -0.686632 1.262934 0.000000 52.344090 0.377606 0.000000 51.777681 
26000 130.000000 -0.523090 1.586917 0.000000 50.779705 0.380316 0.000000 50.209231 
27000 135.000000 -0.487079 1.558068 0.000000 52.091161 0.231617 0.000000 51.743735 
28000 140.000000 -1.300718 0.716072 0.000000 51.344216 0.564577 0.000000 50.497350 
29000 145.000000 -0.966781 1.043792 0.000000 53.116867 0.321799 0.000000 52.634169 
30000 150.000000 -0.635095 1.396572 0.000000 53.577495 0.170426 0.000000 53.321857 
31000 155.000000 -0.624688 1.397101 0.000000 53.855697 0.303405 0.000000 53.400589 
32000 160.000000 -0.865996 1.163513 0.000000 53.932227 0.215861 0.000000 53.608437 
33000 165.000000 -0.903901 0.916123 0.000000 52.407196 0.807900 0.000000 51.195345 
34000 170.000000 -0.799990 1.203273 0.000000 54.588325 0.690982 0.000000 53.551852 
35000 175.000000 -0.545339 1.414140 0.000000 54.932535 0.915271 0.000000 53.559629 
36000 180.000000 -1.217534 0.695775 0.000000 53.508594 0.037949 0.000000 53.451671 
37000 185.000000 -0.966964 1.060072 0.000000 55.504267 1.511354 0.000000 53.237237 
38000 190.000000 -1.011058 0.996973 0.000000 54.924981 0.235099 0.000000 54.572332 
39000 195.000000 -0.973446 1.021248 0.000000 55.554226 0.691971 0.000000 54.516270 
40000 200.000000 -0.664912 1.231190 0.000000 55.003593 0.521306 0.000000 54.221635 
41000 205.000000 -0.858077 1.171866 0.000000 56.197346 0.821764 0.000000 54.964699 
42000 210.000000 -1.206070 0.693370 0.000000 55.735970 1.438296 0.000000 53.578526 
43000 215.000000 -0.608324 1.410427 0.000000 56.931924 0.502125 0.000000 56.178737 
44000 220.000000 -0.681776 1.236267 0.000000 56.612985 1.377489 0.000000 54.546752 
45000 225.000000 -0.652354 1.327060 0.000000 56.883982 0.139314 0.000000 56.675012 
46000 230.000000 -1.335097 0.606128 0.000000 56.258156 1.409152 0.000000 54.144427 
47000 235.000000 -0.540225 1.517661 0.000000 57.381444 0.525261 0.000000 56.593553 
48000 240.000000 -1.469845 0.675636 0.000000 54.407471 0.003975 0.000000 54.401508 
49000 245.000000 -0.536664 1.480854 0.000000 58.374560 0.869629 0.000000 57.070117 
50000 250.000000 -1.064446 0.853743 0.000000 58.666581 1.287136 0.000000 56.735876 
51000 255.000000 -0.882429 1.090895 0.000000 58.818262 1.031271 0.000000 57.271356 
52000 260.000000 -0.592518 1.398322 0.000000 59.067693 1.184958 0.000000 57.290256 
53000 265.000000 -0.926951 1.078063 0.000000 60.046371 3.249502 0.000000 55.172119 
54000 270.000000 -0.442032 1.544612 0.000000 58.286466 0.129503 0.000000 58.092212 
55000 275.000000 -0.521376 1.567410 0.000000 59.019863 2.866558 0.000000 54.720026 
56000 280.000000 -1.518644 0.632937 0.000000 55.809757 1.696889 0.000000 53.264423 
57000 285.000000 -1.129891 0.637564 0.000000 58.139428 1.926473 0.000000 55.249719 
58000 290.000000 -0.826627 1.090463 0.000000 59.313076 1.094947 0.000000 57.670655 
59000 295.000000 -1.158338 0.777563 0.000000 59.533650 1.060908 0.000000 57.942289 
60000 300.000000 -0.641307 1.275053 0.000000 59.157844 0.387250 0.000000 58.576969 
61000 305.000000 -0.497264 1.405964 0.000000 58.952529 0.654502 0.000000 57.970777 
62000 310.000000 -0.501128 1.459531 0.000000 62.081925 4.748508 0.000000 54.959163 
63000 315.000000 -0.668453 1.363975 0.000000 60.314373 1.102948 0.000000 58.659952 
64000 320.000000 -0.508607 1.470128 0.000000 61.464869 2.952999 0.000000 57.035371 
65000 325.000000 -0.920416 1.109752 0.000000 60.314487 0.777463 0.000000 59.148292 
66000 330.000000 -1.152977 0.921478 0.000000 59.832532 0.097642 0.000000 59.686070 
67000 335.000000 -0.576771 1.430691 0.000000 61.154409 1.150272 0.000000 59.429002 
68000 340.000000 -1.272023 0.612461 0.000000 59.612621 0.955626 0.000000 58.179182 
69000 345.000000 -0.958455 0.819131 0.000000 59.282175 1.325060 0.000000 57.294586 
70000 350.000000 -0.955369 1.123927 0.000000 60.585475 1.235439 0.000000 58.732316 
71000 355.000000 -1.144769 0.726042 0.000000 60.703223 1.222047 0.000000 58.870152 
72000 360.000000 -1.278824 0.658562 0.000000 61.494482 3.102130 0.000000 56.841287 
73000 365.000000 -1.094878 0.667984 0.000000 59.859007 0.881845 0.000000 58.536240 
74000 370.000000 -0.892868 0.921110 0.000000 59.380860 0.009669 0.000000 59.366357 
75000 375.000000 -0.663332 1.211737 0.000000 60.621500 1.006260 0.000000 59.112110 
76000 380.000000 -0.693382 1.313833 0.000000 62.963618 2.322057 0.000000 59.480533 
77000 385.000000 -1.199577 0.914093 0.000000 60.631555 0.700223 0.000000 59.581220 
78000 390.000000 -1.135505 0.796796 0.000000 62.833710 2.785946 0.000000 58.654791 
79000 395.000000 -0.824161 0.470160 0.000000 57.995069 0.641215 0.000000 57.033247 
80000 400.000000 0.243328 0.491663 0.000000 68.912447 1.888989 0.000000 66.078963 
81000 405.000000 0.214528 0.426167 0.000000 66.903304 0.023784 0.000000 66.867629 
82000 410.000000 -0.147894 0.446415 0.000000 66.893102 0.840334 0.000000 65.632602 
83000 415.000000 0.125926 0.456925 0.000000 68.501514 0.550981 0.000000 67.675043 
84000 420.000000 0.008680 0.506699 0.000000 68.608241 0.170556 0.000000 68.352406 
85000 425.000000 0.057055 0.528421 0.000000 68.521816 0.037413 0.000000 68.465697 
86000 430.000000 -0.189395 0.531538 0.000000 66.433449 0.114986 0.000000 66.260970 
87000 435.000000 0.179534 0.503955 0.000000 70.242819 3.522812 0.000000 64.958600 
88000 440.000000 -0.176836 0.421528 0.000000 65.873294 0.997611 0.000000 64.376878 
89000 445.000000 0.110301 0.518362 0.000000 68.848826 0.416656 0.000000 68.223842 
90000 450.000000 0.161285 0.468034 0.000000 68.481302 0.322397 0.000000 67.997706 
91000 455.000000 0.114856 0.481724 0.000000 68.718704 0.174301 0.000000 68.457253 
92000 460.000000 0.104998 0.570327 0.000000 67.928593 0.835768 0.000000 66.674940 
93000 465.000000 0.221076 0.533427 0.000000 68.917135 2.028078 0.000000 65.875018 
94000 470.000000 -0.112071 0.434098 0.000000 66.899569 0.743473 0.000000 65.784359 
95000 475.000000 0.254557 0.494098 0.000000 68.408681 1.084438 0.000000 66.782023 
96000 480.000000 0.018819 0.471901 0.000000 68.689363 0.631342 0.000000 67.742349 
97000 485.000000 0.133733 0.431027 0.000000 67.570166 0.167204 0.000000 67.319360 
98000 490.000000 0.166343 0.436699 0.000000 67.826253 0.551245 0.000000 66.999385 
99000 495.000000 -0.116540 0.452427 0.000000 66.987857 0.061607 0.000000 66.895446 
