0 0.000000 -0.549627 1.475950 0.000000 7.028109 4.685406 0.000000 0.000000 
0 0.000000 -0.538292 1.467786 0.000000 6.605500 3.660637 0.000000 1.114544 
1000 5.000000 -0.450547 1.538872 0.000000 4.629676 1.000306 0.000000 3.129217 
2000 10.000000 -0.562016 1.483391 0.000000 6.608365 4.246926 0.000000 0.237976 
3000 15.000000 -0.522443 1.428926 0.000000 4.845094 0.779951 0.000000 3.675168 
4000 20.000000 -0.689076 1.160276 0.000000 0.409017 1.227172 0.000000 -1.431740 
5000 25.000000 -0.515647 1.507499 0.000000 5.458744 1.794505 0.000000 2.766987 
6000 30.000000 -0.768723 1.242825 0.000000 19.057111 0.692551 0.000000 18.018284 
7000 35.000000 -0.466018 1.649105 0.000000 26.399736 0.002934 0.000000 26.395335 
8000 40.000000 -0.477292 1.500813 0.000000 34.373548 1.055668 0.000000 32.790046 
9000 45.000000 -0.587137 1.242324 0.000000 34.911234 0.257136 0.000000 34.525530 
10000 50.000000 -0.747117 1.219522 0.000000 37.886293 3.394305 0.000000 32.794836 
11000 55.000000 -0.731965 1.177668 0.000000 36.862077 0.177590 0.000000 36.595692 
12000 60.000000 -0.549482 1.530062 0.000000 40.526910 0.124630 0.000000 40.339965 
13000 65.000000 0.049534 0.496188 0.000000 58.500984 3.746957 0.000000 52.880549 
14000 70.000000 0.223747 0.416624 0.000000 55.818961 0.303412 0.000000 55.363843 
15000 75.000000 0.129722 0.492622 0.000000 58.539945 1.833799 0.000000 55.789246 
16000 80.000000 -0.137105 0.544110 0.000000 56.420079 0.271675 0.000000 56.012566 
17000 85.000000 -0.019824 0.524320 0.000000 59.192807 3.071178 0.000000 54.586040 
18000 90.000000 0.089091 0.520957 0.000000 58.537494 0.944057 0.000000 57.121408 
19000 95.000000 0.124680 0.508125 0.000000 58.494428 0.682667 0.000000 57.470428 
20000 100.000000 0.099982 0.474950 0.000000 59.662089 2.850845 0.000000 55.385821 
21000 105.000000 -0.109095 0.549971 0.000000 57.467506 0.552550 0.000000 56.638681 
22000 110.000000 -0.018136 0.560223 0.000000 58.578073 1.753144 0.000000 55.948357 
23000 115.000000 0.164972 0.433886 0.000000 57.984633 0.042667 0.000000 57.920633 
24000 120.000000 0.034784 0.511144 0.000000 59.851010 1.766167 0.000000 57.201760 
25000 125.000000 0.249159 0.481472 0.000000 58.855085 1.128270 0.000000 57.162680 
26000 130.000000 0.041324 0.584495 0.000000 58.431337 0.897877 0.000000 57.084522 
27000 135.000000 0.086454 0.484609 0.000000 59.923174 0.886312 0.000000 58.593705 
28000 140.000000 -1.097990 0.589721 0.000000 54.964534 0.281169 0.000000 54.542781 
29000 145.000000 -0.009553 0.500524 0.000000 60.933399 0.269397 0.000000 60.529304 
30000 150.000000 0.223711 0.533623 0.000000 60.817336 0.658990 0.000000 59.828851 
31000 155.000000 -0.069839 0.542920 0.000000 60.983744 1.210946 0.000000 59.167325 
32000 160.000000 0.133062 0.510998 0.000000 61.668544 0.425249 0.000000 61.030670 
33000 165.000000 -0.557056 0.703799 0.000000 62.602364 0.588808 0.000000 61.719152 
34000 170.000000 -0.653656 0.740007 0.000000 61.086259 0.076254 0.000000 60.971878 
35000 175.000000 -0.668271 1.191490 0.000000 64.128031 1.881091 0.000000 61.306396 
36000 180.000000 -0.684723 1.629861 0.000000 66.304324 0.038815 0.000000 66.246101 
37000 185.000000 -0.532360 1.653909 0.000000 67.057767 2.298951 0.000000 63.609340 
38000 190.000000 -0.523770 1.525159 0.000000 67.521473 0.117680 0.000000 67.344954 
39000 195.000000 -0.728704 1.268166 0.000000 67.154759 1.140658 0.000000 65.443771 
40000 200.000000 -0.622040 1.271041 0.000000 67.177067 0.596486 0.000000 66.282338 
41000 205.000000 -0.579523 1.470175 0.000000 68.492992 0.970217 0.000000 67.037667 
42000 210.000000 -0.696125 1.245912 0.000000 67.857710 1.004988 0.000000 66.350228 
43000 215.000000 -0.608120 1.397406 0.000000 68.916211 0.345729 0.000000 68.397617 
44000 220.000000 -0.202133 0.432586 0.000000 64.794144 0.410271 0.000000 64.178738 
45000 225.000000 0.183906 0.508644 0.000000 68.081481 0.485478 0.000000 67.353263 
46000 230.000000 -0.983861 0.638585 0.000000 67.595828 1.225834 0.000000 65.757077 
47000 235.000000 -0.588692 1.520562 0.000000 69.272142 0.364629 0.000000 68.725198 
48000 240.000000 -0.719387 1.290730 0.000000 69.540809 0.518956 0.000000 68.762375 
49000 245.000000 -0.530081 1.467780 0.000000 70.940251 0.758861 0.000000 69.801960 
50000 250.000000 -0.493332 1.418565 0.000000 69.998672 0.339936 0.000000 69.488768 
51000 255.000000 -0.473513 1.523166 0.000000 70.380310 0.150230 0.000000 70.154964 
52000 260.000000 -0.557676 1.380688 0.000000 71.100244 1.125039 0.000000 69.412686 
53000 265.000000 -0.550357 1.490149 0.000000 71.884901 2.233797 0.000000 68.534206 
54000 270.000000 -0.463416 1.490041 0.000000 70.489869 0.117657 0.000000 70.313384 
55000 275.000000 -0.456628 1.529333 0.000000 70.583182 0.189368 0.000000 70.299130 
56000 280.000000 -0.876718 1.215941 0.000000 68.211887 3.951472 0.000000 62.284679 
57000 285.000000 -0.606558 1.237970 0.000000 70.598323 2.369381 0.000000 67.044252 
58000 290.000000 -0.460455 1.470689 0.000000 70.816073 0.602672 0.000000 69.912065 
59000 295.000000 -0.483644 1.440454 0.000000 70.795238 0.162109 0.000000 70.552074 
60000 300.000000 0.067578 0.496905 0.000000 71.558678 0.444259 0.000000 70.892290 
61000 305.000000 0.102302 0.480055 0.000000 72.349987 1.965645 0.000000 69.401519 
62000 310.000000 -0.588876 1.258448 0.000000 71.123417 1.945717 0.000000 68.204842 
63000 315.000000 -0.651661 1.426839 0.000000 71.350956 0.727742 0.000000 70.259344 
64000 320.000000 -0.505070 1.425489 0.000000 73.534739 4.124991 0.000000 67.347252 
65000 325.000000 -0.604516 1.475654 0.000000 71.686149 0.616443 0.000000 70.761485 
66000 330.000000 -0.623429 1.479891 0.000000 71.037487 0.005700 0.000000 71.028938 
67000 335.000000 -0.525921 1.567444 0.000000 71.444429 0.361243 0.000000 70.902565 
68000 340.000000 -0.828293 0.543933 0.000000 70.726178 0.965016 0.000000 69.278654 
69000 345.000000 -0.424809 0.497206 0.000000 68.144351 0.802885 0.000000 66.940025 
70000 350.000000 0.084888 0.473237 0.000000 74.139636 3.782545 0.000000 68.465819 
71000 355.000000 0.059495 0.481099 0.000000 72.486024 0.400891 0.000000 71.884687 
72000 360.000000 -1.186138 0.488116 0.000000 68.732571 1.383266 0.000000 66.657672 
73000 365.000000 -0.615930 1.140254 0.000000 70.231724 1.188648 0.000000 68.448753 
74000 370.000000 -0.557467 1.296295 0.000000 71.710768 0.264429 0.000000 71.314124 
75000 375.000000 -0.606507 1.292830 0.000000 73.247658 1.889748 0.000000 70.413035 
76000 380.000000 -0.701854 1.505890 0.000000 70.122663 0.419269 0.000000 69.493760 
77000 385.000000 -0.920536 0.747831 0.000000 72.799834 0.624257 0.000000 71.863448 
78000 390.000000 -0.770062 0.749241 0.000000 72.711953 2.324128 0.000000 69.225761 
79000 395.000000 -0.539327 0.618155 0.000000 71.080174 0.409082 0.000000 70.466551 
80000 400.000000 -0.737940 0.846977 0.000000 71.916416 0.730464 0.000000 70.820720 
81000 405.000000 -0.309612 0.466012 0.000000 70.586880 1.252236 0.000000 68.708526 
82000 410.000000 -0.147326 0.503575 0.000000 73.158131 1.152170 0.000000 71.429876 
83000 415.000000 0.126756 0.450924 0.000000 73.975803 0.826057 0.000000 72.736717 
84000 420.000000 0.014404 0.477422 0.000000 73.870384 0.307830 0.000000 73.408639 
85000 425.000000 0.028915 0.501341 0.000000 73.966038 0.068625 0.000000 73.863101 
86000 430.000000 -0.735380 1.247255 0.000000 73.522176 0.710886 0.000000 72.455847 
87000 435.000000 -0.590839 0.982741 0.000000 71.727555 1.798500 0.000000 69.029805 
88000 440.000000 -0.616216 1.422663 0.000000 76.120470 3.036059 0.000000 71.566381 
89000 445.000000 -0.540549 1.467565 0.000000 74.957489 0.103901 0.000000 74.801637 
90000 450.000000 -0.497698 1.451542 0.000000 74.859109 0.615069 0.000000 73.936506 
91000 455.000000 -0.501240 1.534325 0.000000 74.986455 0.458471 0.000000 74.298747 
92000 460.000000 -0.522564 1.592422 0.000000 74.719498 1.425097 0.000000 72.581853 
93000 465.000000 -0.508682 0.547748 0.000000 71.734208 0.486029 0.000000 71.005164 
94000 470.000000 -0.666165 0.565506 0.000000 73.115629 1.176369 0.000000 71.351076 
95000 475.000000 0.268299 0.487576 0.000000 74.647163 0.958473 0.000000 73.209454 
96000 480.000000 0.016727 0.446205 0.000000 74.599929 0.482924 0.000000 73.875542 
97000 485.000000 0.146696 0.411857 0.000000 73.920661 0.204930 0.000000 73.613266 
98000 490.000000 0.160021 0.414949 0.000000 74.114831 0.380053 0.000000 73.544752 
99000 495.000000 -0.225156 0.530574 0.000000 73.673763 0.465261 0.000000 72.975871 
