0 0.000000 -0.700000 1.400000 0.000000 7.028109 4.685406 0.000000 0.000000 
0 0.000000 -0.688339 1.391665 0.000000 7.236428 4.065440 0.000000 1.138268 
1000 5.000000 -0.450547 1.538872 0.000000 6.417832 1.000306 0.000000 4.917373 
2000 10.000000 -0.562016 1.483391 0.000000 8.396521 4.246926 0.000000 2.026133 
3000 15.000000 -0.522443 1.428926 0.000000 6.633250 0.779951 0.000000 5.463325 
4000 20.000000 -0.689076 1.160276 0.000000 2.197174 1.227172 0.000000 0.356416 
5000 25.000000 -0.515647 1.507499 0.000000 7.230284 1.784143 0.000000 4.554070 
6000 30.000000 -0.814790 1.213371 0.000000 22.715183 1.355188 0.000000 20.682402 
7000 35.000000 -0.393632 1.528333 0.000000 27.375610 0.115815 0.000000 27.201887 
8000 40.000000 -0.595890 1.374834 0.000000 32.388408 1.247353 0.000000 30.517379 
9000 45.000000 -0.703419 1.189576 0.000000 30.769555 0.515483 0.000000 29.996331 
10000 50.000000 -0.672475 1.326471 0.000000 36.773915 4.259942 0.000000 30.384002 
11000 55.000000 -0.887448 1.068639 0.000000 33.443518 1.010403 0.000000 31.927913 
12000 60.000000 -0.551216 1.472937 0.000000 36.648183 0.302099 0.000000 36.195034 
13000 65.000000 -1.215397 0.740732 0.000000 39.468173 3.099427 0.000000 34.819033 
14000 70.000000 -1.120362 0.719544 0.000000 37.548188 0.033924 0.000000 37.497302 
15000 75.000000 -1.276436 0.512740 0.000000 39.517211 2.128085 0.000000 36.325083 
16000 80.000000 -1.115828 0.842817 0.000000 39.953205 0.382427 0.000000 39.379564 
17000 85.000000 -0.651397 1.434024 0.000000 44.517170 2.988527 0.000000 40.034379 
18000 90.000000 -0.399521 1.574560 0.000000 44.947752 1.999285 0.000000 41.948825 
19000 95.000000 -0.714956 1.302178 0.000000 45.296390 1.343219 0.000000 43.281561 
20000 100.000000 -0.649218 1.365498 0.000000 45.272918 0.463056 0.000000 44.578335 
21000 105.000000 -0.748700 1.332893 0.000000 44.646419 1.473824 0.000000 42.435684 
22000 110.000000 -0.690497 1.239692 0.000000 44.744808 0.873244 0.000000 43.434942 
23000 115.000000 -0.396667 1.518167 0.000000 44.914651 0.765466 0.000000 43.766452 
24000 120.000000 -0.441665 1.476095 0.000000 44.993422 0.124998 0.000000 44.805925 
25000 125.000000 -0.580590 1.373054 0.000000 46.800237 1.196876 0.000000 45.004923 
26000 130.000000 -0.546110 1.554370 0.000000 44.855648 0.184750 0.000000 44.578523 
27000 135.000000 -0.455429 1.572530 0.000000 45.846616 0.198905 0.000000 45.548258 
28000 140.000000 -1.322604 0.669969 0.000000 44.780596 0.778851 0.000000 43.612320 
29000 145.000000 -1.083429 0.901709 0.000000 46.796381 0.019966 0.000000 46.766432 
30000 150.000000 -0.562343 1.467002 0.000000 47.443342 0.097103 0.000000 47.297688 
31000 155.000000 -0.640820 1.388878 0.000000 47.754106 0.286910 0.000000 47.323741 
32000 160.000000 -1.096621 0.970556 0.000000 47.758898 2.158249 0.000000 44.521524 
33000 165.000000 -0.774674 1.056153 0.000000 44.848595 0.264144 0.000000 44.452379 
34000 170.000000 -0.557093 1.518128 0.000000 47.687119 0.499894 0.000000 46.937278 
35000 175.000000 -0.311456 1.682307 0.000000 46.625841 0.424827 0.000000 45.988601 
36000 180.000000 -1.359745 0.509444 0.000000 45.414525 0.039674 0.000000 45.355015 
37000 185.000000 -0.578906 1.352059 0.000000 49.183223 1.420180 0.000000 47.052953 
38000 190.000000 -0.631797 1.365253 0.000000 49.235936 0.006852 0.000000 49.225659 
39000 195.000000 -0.900215 1.117906 0.000000 48.632433 0.761831 0.000000 47.489687 
40000 200.000000 -0.688016 1.221107 0.000000 48.729514 0.542412 0.000000 47.915896 
41000 205.000000 -1.031188 0.976066 0.000000 50.008403 1.267150 0.000000 48.107678 
42000 210.000000 -0.829089 1.141424 0.000000 49.910385 1.479155 0.000000 47.691653 
43000 215.000000 -0.641503 1.383860 0.000000 50.573824 0.427107 0.000000 49.933163 
44000 220.000000 -0.732841 1.195262 0.000000 50.215745 1.374496 0.000000 48.154001 
45000 225.000000 -1.005341 0.983737 0.000000 51.803173 1.315720 0.000000 49.829593 
46000 230.000000 -1.244366 0.654056 0.000000 50.060734 1.208836 0.000000 48.247480 
47000 235.000000 -0.585548 1.466266 0.000000 51.540627 0.506206 0.000000 50.781318 
48000 240.000000 -1.378260 0.677838 0.000000 48.408542 0.082049 0.000000 48.285469 
49000 245.000000 -0.562587 1.458067 0.000000 52.528881 0.956451 0.000000 51.094204 
50000 250.000000 -0.623916 1.316558 0.000000 51.837721 0.174033 0.000000 51.576672 
51000 255.000000 -0.911370 1.061449 0.000000 51.538597 0.221981 0.000000 51.205625 
52000 260.000000 -0.600345 1.391822 0.000000 53.294281 1.214147 0.000000 51.473060 
53000 265.000000 -0.989833 1.022993 0.000000 52.525429 1.110331 0.000000 50.859933 
54000 270.000000 -0.466458 1.514402 0.000000 52.695901 0.119882 0.000000 52.516078 
55000 275.000000 -0.569912 1.545408 0.000000 52.160712 2.119127 0.000000 48.982022 
56000 280.000000 -1.441105 0.633699 0.000000 50.304705 1.954469 0.000000 47.373001 
57000 285.000000 -0.925889 0.927391 0.000000 53.443500 3.541847 0.000000 48.130729 
58000 290.000000 -0.692950 1.263094 0.000000 53.957592 1.276298 0.000000 52.043144 
59000 295.000000 -1.032709 0.867205 0.000000 53.336037 0.478753 0.000000 52.617909 
60000 300.000000 -0.537510 1.409282 0.000000 53.965669 0.061120 0.000000 53.873989 
61000 305.000000 -0.533165 1.381849 0.000000 53.820856 0.798465 0.000000 52.623159 
62000 310.000000 -0.625361 1.342731 0.000000 57.117987 5.337823 0.000000 49.111252 
63000 315.000000 -0.666839 1.371454 0.000000 55.096415 1.292260 0.000000 53.158024 
64000 320.000000 -0.521822 1.459222 0.000000 55.985788 2.694657 0.000000 51.943803 
65000 325.000000 -0.926408 1.105768 0.000000 54.683078 0.777748 0.000000 53.516456 
66000 330.000000 -1.116366 0.955363 0.000000 53.693198 0.038491 0.000000 53.635461 
67000 335.000000 -0.582651 1.424882 0.000000 55.919981 1.207108 0.000000 54.109319 
68000 340.000000 -1.196276 0.591534 0.000000 53.918080 0.440520 0.000000 53.257300 
69000 345.000000 -0.858731 1.070293 0.000000 55.369895 0.858044 0.000000 54.082829 
70000 350.000000 -0.813550 1.271516 0.000000 54.807738 0.737537 0.000000 53.701432 
71000 355.000000 -1.068487 0.708014 0.000000 54.217756 1.470207 0.000000 52.012445 
72000 360.000000 -1.086239 0.915883 0.000000 56.771147 3.439521 0.000000 51.611865 
73000 365.000000 -0.861019 1.020398 0.000000 56.963947 4.041261 0.000000 50.902057 
74000 370.000000 -0.867941 0.941254 0.000000 53.556699 0.045626 0.000000 53.488260 
75000 375.000000 -0.681733 1.207355 0.000000 55.280620 0.941296 0.000000 53.868676 
76000 380.000000 -0.680116 1.333138 0.000000 58.028208 2.356088 0.000000 54.494076 
77000 385.000000 -1.343745 0.785382 0.000000 54.671641 0.563650 0.000000 53.826166 
78000 390.000000 -1.111841 0.772352 0.000000 56.256685 1.534494 0.000000 53.954944 
79000 395.000000 -0.953886 0.334273 0.000000 51.829574 0.201274 0.000000 51.527663 
80000 400.000000 -1.146688 0.715644 0.000000 56.206520 0.433951 0.000000 55.555594 
81000 405.000000 -0.635641 1.318419 0.000000 57.991108 0.582868 0.000000 57.116806 
82000 410.000000 -0.693584 1.324661 0.000000 58.910437 1.923168 0.000000 56.025686 
83000 415.000000 -0.729151 1.192152 0.000000 57.111767 0.198128 0.000000 56.814575 
84000 420.000000 -0.987407 0.980645 0.000000 57.523805 0.442289 0.000000 56.860371 
85000 425.000000 -1.086235 0.882665 0.000000 57.865588 1.035216 0.000000 56.312764 
86000 430.000000 -1.245547 0.751054 0.000000 57.427438 0.680339 0.000000 56.406929 
87000 435.000000 -0.870764 0.915649 0.000000 54.984391 0.139601 0.000000 54.774990 
88000 440.000000 -0.881319 1.042644 0.000000 59.455079 2.534837 0.000000 55.652823 
89000 445.000000 -1.213087 0.719146 0.000000 57.980522 0.143416 0.000000 57.765398 
90000 450.000000 -0.533935 1.456984 0.000000 60.295336 0.877340 0.000000 58.979325 
91000 455.000000 -0.456778 1.555613 0.000000 59.928975 0.511934 0.000000 59.161074 
92000 460.000000 -0.565893 1.535271 0.000000 58.665403 0.499035 0.000000 57.916850 
93000 465.000000 -0.738553 1.350068 0.000000 59.190202 0.612205 0.000000 58.271895 
94000 470.000000 -0.873130 1.128375 0.000000 60.512344 0.909041 0.000000 59.148782 
95000 475.000000 -0.800666 1.124851 0.000000 59.521256 0.153720 0.000000 59.290676 
96000 480.000000 -0.708055 1.221001 0.000000 59.501571 0.047160 0.000000 59.430832 
97000 485.000000 -0.427245 1.486394 0.000000 60.445707 2.107822 0.000000 57.283975 
98000 490.000000 -0.308347 1.659472 0.000000 60.109376 1.747646 0.000000 57.487907 
99000 495.000000 -0.475389 1.450734 0.000000 60.519238 1.124958 0.000000 58.831801 
