0 0.000000 -0.642997 1.381770 0.000000 7.028109 4.685406 0.000000 0.000000 
0 0.000000 -0.631598 1.373681 0.000000 6.623001 3.672875 0.000000 1.113689 
1000 5.000000 -0.450547 1.538872 0.000000 4.902544 1.000306 0.000000 3.402085 
2000 10.000000 -0.562016 1.483391 0.000000 6.881233 4.246926 0.000000 0.510845 
3000 15.000000 -0.522443 1.428926 0.000000 5.117962 0.779951 0.000000 3.948037 
4000 20.000000 -0.689076 1.160276 0.000000 0.681886 1.227172 0.000000 -1.158872 
5000 25.000000 -0.515647 1.507499 0.000000 5.714809 1.784026 0.000000 3.038770 
6000 30.000000 -0.842921 1.179914 0.000000 20.477650 0.869140 0.000000 19.173941 
7000 35.000000 -0.451812 1.470757 0.000000 28.897892 0.144713 0.000000 28.680823 
8000 40.000000 -0.582230 1.385414 0.000000 32.935098 1.260459 0.000000 31.044409 
9000 45.000000 -0.612717 1.308472 0.000000 32.490789 0.124812 0.000000 32.303571 
10000 50.000000 -0.789753 1.203990 0.000000 34.997494 3.783595 0.000000 29.322102 
11000 55.000000 -1.181196 0.747610 0.000000 37.533805 0.124655 0.000000 37.346822 
12000 60.000000 -1.061685 0.807010 0.000000 39.441189 0.691421 0.000000 38.404058 
13000 65.000000 -0.999751 1.005521 0.000000 40.660693 3.492745 0.000000 35.421576 
14000 70.000000 -0.431247 1.476198 0.000000 41.350654 0.021770 0.000000 41.317998 
15000 75.000000 -0.569122 1.399500 0.000000 44.315541 1.623775 0.000000 41.879877 
16000 80.000000 -0.553704 1.485268 0.000000 44.348624 0.570103 0.000000 43.493469 
17000 85.000000 -0.586000 1.499465 0.000000 45.356916 2.980297 0.000000 40.886471 
18000 90.000000 -0.382781 1.586670 0.000000 45.578442 1.911197 0.000000 42.711647 
19000 95.000000 -0.960156 1.101025 0.000000 44.080389 0.451593 0.000000 43.402999 
20000 100.000000 -0.636900 1.379467 0.000000 46.494894 0.530975 0.000000 45.698432 
21000 105.000000 -0.767797 1.327616 0.000000 45.741145 1.484902 0.000000 43.513792 
22000 110.000000 -0.650020 1.287902 0.000000 46.331562 1.142259 0.000000 44.618173 
23000 115.000000 -0.294535 1.613370 0.000000 45.421374 0.492531 0.000000 44.682577 
24000 120.000000 -0.349360 1.559714 0.000000 46.363506 0.425416 0.000000 45.725382 
25000 125.000000 -0.359562 1.584511 0.000000 47.097847 0.322556 0.000000 46.614013 
26000 130.000000 -0.513232 1.585303 0.000000 46.776753 0.203521 0.000000 46.471472 
27000 135.000000 -0.415648 1.608275 0.000000 47.686533 0.199521 0.000000 47.387252 
28000 140.000000 -1.521464 0.553049 0.000000 45.432341 0.651980 0.000000 44.454371 
29000 145.000000 -1.366804 0.643946 0.000000 47.980386 0.010042 0.000000 47.965323 
30000 150.000000 -0.797580 1.268486 0.000000 48.905307 0.103068 0.000000 48.750705 
31000 155.000000 -0.610077 1.420572 0.000000 50.603165 0.299014 0.000000 50.154644 
32000 160.000000 -1.216469 0.768329 0.000000 51.366190 2.422343 0.000000 47.732675 
33000 165.000000 -0.884478 0.947646 0.000000 48.608906 0.727172 0.000000 47.518148 
34000 170.000000 -0.469059 1.605800 0.000000 50.285414 0.239116 0.000000 49.926740 
35000 175.000000 -0.254804 1.733596 0.000000 50.037708 0.492430 0.000000 49.299063 
36000 180.000000 -1.166936 0.742757 0.000000 51.651290 0.038176 0.000000 51.594026 
37000 185.000000 -0.590295 1.339099 0.000000 52.552724 1.238729 0.000000 50.694631 
38000 190.000000 -0.686341 1.325632 0.000000 52.613918 0.021954 0.000000 52.580986 
39000 195.000000 -0.918760 1.120524 0.000000 52.799376 0.771002 0.000000 51.642874 
40000 200.000000 -0.622831 1.288366 0.000000 52.128956 0.339360 0.000000 51.619916 
41000 205.000000 -1.225429 0.812891 0.000000 52.752257 0.357665 0.000000 52.215760 
42000 210.000000 -1.165288 0.727558 0.000000 53.250177 0.966469 0.000000 51.800474 
43000 215.000000 -0.588037 1.436072 0.000000 55.107745 0.356457 0.000000 54.573059 
44000 220.000000 -0.602074 1.331992 0.000000 54.610922 1.079264 0.000000 52.992025 
45000 225.000000 -0.654915 1.334198 0.000000 54.713145 0.232058 0.000000 54.365058 
46000 230.000000 -1.340962 0.594801 0.000000 54.773023 2.017483 0.000000 51.746798 
47000 235.000000 -0.531277 1.518776 0.000000 55.963150 0.542524 0.000000 55.149364 
48000 240.000000 -1.239063 0.857338 0.000000 54.010732 0.298052 0.000000 53.563654 
49000 245.000000 -0.510338 1.509154 0.000000 56.825713 0.886667 0.000000 55.495712 
50000 250.000000 -0.842785 1.084324 0.000000 55.251007 0.231744 0.000000 54.903391 
51000 255.000000 -0.682192 1.305911 0.000000 56.339284 0.623241 0.000000 55.404422 
52000 260.000000 -0.506356 1.483818 0.000000 57.922573 1.939981 0.000000 55.012601 
53000 265.000000 -0.716351 1.331407 0.000000 57.331740 2.607361 0.000000 53.420698 
54000 270.000000 -0.443586 1.535860 0.000000 56.920314 0.201546 0.000000 56.617995 
55000 275.000000 -0.473936 1.636389 0.000000 55.789813 2.058263 0.000000 52.702419 
56000 280.000000 -1.272061 0.852018 0.000000 55.864598 2.558760 0.000000 52.026459 
57000 285.000000 -1.116820 0.679344 0.000000 56.044180 0.861642 0.000000 54.751718 
58000 290.000000 -0.565035 1.387142 0.000000 58.314478 1.456601 0.000000 56.129578 
59000 295.000000 -1.065755 0.866403 0.000000 57.161625 0.429256 0.000000 56.517741 
60000 300.000000 -0.497329 1.448723 0.000000 58.074815 0.074168 0.000000 57.963563 
61000 305.000000 -0.477399 1.436054 0.000000 57.905688 0.970505 0.000000 56.449932 
62000 310.000000 -0.633474 1.343737 0.000000 60.842124 5.379409 0.000000 52.773011 
63000 315.000000 -0.587197 1.450047 0.000000 59.141033 1.409129 0.000000 57.027339 
64000 320.000000 -0.230486 1.726710 0.000000 58.099702 2.680524 0.000000 54.078916 
65000 325.000000 -0.894553 1.158435 0.000000 58.806086 0.794487 0.000000 57.614355 
66000 330.000000 -1.388294 0.682434 0.000000 57.495990 0.177021 0.000000 57.230458 
67000 335.000000 -0.830422 1.228280 0.000000 59.066393 0.977197 0.000000 57.600598 
68000 340.000000 -1.327228 0.494542 0.000000 56.969557 0.395600 0.000000 56.376156 
69000 345.000000 -0.924869 0.898495 0.000000 56.988431 0.767093 0.000000 55.837791 
70000 350.000000 -1.194636 0.838858 0.000000 59.492048 1.620302 0.000000 57.061595 
71000 355.000000 -1.082597 0.700646 0.000000 58.524040 1.156731 0.000000 56.788944 
72000 360.000000 -1.016219 1.033505 0.000000 60.975242 3.514378 0.000000 55.703674 
73000 365.000000 -0.776007 1.145198 0.000000 61.492086 4.265003 0.000000 55.094581 
74000 370.000000 -1.187874 0.716182 0.000000 58.942531 0.283880 0.000000 58.516711 
75000 375.000000 -0.603965 1.288144 0.000000 59.679221 0.785867 0.000000 58.500421 
76000 380.000000 -0.600236 1.409434 0.000000 62.493302 2.375469 0.000000 58.930099 
77000 385.000000 -1.210581 0.906164 0.000000 59.442392 1.083819 0.000000 57.816664 
78000 390.000000 -0.954474 0.967151 0.000000 60.921765 1.675718 0.000000 58.408188 
79000 395.000000 -0.800894 0.421388 0.000000 57.039397 0.854595 0.000000 55.757504 
80000 400.000000 0.298021 0.503941 0.000000 61.036389 1.881659 0.000000 58.213901 
81000 405.000000 0.282547 0.432344 0.000000 58.953636 0.020133 0.000000 58.923436 
82000 410.000000 -0.169834 0.441900 0.000000 60.638432 1.558425 0.000000 58.300795 
83000 415.000000 0.177772 0.457931 0.000000 60.670870 0.393038 0.000000 60.081313 
84000 420.000000 -0.098700 0.480815 0.000000 60.728039 0.186209 0.000000 60.448726 
85000 425.000000 -0.257896 0.461643 0.000000 60.101580 0.034881 0.000000 60.049258 
86000 430.000000 -1.269992 0.770311 0.000000 60.522180 0.402094 0.000000 59.919038 
87000 435.000000 -0.854078 1.007034 0.000000 60.650981 0.357037 0.000000 60.115426 
88000 440.000000 -1.450599 0.732193 0.000000 60.747451 2.029032 0.000000 57.703903 
89000 445.000000 -1.070347 0.923282 0.000000 62.683594 0.082441 0.000000 62.559932 
90000 450.000000 -0.460959 1.527291 0.000000 64.009619 0.947962 0.000000 62.587676 
91000 455.000000 -0.310231 1.686825 0.000000 62.957635 0.487797 0.000000 62.225940 
92000 460.000000 -0.493294 1.604810 0.000000 62.213874 0.461297 0.000000 61.521929 
93000 465.000000 -0.939949 1.084354 0.000000 63.873161 1.686092 0.000000 61.344023 
94000 470.000000 -0.847521 1.166404 0.000000 63.869456 0.782017 0.000000 62.696431 
95000 475.000000 -0.836480 1.091131 0.000000 62.963049 0.160593 0.000000 62.722159 
96000 480.000000 -0.545305 1.398266 0.000000 63.856838 0.268579 0.000000 63.453970 
97000 485.000000 -0.347736 1.558704 0.000000 63.436844 1.402894 0.000000 61.332503 
98000 490.000000 -0.127294 1.814391 0.000000 61.980322 0.128703 0.000000 61.787267 
99000 495.000000 -0.437251 1.487317 0.000000 64.259545 1.210591 0.000000 62.443659 
