0 0.000000 -0.598636 1.423630 0.000000 7.028109 4.685406 0.000000 0.000000 
0 0.000000 -0.587275 1.415518 0.000000 6.590779 3.651804 0.000000 1.113073 
1000 5.000000 -0.450547 1.538872 0.000000 4.627859 1.000306 0.000000 3.127400 
2000 10.000000 -0.562016 1.483391 0.000000 6.606548 4.246926 0.000000 0.236159 
3000 15.000000 -0.522443 1.428926 0.000000 4.843277 0.779951 0.000000 3.673351 
4000 20.000000 -0.689076 1.160276 0.000000 0.407200 1.227172 0.000000 -1.433557 
5000 25.000000 -0.515647 1.507499 0.000000 5.440449 1.784235 0.000000 2.764096 
6000 30.000000 -0.835120 1.190561 0.000000 20.620739 1.084474 0.000000 18.994028 
7000 35.000000 -0.431864 1.490159 0.000000 27.858670 0.143366 0.000000 27.643621 
8000 40.000000 -0.640388 1.318704 0.000000 32.765443 1.283369 0.000000 30.840390 
9000 45.000000 -0.638582 1.259589 0.000000 32.042623 0.678047 0.000000 31.025553 
10000 50.000000 -0.629389 1.370298 0.000000 37.103386 4.133704 0.000000 30.902829 
11000 55.000000 -0.871055 1.087421 0.000000 33.648760 1.091316 0.000000 32.011787 
12000 60.000000 -0.542880 1.480867 0.000000 37.083870 0.293394 0.000000 36.643779 
13000 65.000000 -1.158299 0.818686 0.000000 42.405070 3.560636 0.000000 37.064116 
14000 70.000000 -1.071644 0.728911 0.000000 40.077819 0.337455 0.000000 39.571636 
15000 75.000000 -1.183533 0.591975 0.000000 41.890683 1.924630 0.000000 39.003738 
16000 80.000000 -1.272482 0.727284 0.000000 42.096044 0.102820 0.000000 41.941814 
17000 85.000000 -1.241044 0.730156 0.000000 43.793059 1.535176 0.000000 41.490294 
18000 90.000000 -1.088020 0.950093 0.000000 44.321821 0.946323 0.000000 42.902336 
19000 95.000000 -0.689711 1.327800 0.000000 47.663329 1.914179 0.000000 44.792061 
20000 100.000000 -0.658995 1.355322 0.000000 47.553700 0.444695 0.000000 46.886658 
21000 105.000000 -0.717119 1.364669 0.000000 46.848336 1.303822 0.000000 44.892602 
22000 110.000000 -0.738070 1.193309 0.000000 46.655974 0.947881 0.000000 45.234152 
23000 115.000000 -0.350032 1.563681 0.000000 46.872030 0.503192 0.000000 46.117241 
24000 120.000000 -0.452832 1.465384 0.000000 48.052454 0.284234 0.000000 47.626103 
25000 125.000000 -0.475775 1.466789 0.000000 49.084150 0.874399 0.000000 47.772552 
26000 130.000000 -0.573286 1.527493 0.000000 47.923907 0.158557 0.000000 47.686071 
27000 135.000000 -0.424691 1.602886 0.000000 48.433809 0.196199 0.000000 48.139510 
28000 140.000000 -1.452384 0.581740 0.000000 47.463048 0.563682 0.000000 46.617525 
29000 145.000000 -1.274125 0.685279 0.000000 48.959019 0.254528 0.000000 48.577227 
30000 150.000000 -0.757037 1.303582 0.000000 49.862045 0.256434 0.000000 49.477394 
31000 155.000000 -0.629024 1.401251 0.000000 51.341463 0.169546 0.000000 51.087144 
32000 160.000000 -0.949874 0.594476 0.000000 47.978643 0.602117 0.000000 47.075467 
33000 165.000000 -0.811659 1.018479 0.000000 48.525690 0.380201 0.000000 47.955388 
34000 170.000000 -0.985781 0.969600 0.000000 50.594864 0.220839 0.000000 50.263605 
35000 175.000000 -0.263911 1.730094 0.000000 50.481922 0.405358 0.000000 49.873885 
36000 180.000000 -1.299014 0.578724 0.000000 51.323637 0.105545 0.000000 51.165320 
37000 185.000000 -1.172192 0.814177 0.000000 51.835369 0.481118 0.000000 51.113692 
38000 190.000000 -1.009639 0.986807 0.000000 52.212739 0.302987 0.000000 51.758258 
39000 195.000000 -0.919687 1.094283 0.000000 53.399625 0.805940 0.000000 52.190716 
40000 200.000000 -0.641925 1.267768 0.000000 53.350833 0.313322 0.000000 52.880850 
41000 205.000000 -1.245096 0.729646 0.000000 53.687581 1.113039 0.000000 52.018023 
42000 210.000000 -0.721753 1.253026 0.000000 55.260244 1.325339 0.000000 53.272237 
43000 215.000000 -0.608837 1.416116 0.000000 56.012331 0.301252 0.000000 55.560453 
44000 220.000000 -0.667833 1.262263 0.000000 55.129874 0.969343 0.000000 53.675859 
45000 225.000000 -0.529229 1.459951 0.000000 56.467883 0.211235 0.000000 56.151030 
46000 230.000000 -1.370669 0.546711 0.000000 54.816585 1.336143 0.000000 52.812371 
47000 235.000000 -0.561734 1.489781 0.000000 56.820281 0.510292 0.000000 56.054843 
48000 240.000000 -1.179377 0.886090 0.000000 54.652373 0.362231 0.000000 54.109026 
49000 245.000000 -0.534043 1.486988 0.000000 57.708376 0.796076 0.000000 56.514263 
50000 250.000000 -0.531410 1.413701 0.000000 57.205540 0.145174 0.000000 56.987779 
51000 255.000000 -0.573299 1.402334 0.000000 58.183526 1.096475 0.000000 56.538813 
52000 260.000000 -0.572870 1.419394 0.000000 58.323297 1.216947 0.000000 56.497876 
53000 265.000000 -0.837385 1.205386 0.000000 57.872791 2.503154 0.000000 54.118060 
54000 270.000000 -0.443640 1.536868 0.000000 57.745527 0.154310 0.000000 57.514062 
55000 275.000000 -0.516859 1.598334 0.000000 56.943163 2.076196 0.000000 53.828869 
56000 280.000000 -1.451762 0.639247 0.000000 56.448571 2.421918 0.000000 52.815693 
57000 285.000000 -1.165200 0.429597 0.000000 55.652165 1.295472 0.000000 53.708958 
58000 290.000000 -0.691078 1.264325 0.000000 58.673522 1.160658 0.000000 56.932535 
59000 295.000000 -0.685744 1.194627 0.000000 56.499481 0.089450 0.000000 56.365306 
60000 300.000000 -0.510259 1.436254 0.000000 58.983500 0.080922 0.000000 58.862117 
61000 305.000000 -0.494925 1.420375 0.000000 58.829853 0.891707 0.000000 57.492293 
62000 310.000000 -0.476911 1.477842 0.000000 61.549165 4.823890 0.000000 54.313331 
63000 315.000000 -0.646553 1.391861 0.000000 60.088976 1.351245 0.000000 58.062109 
64000 320.000000 -0.464437 1.515892 0.000000 60.860823 2.837161 0.000000 56.605082 
65000 325.000000 -0.883957 1.151669 0.000000 59.464511 0.864043 0.000000 58.168447 
66000 330.000000 -1.256937 0.764331 0.000000 58.035257 0.119246 0.000000 57.856388 
67000 335.000000 -0.573906 1.436268 0.000000 60.846179 1.195583 0.000000 59.052805 
68000 340.000000 -1.289104 0.526224 0.000000 58.776875 1.123711 0.000000 57.091308 
69000 345.000000 -0.940358 0.858118 0.000000 58.418633 1.358762 0.000000 56.380490 
70000 350.000000 -1.073803 0.989182 0.000000 59.834648 1.518830 0.000000 57.556403 
71000 355.000000 -1.285596 0.559545 0.000000 60.006236 1.865043 0.000000 57.208673 
72000 360.000000 -1.226660 0.688566 0.000000 61.201691 3.402531 0.000000 56.097894 
73000 365.000000 -1.111432 0.621908 0.000000 59.373034 1.200504 0.000000 57.572278 
74000 370.000000 -0.862238 0.950821 0.000000 58.261605 0.016905 0.000000 58.236247 
75000 375.000000 -0.634418 1.254951 0.000000 60.400407 0.857503 0.000000 59.114152 
76000 380.000000 -0.637685 1.373830 0.000000 63.127281 2.386931 0.000000 59.546884 
77000 385.000000 -1.379271 0.798013 0.000000 57.532271 0.153519 0.000000 57.301992 
78000 390.000000 -1.216978 0.675157 0.000000 61.167231 1.862469 0.000000 58.373527 
79000 395.000000 -0.787053 0.362118 0.000000 58.279461 0.870332 0.000000 56.973963 
80000 400.000000 0.094895 0.485309 0.000000 63.588877 1.433766 0.000000 61.438228 
81000 405.000000 0.090277 0.394556 0.000000 61.469138 0.089844 0.000000 61.334372 
82000 410.000000 -0.373320 0.440374 0.000000 63.813744 1.639009 0.000000 61.355231 
83000 415.000000 0.004222 0.422982 0.000000 63.392078 0.370535 0.000000 62.836275 
84000 420.000000 -0.272777 0.426278 0.000000 63.567341 0.146286 0.000000 63.347912 
85000 425.000000 -0.209150 0.459336 0.000000 63.972372 0.050525 0.000000 63.896585 
86000 430.000000 -1.527368 0.567154 0.000000 60.235580 0.080497 0.000000 60.114834 
87000 435.000000 -0.835702 0.989537 0.000000 60.230933 0.256071 0.000000 59.846827 
88000 440.000000 -0.638526 1.271884 0.000000 64.037195 2.349205 0.000000 60.513388 
89000 445.000000 -0.519854 1.486214 0.000000 64.536574 0.132010 0.000000 64.338560 
90000 450.000000 -0.513274 1.477607 0.000000 64.905599 0.860328 0.000000 63.615108 
91000 455.000000 -0.376268 1.632458 0.000000 64.038090 0.585652 0.000000 63.159612 
92000 460.000000 -0.549499 1.551519 0.000000 63.259913 0.505593 0.000000 62.501524 
93000 465.000000 -1.023817 0.951362 0.000000 64.361808 1.974336 0.000000 61.400304 
94000 470.000000 -0.760952 0.328586 0.000000 59.606742 0.065926 0.000000 59.507853 
95000 475.000000 -0.100059 0.470740 0.000000 66.695816 1.809968 0.000000 63.980864 
96000 480.000000 -0.191232 0.412703 0.000000 64.807946 0.270311 0.000000 64.402479 
97000 485.000000 0.080641 0.413886 0.000000 64.553414 0.416584 0.000000 63.928539 
98000 490.000000 0.086535 0.423509 0.000000 64.849401 0.419554 0.000000 64.220070 
99000 495.000000 -0.307945 0.423865 0.000000 65.213130 0.570160 0.000000 64.357890 
