0 0.000000 -0.591280 1.432470 0.000000 7.028109 4.685406 0.000000 0.000000 
0 0.000000 -0.579920 1.424346 0.000000 6.601386 3.658497 0.000000 1.113640 
1000 5.000000 -0.450547 1.538872 0.000000 4.613723 1.000306 0.000000 3.113264 
2000 10.000000 -0.562016 1.483391 0.000000 6.592412 4.246926 0.000000 0.222023 
3000 15.000000 -0.522443 1.428926 0.000000 4.829141 0.779951 0.000000 3.659215 
4000 20.000000 -0.689076 1.160276 0.000000 0.393064 1.227172 0.000000 -1.447693 
5000 25.000000 -0.515647 1.507499 0.000000 5.427673 1.785112 0.000000 2.750005 
6000 30.000000 -0.757531 1.288997 0.000000 20.872184 1.400397 0.000000 18.771589 
7000 35.000000 -0.462417 1.465475 0.000000 27.872939 0.250252 0.000000 27.497561 
8000 40.000000 -0.561193 1.401428 0.000000 31.524354 1.255571 0.000000 29.640997 
9000 45.000000 -0.642533 1.268115 0.000000 30.993455 0.131965 0.000000 30.795508 
10000 50.000000 -0.666956 1.330356 0.000000 34.869858 3.893956 0.000000 29.028924 
11000 55.000000 -0.712486 1.257722 0.000000 33.163774 0.943645 0.000000 31.748307 
12000 60.000000 -0.421924 1.620593 0.000000 36.475301 0.696439 0.000000 35.430643 
13000 65.000000 -0.068133 1.849103 0.000000 37.231118 2.638021 0.000000 33.274086 
14000 70.000000 -0.352877 1.563700 0.000000 36.848443 0.033588 0.000000 36.798061 
15000 75.000000 -0.183858 1.819029 0.000000 40.034105 2.320305 0.000000 36.553647 
16000 80.000000 -0.454379 1.596021 0.000000 39.972577 0.494210 0.000000 39.231262 
17000 85.000000 -0.495798 1.598756 0.000000 40.856478 3.027985 0.000000 36.314500 
18000 90.000000 -0.424663 1.549588 0.000000 41.538804 2.026209 0.000000 38.499490 
19000 95.000000 -0.750844 1.261402 0.000000 39.945418 1.502794 0.000000 37.691228 
20000 100.000000 -0.446410 1.575210 0.000000 41.971679 0.473513 0.000000 41.261409 
21000 105.000000 -0.661752 1.416610 0.000000 41.898984 1.372254 0.000000 39.840603 
22000 110.000000 -0.491818 1.445506 0.000000 43.165202 1.320619 0.000000 41.184273 
23000 115.000000 -0.210694 1.748143 0.000000 43.275978 1.544386 0.000000 40.959399 
24000 120.000000 -0.098435 1.844787 0.000000 40.955133 0.513057 0.000000 40.185548 
25000 125.000000 -0.417922 1.526286 0.000000 44.044545 0.484861 0.000000 43.317253 
26000 130.000000 -0.543507 1.557279 0.000000 43.418975 0.161769 0.000000 43.176322 
27000 135.000000 -0.395901 1.654994 0.000000 44.504328 0.499700 0.000000 43.754778 
28000 140.000000 -0.837488 1.239709 0.000000 43.049761 0.355596 0.000000 42.516367 
29000 145.000000 -1.254541 0.494087 0.000000 43.929989 0.634170 0.000000 42.978734 
30000 150.000000 -0.844417 1.209712 0.000000 44.405830 0.114958 0.000000 44.233393 
31000 155.000000 -0.600814 1.429073 0.000000 47.388455 0.158129 0.000000 47.151262 
32000 160.000000 -0.522632 1.535489 0.000000 47.135079 0.120796 0.000000 46.953885 
33000 165.000000 -0.590195 1.240348 0.000000 44.211944 0.066144 0.000000 44.112728 
34000 170.000000 -0.502719 1.574367 0.000000 47.106194 0.181431 0.000000 46.834047 
35000 175.000000 -0.004562 1.997195 0.000000 43.573038 1.189005 0.000000 41.789530 
36000 180.000000 -0.958747 1.010397 0.000000 48.117793 0.512521 0.000000 47.349012 
37000 185.000000 -0.369930 1.602558 0.000000 49.616505 1.780279 0.000000 46.946086 
38000 190.000000 -0.500168 1.488514 0.000000 50.156145 0.069426 0.000000 50.052007 
39000 195.000000 -0.730890 1.307685 0.000000 49.850568 0.933266 0.000000 48.450669 
40000 200.000000 -0.637291 1.270154 0.000000 49.134406 0.365625 0.000000 48.585968 
41000 205.000000 -0.550591 1.476896 0.000000 51.311080 1.024029 0.000000 49.775036 
42000 210.000000 -0.704761 1.265646 0.000000 50.568408 1.269945 0.000000 48.663491 
43000 215.000000 -0.322408 1.728966 0.000000 50.731133 0.073766 0.000000 50.620485 
44000 220.000000 -0.596457 1.338557 0.000000 51.328136 1.646597 0.000000 48.858241 
45000 225.000000 -0.578193 1.409888 0.000000 51.442528 0.241176 0.000000 51.080764 
46000 230.000000 -1.242663 0.627493 0.000000 50.542783 1.129472 0.000000 48.848575 
47000 235.000000 -0.529263 1.522393 0.000000 52.101143 0.500661 0.000000 51.350152 
48000 240.000000 -0.811172 1.184583 0.000000 50.487661 0.231917 0.000000 50.139786 
49000 245.000000 -0.501944 1.521786 0.000000 52.918194 0.897733 0.000000 51.571595 
50000 250.000000 -0.506539 1.437872 0.000000 52.418721 0.289628 0.000000 51.984279 
51000 255.000000 -0.446181 1.526844 0.000000 52.724224 0.363449 0.000000 52.179051 
52000 260.000000 -0.316712 1.680761 0.000000 53.337044 1.481698 0.000000 51.114497 
53000 265.000000 -0.500396 1.535493 0.000000 53.968214 2.250009 0.000000 50.593200 
54000 270.000000 -0.134969 1.859687 0.000000 51.744842 0.025492 0.000000 51.706604 
55000 275.000000 -0.398961 1.711080 0.000000 53.112334 2.507125 0.000000 49.351646 
56000 280.000000 -1.120699 0.962062 0.000000 53.183987 6.018511 0.000000 44.156220 
57000 285.000000 -1.026455 0.401741 0.000000 50.482312 0.770824 0.000000 49.326077 
58000 290.000000 0.042923 0.443641 0.000000 56.313255 0.220378 0.000000 55.982688 
59000 295.000000 -0.207183 0.370734 0.000000 55.313185 0.527700 0.000000 54.521635 
60000 300.000000 -0.093198 0.448304 0.000000 57.897054 0.306218 0.000000 57.437727 
61000 305.000000 -0.086225 0.463035 0.000000 59.004741 2.163011 0.000000 55.760225 
62000 310.000000 -1.096730 0.754673 0.000000 53.419904 1.556250 0.000000 51.085530 
63000 315.000000 -0.656998 1.379965 0.000000 55.910916 1.190897 0.000000 54.124570 
64000 320.000000 -0.348344 1.650958 0.000000 56.386970 2.416864 0.000000 52.761675 
65000 325.000000 -0.578300 1.455022 0.000000 56.086405 0.659991 0.000000 55.096419 
66000 330.000000 -0.610149 1.424421 0.000000 55.865835 0.189599 0.000000 55.581436 
67000 335.000000 -0.378399 1.641820 0.000000 56.220637 1.191558 0.000000 54.433299 
68000 340.000000 -1.256302 0.398080 0.000000 51.895535 0.576513 0.000000 51.030766 
69000 345.000000 0.005589 0.415037 0.000000 58.281304 0.188315 0.000000 57.998831 
70000 350.000000 -0.134933 0.493134 0.000000 61.321395 3.984324 0.000000 55.344909 
71000 355.000000 -0.120965 0.462890 0.000000 60.127401 1.452549 0.000000 57.948578 
72000 360.000000 -0.697114 0.338895 0.000000 55.668193 2.429714 0.000000 52.023622 
73000 365.000000 -0.073691 0.421434 0.000000 59.263061 0.618920 0.000000 58.334680 
74000 370.000000 -0.628641 1.215820 0.000000 54.878844 1.135269 0.000000 53.175940 
75000 375.000000 -0.641944 1.245286 0.000000 56.288079 0.865694 0.000000 54.989539 
76000 380.000000 -0.575317 1.430889 0.000000 58.955375 2.229516 0.000000 55.611102 
77000 385.000000 -0.996946 0.547556 0.000000 55.347920 1.093599 0.000000 53.707521 
78000 390.000000 -0.152086 0.484283 0.000000 62.201105 3.533594 0.000000 56.900713 
79000 395.000000 0.133166 0.413250 0.000000 58.396117 0.217147 0.000000 58.070397 
80000 400.000000 0.062720 0.468807 0.000000 61.027486 1.766744 0.000000 58.377369 
81000 405.000000 0.064102 0.393789 0.000000 58.706506 0.042424 0.000000 58.642870 
82000 410.000000 -0.311425 0.437186 0.000000 60.193843 1.428260 0.000000 58.051453 
83000 415.000000 -0.033313 0.438368 0.000000 60.887134 0.585124 0.000000 60.009448 
84000 420.000000 -0.131332 0.471380 0.000000 60.894066 0.202955 0.000000 60.589634 
85000 425.000000 -0.200579 0.446807 0.000000 60.313943 0.138055 0.000000 60.106861 
86000 430.000000 -0.364221 0.480286 0.000000 59.471708 0.020982 0.000000 59.440236 
87000 435.000000 -0.157616 0.425893 0.000000 62.173201 3.534115 0.000000 56.872028 
88000 440.000000 -1.574979 0.550655 0.000000 55.410175 2.392190 0.000000 51.821890 
89000 445.000000 -0.163665 0.518151 0.000000 61.498725 0.155423 0.000000 61.265591 
90000 450.000000 0.030315 0.448137 0.000000 62.090640 0.306123 0.000000 61.631455 
91000 455.000000 -0.002078 0.467484 0.000000 62.458569 0.178649 0.000000 62.190595 
92000 460.000000 0.011161 0.553351 0.000000 61.852199 0.975974 0.000000 60.388238 
93000 465.000000 0.141284 0.520184 0.000000 62.545359 2.034005 0.000000 59.494351 
94000 470.000000 -0.685221 0.285823 0.000000 56.986694 0.035801 0.000000 56.932991 
95000 475.000000 -0.102344 0.472046 0.000000 63.540547 1.878461 0.000000 60.722855 
96000 480.000000 -0.099165 0.437928 0.000000 62.326059 0.413760 0.000000 61.705419 
97000 485.000000 0.070584 0.415874 0.000000 61.899029 0.282129 0.000000 61.475835 
98000 490.000000 0.102502 0.426080 0.000000 62.275205 0.532053 0.000000 61.477125 
99000 495.000000 -0.255467 0.420214 0.000000 62.083260 0.519952 0.000000 61.303333 
