0 0.000000 0.127404 0.539671 0.000000 7.028109 4.685406 0.000000 0.000000 
0 0.000000 0.138628 0.531372 0.000000 6.644745 3.684076 0.000000 1.118631 
1000 5.000000 0.229042 0.488248 0.000000 4.804483 0.654656 0.000000 3.822498 
2000 10.000000 0.167698 0.570565 0.000000 5.511148 3.646471 0.000000 0.041441 
3000 15.000000 0.213018 0.464320 0.000000 4.675763 0.698948 0.000000 3.627342 
4000 20.000000 -0.000679 0.403088 0.000000 2.852542 0.482205 0.000000 2.129235 
5000 25.000000 0.357378 0.547870 0.000000 2.471620 0.612509 0.000000 1.552857 
6000 30.000000 -0.176373 0.530366 0.000000 24.034949 0.868882 0.000000 22.731626 
7000 35.000000 -0.329934 0.381382 0.000000 46.828036 0.122263 0.000000 46.644641 
8000 40.000000 -0.540931 0.414118 0.000000 51.148128 0.036177 0.000000 51.093863 
9000 45.000000 -0.697697 0.462992 0.000000 59.458880 0.053511 0.000000 59.378614 
10000 50.000000 -0.660259 0.415631 0.000000 67.803058 0.138985 0.000000 67.594580 
11000 55.000000 -0.600757 0.453779 0.000000 76.624113 0.559615 0.000000 75.784691 
12000 60.000000 0.161378 0.521179 0.000000 75.940392 0.074827 0.000000 75.828151 
13000 65.000000 0.048700 0.504870 0.000000 78.157591 4.102900 0.000000 72.003241 
14000 70.000000 0.215453 0.431693 0.000000 74.946083 0.370689 0.000000 74.390049 
15000 75.000000 -0.275140 0.707872 0.000000 84.975934 2.287973 0.000000 81.543974 
16000 80.000000 -0.428835 0.751707 0.000000 82.310576 0.050759 0.000000 82.234437 
17000 85.000000 -0.608893 1.438639 0.000000 97.762455 2.343993 0.000000 94.246465 
18000 90.000000 -0.429388 1.529399 0.000000 97.764228 1.924141 0.000000 94.878017 
19000 95.000000 -0.597446 1.409844 0.000000 98.543261 1.476417 0.000000 96.328635 
20000 100.000000 -0.676220 1.326215 0.000000 97.921411 0.563217 0.000000 97.076586 
21000 105.000000 -0.626639 1.442051 0.000000 97.459763 0.968424 0.000000 96.007126 
22000 110.000000 -0.537782 1.394003 0.000000 98.067078 0.887823 0.000000 96.735344 
23000 115.000000 -0.452778 1.473649 0.000000 97.864020 0.720219 0.000000 96.783692 
24000 120.000000 -0.432919 1.487648 0.000000 97.626641 0.165980 0.000000 97.377671 
25000 125.000000 -0.540133 1.381084 0.000000 98.526922 0.719455 0.000000 97.447739 
26000 130.000000 -0.533106 1.575658 0.000000 97.617000 0.168565 0.000000 97.364152 
27000 135.000000 -0.461690 1.583983 0.000000 98.700186 0.111276 0.000000 98.533272 
28000 140.000000 -0.841298 1.245045 0.000000 97.061579 0.398998 0.000000 96.463082 
29000 145.000000 -0.615396 1.363168 0.000000 100.364630 0.637248 0.000000 99.408758 
30000 150.000000 -0.499273 1.549146 0.000000 99.848293 0.051709 0.000000 99.770729 
31000 155.000000 -0.546855 1.489214 0.000000 100.412171 0.077170 0.000000 100.296416 
32000 160.000000 -0.530195 1.524935 0.000000 100.409946 0.338874 0.000000 99.901634 
33000 165.000000 -0.630499 1.197715 0.000000 97.289946 0.007249 0.000000 97.279073 
34000 170.000000 -0.508968 1.562503 0.000000 100.533640 0.406208 0.000000 99.924328 
35000 175.000000 -0.238852 1.756597 0.000000 96.415332 0.052849 0.000000 96.336059 
36000 180.000000 -0.701689 1.299841 0.000000 102.619465 1.448801 0.000000 100.446263 
37000 185.000000 -0.517235 1.428659 0.000000 102.630643 2.155612 0.000000 99.397224 
38000 190.000000 -0.594932 1.386397 0.000000 102.510506 0.061807 0.000000 102.417795 
39000 195.000000 -0.782492 1.247890 0.000000 102.507007 1.383091 0.000000 100.432370 
40000 200.000000 -0.643930 1.244082 0.000000 102.067091 0.499332 0.000000 101.318094 
41000 205.000000 -0.546407 1.480817 0.000000 103.795812 1.072061 0.000000 102.187720 
42000 210.000000 -0.764823 1.208891 0.000000 102.843323 0.888950 0.000000 101.509898 
43000 215.000000 -0.509067 1.506737 0.000000 104.433946 1.318146 0.000000 102.456728 
44000 220.000000 -0.755666 1.175676 0.000000 102.922592 0.869251 0.000000 101.618716 
45000 225.000000 -0.592243 1.390886 0.000000 104.737576 0.410201 0.000000 104.122274 
46000 230.000000 -0.697610 1.302438 0.000000 105.632215 1.253425 0.000000 103.752078 
47000 235.000000 -0.550550 1.505510 0.000000 104.924252 0.517206 0.000000 104.148443 
48000 240.000000 -0.800251 1.211921 0.000000 104.430355 0.610467 0.000000 103.514655 
49000 245.000000 -0.545822 1.472356 0.000000 106.179264 0.839181 0.000000 104.920493 
50000 250.000000 -0.551382 1.382707 0.000000 105.818755 0.147022 0.000000 105.598221 
51000 255.000000 -0.508540 1.464446 0.000000 106.431235 0.350247 0.000000 105.905864 
52000 260.000000 -0.601049 1.387493 0.000000 107.269961 1.298314 0.000000 105.322491 
53000 265.000000 -0.507371 1.535733 0.000000 108.110275 2.473662 0.000000 104.399782 
54000 270.000000 -0.414964 1.605003 0.000000 107.317466 0.005677 0.000000 107.308951 
55000 275.000000 -0.542468 1.561254 0.000000 107.704391 2.428405 0.000000 104.061784 
56000 280.000000 -0.892935 1.099141 0.000000 109.009683 6.323450 0.000000 99.524508 
57000 285.000000 -0.736700 1.220267 0.000000 110.149822 3.886720 0.000000 104.319741 
58000 290.000000 -0.535608 1.409598 0.000000 109.061860 0.954016 0.000000 107.630837 
59000 295.000000 -0.538976 1.333428 0.000000 107.323174 0.100531 0.000000 107.172377 
60000 300.000000 -0.439047 1.505313 0.000000 108.734160 0.064985 0.000000 108.636683 
61000 305.000000 -0.450770 1.449904 0.000000 108.519460 0.534024 0.000000 107.718424 
62000 310.000000 -0.528878 1.433453 0.000000 111.722994 3.566597 0.000000 106.373099 
63000 315.000000 -0.778023 1.253410 0.000000 111.202031 2.049635 0.000000 108.127578 
64000 320.000000 -0.513308 1.488885 0.000000 111.733725 2.333328 0.000000 108.233733 
65000 325.000000 -0.708556 1.297086 0.000000 112.416981 1.189502 0.000000 110.632729 
66000 330.000000 -0.727123 1.300137 0.000000 111.707029 0.085469 0.000000 111.578826 
67000 335.000000 -0.601818 1.390644 0.000000 112.393887 1.094957 0.000000 110.751452 
68000 340.000000 -0.823157 1.101812 0.000000 111.327801 0.757713 0.000000 110.191231 
69000 345.000000 -0.457444 1.538509 0.000000 113.153819 1.226234 0.000000 111.314468 
70000 350.000000 -0.722726 1.353245 0.000000 112.299543 0.754622 0.000000 111.167611 
71000 355.000000 -0.817597 1.130782 0.000000 113.021455 0.625990 0.000000 112.082470 
72000 360.000000 -0.859602 1.187451 0.000000 114.643553 3.413371 0.000000 109.523497 
73000 365.000000 -0.663306 1.238327 0.000000 115.659589 4.767026 0.000000 108.509049 
74000 370.000000 -0.400529 1.468925 0.000000 112.008233 0.593071 0.000000 111.118627 
75000 375.000000 -0.658406 1.212767 0.000000 113.849312 1.021547 0.000000 112.316992 
76000 380.000000 -0.666976 1.334929 0.000000 116.723101 2.228674 0.000000 113.380090 
77000 385.000000 -0.597911 1.441060 0.000000 123.345114 1.353494 0.000000 121.314873 
78000 390.000000 -0.605870 1.314044 0.000000 123.132510 1.283102 0.000000 121.207857 
79000 395.000000 -0.644397 1.309909 0.000000 123.603637 1.065762 0.000000 122.004994 
80000 400.000000 -0.624127 1.347522 0.000000 124.270207 0.202445 0.000000 123.966540 
81000 405.000000 -0.513996 1.462226 0.000000 124.898363 0.902470 0.000000 123.544657 
82000 410.000000 -0.659202 1.351170 0.000000 125.460877 1.570722 0.000000 123.104793 
83000 415.000000 -0.531090 1.398244 0.000000 124.734607 0.153379 0.000000 124.504538 
84000 420.000000 -0.886386 1.100276 0.000000 124.903952 0.144172 0.000000 124.687693 
85000 425.000000 -0.705129 1.244458 0.000000 125.826893 0.334299 0.000000 125.325444 
86000 430.000000 -0.874360 1.150078 0.000000 126.606075 1.223278 0.000000 124.771158 
87000 435.000000 -0.755670 1.107990 0.000000 125.586187 1.082809 0.000000 123.961974 
88000 440.000000 -0.838486 1.078064 0.000000 127.115971 2.473881 0.000000 123.405149 
89000 445.000000 -0.564475 1.435418 0.000000 125.817989 0.184728 0.000000 125.540897 
90000 450.000000 -0.426118 1.599337 0.000000 126.630007 0.787119 0.000000 125.449329 
91000 455.000000 -0.371654 1.678630 0.000000 126.586296 0.520767 0.000000 125.805146 
92000 460.000000 -0.473025 1.650921 0.000000 126.080410 0.787882 0.000000 124.898587 
93000 465.000000 -0.440195 1.650516 0.000000 127.637594 1.342329 0.000000 125.624101 
94000 470.000000 -0.696110 1.313404 0.000000 127.608302 0.347081 0.000000 127.087680 
95000 475.000000 -0.746531 1.179338 0.000000 127.962223 0.387548 0.000000 127.380900 
96000 480.000000 -0.669699 1.240718 0.000000 127.208573 0.084168 0.000000 127.082321 
97000 485.000000 -0.403269 1.544584 0.000000 129.419875 2.386650 0.000000 125.839899 
98000 490.000000 -0.352823 1.650673 0.000000 129.031798 1.760794 0.000000 126.390608 
99000 495.000000 -0.325057 1.654357 0.000000 128.203282 0.716379 0.000000 127.128713 
