0 0.000000 0.998183 0.059888 0.000000 7.028109 4.685406 0.000000 0.000000 
0 0.000000 1.008808 0.051478 0.000000 5.899581 3.201943 0.000000 1.096666 
1000 5.000000 0.943825 0.045372 0.000000 6.065021 0.639268 0.000000 5.106119 
2000 10.000000 0.990796 0.088244 0.000000 5.311547 2.722167 0.000000 1.228296 
3000 15.000000 0.940344 -0.009152 0.000000 6.414251 1.927741 0.000000 3.522639 
4000 20.000000 0.978437 -0.001247 0.000000 6.673313 1.823535 0.000000 3.938010 
5000 25.000000 0.939794 0.064310 0.000000 6.374639 2.149200 0.000000 3.150838 
6000 30.000000 -0.442904 0.538651 0.000000 28.654151 1.557154 0.000000 26.318419 
7000 35.000000 0.037038 0.529286 0.000000 48.532860 0.015276 0.000000 48.509946 
8000 40.000000 0.509065 0.438785 0.000000 53.251428 0.999208 0.000000 51.752616 
9000 45.000000 0.188711 0.473483 0.000000 52.990030 1.103983 0.000000 51.334056 
10000 50.000000 0.067194 0.447008 0.000000 54.116661 2.500325 0.000000 50.366173 
11000 55.000000 -0.164266 0.468289 0.000000 52.008801 0.130852 0.000000 51.812523 
12000 60.000000 0.200330 0.521544 0.000000 54.550931 0.033304 0.000000 54.500976 
13000 65.000000 0.095175 0.464270 0.000000 56.256550 3.130653 0.000000 51.560570 
14000 70.000000 0.224924 0.424164 0.000000 54.397812 0.584884 0.000000 53.520486 
15000 75.000000 0.986904 0.025290 0.000000 72.600597 0.596619 0.000000 71.705668 
16000 80.000000 0.925472 0.042455 0.000000 72.138742 0.803448 0.000000 70.933571 
17000 85.000000 0.938529 0.081461 0.000000 72.806605 3.062637 0.000000 68.212649 
18000 90.000000 0.983613 0.021717 0.000000 73.223285 1.382750 0.000000 71.149160 
19000 95.000000 0.957986 0.032104 0.000000 73.789980 2.102234 0.000000 70.636629 
20000 100.000000 0.988170 0.065165 0.000000 72.381363 1.509381 0.000000 70.117293 
21000 105.000000 0.999301 0.092212 0.000000 70.406833 0.733140 0.000000 69.307123 
22000 110.000000 0.988139 0.019499 0.000000 72.558005 0.287278 0.000000 72.127088 
23000 115.000000 0.993869 -0.042178 0.000000 70.867594 0.026259 0.000000 70.828205 
24000 120.000000 0.973339 -0.032639 0.000000 72.140354 0.620871 0.000000 71.209048 
25000 125.000000 1.015287 0.000031 0.000000 71.266663 0.443432 0.000000 70.601514 
26000 130.000000 0.947519 0.099701 0.000000 71.589554 0.502714 0.000000 70.835483 
27000 135.000000 0.948560 0.025709 0.000000 73.331247 0.371841 0.000000 72.773486 
28000 140.000000 0.928616 0.042518 0.000000 73.154158 1.198350 0.000000 71.356633 
29000 145.000000 0.960899 0.003171 0.000000 73.242976 0.022021 0.000000 73.209944 
30000 150.000000 0.956934 0.047830 0.000000 73.421085 0.583184 0.000000 72.546310 
31000 155.000000 0.936426 0.030203 0.000000 73.168504 0.374622 0.000000 72.606572 
32000 160.000000 0.943430 0.030153 0.000000 74.007311 1.597765 0.000000 71.610663 
33000 165.000000 0.993746 -0.056581 0.000000 71.772085 1.515546 0.000000 69.498766 
34000 170.000000 0.898883 0.085127 0.000000 71.188088 0.228700 0.000000 70.845038 
35000 175.000000 0.954876 0.036872 0.000000 75.068985 2.252942 0.000000 71.689572 
36000 180.000000 0.985953 0.016617 0.000000 74.433225 1.474958 0.000000 72.220789 
37000 185.000000 0.987615 -0.047609 0.000000 74.917891 5.916376 0.000000 66.043328 
38000 190.000000 0.952591 0.010102 0.000000 74.459275 0.822161 0.000000 73.226034 
39000 195.000000 0.956384 0.063273 0.000000 74.209062 1.064924 0.000000 72.611676 
40000 200.000000 0.997149 -0.047298 0.000000 72.229015 0.064068 0.000000 72.132913 
41000 205.000000 0.969549 0.010494 0.000000 74.574061 0.202352 0.000000 74.270533 
42000 210.000000 0.961343 0.015939 0.000000 74.952020 0.863799 0.000000 73.656321 
43000 215.000000 0.953502 0.035642 0.000000 74.625437 0.358433 0.000000 74.087788 
44000 220.000000 0.978776 -0.030984 0.000000 73.664730 0.279647 0.000000 73.245260 
45000 225.000000 0.980564 0.020155 0.000000 74.608633 0.317229 0.000000 74.132789 
46000 230.000000 0.959252 0.037535 0.000000 74.987995 0.726947 0.000000 73.897575 
47000 235.000000 0.986589 0.073737 0.000000 73.612681 0.499284 0.000000 72.863755 
48000 240.000000 0.900021 -0.038321 0.000000 71.457161 0.381235 0.000000 70.885308 
49000 245.000000 0.987176 0.065798 0.000000 74.002726 0.564326 0.000000 73.156237 
50000 250.000000 1.015191 0.030980 0.000000 73.714974 0.677612 0.000000 72.698557 
51000 255.000000 1.026296 0.047879 0.000000 72.300328 0.014967 0.000000 72.277878 
52000 260.000000 0.934511 -0.033060 0.000000 74.632368 2.556000 0.000000 70.798367 
53000 265.000000 0.944308 0.041285 0.000000 75.055817 0.576344 0.000000 74.191301 
54000 270.000000 0.991086 0.030931 0.000000 74.754946 0.415867 0.000000 74.131145 
55000 275.000000 0.885745 0.070624 0.000000 73.842226 2.817140 0.000000 69.616516 
56000 280.000000 0.950315 -0.014785 0.000000 77.486961 5.961172 0.000000 68.545203 
57000 285.000000 0.916256 -0.033687 0.000000 74.069082 2.626351 0.000000 70.129554 
58000 290.000000 0.996596 0.010900 0.000000 74.691296 0.148859 0.000000 74.468008 
59000 295.000000 1.004325 -0.059565 0.000000 72.531137 0.235701 0.000000 72.177586 
60000 300.000000 0.995145 0.017170 0.000000 74.809898 0.148545 0.000000 74.587080 
61000 305.000000 0.994646 -0.000697 0.000000 75.163872 0.982323 0.000000 73.690388 
62000 310.000000 0.066434 0.535312 0.000000 78.676418 5.266742 0.000000 70.776305 
63000 315.000000 0.719455 0.279041 0.000000 74.519199 0.335748 0.000000 74.015577 
64000 320.000000 0.755609 0.264788 0.000000 75.837251 0.386660 0.000000 75.257261 
65000 325.000000 0.653855 0.383714 0.000000 75.521049 1.316801 0.000000 73.545847 
66000 330.000000 0.027619 0.543381 0.000000 77.164186 0.414177 0.000000 76.542921 
67000 335.000000 -0.397056 0.670779 0.000000 75.820067 1.601531 0.000000 73.417771 
68000 340.000000 -0.700448 1.242936 0.000000 91.346608 0.455623 0.000000 90.663174 
69000 345.000000 -0.572035 1.404717 0.000000 93.593549 1.070579 0.000000 91.987680 
70000 350.000000 -0.616080 1.474415 0.000000 92.600140 0.493388 0.000000 91.860058 
71000 355.000000 -0.621514 1.342920 0.000000 93.573310 0.945797 0.000000 92.154615 
72000 360.000000 -0.855573 1.190726 0.000000 90.567090 1.085207 0.000000 88.939279 
73000 365.000000 -0.689389 1.236591 0.000000 93.696330 3.502677 0.000000 88.442315 
74000 370.000000 -0.529799 1.322542 0.000000 91.610744 0.976910 0.000000 90.145379 
75000 375.000000 -0.569251 1.317617 0.000000 92.798785 0.862860 0.000000 91.504494 
76000 380.000000 -0.569271 1.450943 0.000000 95.568004 2.085376 0.000000 92.439940 
77000 385.000000 -0.642851 1.397052 0.000000 95.000096 1.492496 0.000000 92.761352 
78000 390.000000 -0.523862 1.412618 0.000000 95.023295 1.770670 0.000000 92.367289 
79000 395.000000 -0.553502 1.386479 0.000000 94.857386 1.030015 0.000000 93.312363 
80000 400.000000 -0.379352 1.582211 0.000000 94.668523 0.509513 0.000000 93.904255 
81000 405.000000 -0.554301 1.415046 0.000000 95.562438 0.730731 0.000000 94.466342 
82000 410.000000 -0.687306 1.325579 0.000000 95.763014 1.393427 0.000000 93.672873 
83000 415.000000 -0.454737 1.505022 0.000000 95.986609 0.068977 0.000000 95.883143 
84000 420.000000 -0.670587 1.308881 0.000000 95.691328 0.262791 0.000000 95.297142 
85000 425.000000 -0.495705 1.531819 0.000000 96.751363 0.252586 0.000000 96.372485 
86000 430.000000 -0.772349 1.210841 0.000000 95.472687 0.497467 0.000000 94.726486 
87000 435.000000 -0.717522 1.170442 0.000000 95.190095 1.807510 0.000000 92.478830 
88000 440.000000 -0.582532 1.345010 0.000000 97.087916 2.335948 0.000000 93.583994 
89000 445.000000 -0.512727 1.499761 0.000000 97.867675 0.161168 0.000000 97.625923 
90000 450.000000 -0.464885 1.538573 0.000000 98.206261 0.933482 0.000000 96.806038 
91000 455.000000 -0.418190 1.616263 0.000000 97.885533 0.522487 0.000000 97.101802 
92000 460.000000 -0.492205 1.626778 0.000000 96.709082 0.550935 0.000000 95.882680 
93000 465.000000 -0.521480 1.565770 0.000000 98.188218 1.308134 0.000000 96.226017 
94000 470.000000 -0.627388 1.385146 0.000000 98.343565 0.358207 0.000000 97.806254 
95000 475.000000 -0.643228 1.283429 0.000000 97.839992 0.385845 0.000000 97.261224 
96000 480.000000 -0.661380 1.246563 0.000000 97.475127 0.036885 0.000000 97.419800 
97000 485.000000 -0.478213 1.441864 0.000000 99.105058 1.512481 0.000000 96.836337 
98000 490.000000 -0.425165 1.560708 0.000000 100.486543 2.281255 0.000000 97.064660 
99000 495.000000 -0.494872 1.448763 0.000000 99.535709 0.887615 0.000000 98.204287 
