0 0.000000 0.213335 0.543154 0.000000 7.028109 4.685406 0.000000 0.000000 
0 0.000000 0.224488 0.534829 0.000000 6.577041 3.640057 0.000000 1.116957 
1000 5.000000 0.229042 0.488248 0.000000 5.328334 0.654656 0.000000 4.346350 
2000 10.000000 0.167698 0.570565 0.000000 6.034999 3.646471 0.000000 0.565292 
3000 15.000000 0.213018 0.464320 0.000000 5.199614 0.698948 0.000000 4.151193 
4000 20.000000 -0.000679 0.403088 0.000000 3.376393 0.482205 0.000000 2.653086 
5000 25.000000 0.357378 0.547870 0.000000 2.993068 0.610983 0.000000 2.076594 
6000 30.000000 -0.084901 0.492694 0.000000 23.811405 1.598150 0.000000 21.414180 
7000 35.000000 0.968658 0.009223 0.000000 42.447471 1.988733 0.000000 39.464371 
8000 40.000000 0.972075 0.028013 0.000000 42.254361 0.976030 0.000000 40.790315 
9000 45.000000 0.975686 -0.005438 0.000000 41.599305 0.273711 0.000000 41.188738 
10000 50.000000 0.866338 -0.025182 0.000000 36.372375 0.577813 0.000000 35.505656 
11000 55.000000 0.940488 0.003631 0.000000 41.660596 0.382813 0.000000 41.086376 
12000 60.000000 0.981212 0.028997 0.000000 42.336041 1.263910 0.000000 40.440176 
13000 65.000000 1.007267 -0.019289 0.000000 40.869179 1.364149 0.000000 38.822955 
14000 70.000000 0.970738 -0.027441 0.000000 41.743476 1.163917 0.000000 39.997601 
15000 75.000000 0.978770 0.033805 0.000000 42.013632 0.460767 0.000000 41.322482 
16000 80.000000 0.919577 0.048143 0.000000 41.307685 0.796503 0.000000 40.112931 
17000 85.000000 0.941486 0.077721 0.000000 42.582218 3.267037 0.000000 37.681662 
18000 90.000000 0.976691 0.026722 0.000000 42.610287 1.275390 0.000000 40.697201 
19000 95.000000 0.953422 0.027184 0.000000 43.097753 2.086566 0.000000 39.967904 
20000 100.000000 0.984738 0.059289 0.000000 42.117654 1.792795 0.000000 39.428462 
21000 105.000000 1.000071 0.085932 0.000000 40.176375 1.139824 0.000000 38.466638 
22000 110.000000 0.988331 0.020470 0.000000 41.878722 0.347978 0.000000 41.356755 
23000 115.000000 0.994388 -0.042244 0.000000 40.294386 0.003297 0.000000 40.289440 
24000 120.000000 0.978827 -0.029852 0.000000 41.637160 0.932771 0.000000 40.238003 
25000 125.000000 1.012067 0.006201 0.000000 40.795757 0.455353 0.000000 40.112727 
26000 130.000000 0.955376 0.103016 0.000000 40.536332 0.467242 0.000000 39.835469 
27000 135.000000 0.950455 0.025091 0.000000 42.383727 0.505402 0.000000 41.625624 
28000 140.000000 0.931053 0.044454 0.000000 42.167702 1.118342 0.000000 40.490190 
29000 145.000000 0.957786 0.010353 0.000000 42.174162 0.037079 0.000000 42.118544 
30000 150.000000 0.955219 0.048779 0.000000 42.307218 0.612491 0.000000 41.388482 
31000 155.000000 0.935670 0.035704 0.000000 41.997889 0.356136 0.000000 41.463685 
32000 160.000000 0.939164 0.042652 0.000000 42.578251 1.452092 0.000000 40.400112 
33000 165.000000 0.991882 -0.066900 0.000000 40.074644 1.277585 0.000000 38.158266 
34000 170.000000 0.897099 0.081149 0.000000 39.756544 0.055874 0.000000 39.672733 
35000 175.000000 0.959930 0.018754 0.000000 43.609270 2.614114 0.000000 39.688100 
36000 180.000000 0.977018 0.026241 0.000000 42.974996 1.618475 0.000000 40.547282 
37000 185.000000 1.008341 -0.045655 0.000000 42.450430 5.131549 0.000000 34.753107 
38000 190.000000 0.947873 0.010992 0.000000 42.663790 0.964655 0.000000 41.216807 
39000 195.000000 0.963298 0.051933 0.000000 42.761338 1.373207 0.000000 40.701528 
40000 200.000000 0.989660 -0.046267 0.000000 40.716851 0.159515 0.000000 40.477578 
41000 205.000000 0.970748 0.020248 0.000000 42.387270 0.068033 0.000000 42.285220 
42000 210.000000 0.954821 0.012135 0.000000 42.587532 0.543987 0.000000 41.771552 
43000 215.000000 0.966837 0.038456 0.000000 42.369081 0.209615 0.000000 42.054659 
44000 220.000000 0.972408 -0.034080 0.000000 41.561929 0.315330 0.000000 41.088934 
45000 225.000000 0.984576 0.012880 0.000000 42.360828 0.519545 0.000000 41.581511 
46000 230.000000 0.960255 0.033453 0.000000 42.545498 0.356763 0.000000 42.010353 
47000 235.000000 0.986874 0.086740 0.000000 40.789797 0.459750 0.000000 40.100172 
48000 240.000000 0.890020 -0.028810 0.000000 38.849180 0.688682 0.000000 37.816157 
49000 245.000000 0.990241 0.056537 0.000000 41.677065 0.443271 0.000000 41.012158 
50000 250.000000 1.004869 0.027579 0.000000 41.747793 0.846944 0.000000 40.477377 
51000 255.000000 1.022362 0.059939 0.000000 39.519829 0.134712 0.000000 39.317760 
52000 260.000000 0.951865 -0.045281 0.000000 42.099668 2.321305 0.000000 38.617710 
53000 265.000000 0.938230 0.050732 0.000000 42.464167 0.780851 0.000000 41.292891 
54000 270.000000 0.990920 0.035467 0.000000 42.213186 0.614832 0.000000 41.290938 
55000 275.000000 0.868551 0.077045 0.000000 39.247198 0.912901 0.000000 37.877846 
56000 280.000000 0.943033 0.016329 0.000000 45.614027 6.636603 0.000000 35.659123 
57000 285.000000 0.921648 -0.057298 0.000000 40.390962 2.076857 0.000000 37.275676 
58000 290.000000 0.988812 0.009948 0.000000 42.271585 0.202708 0.000000 41.967522 
59000 295.000000 0.998541 -0.057317 0.000000 40.416086 0.110254 0.000000 40.250705 
60000 300.000000 0.992341 0.008000 0.000000 42.174513 0.191585 0.000000 41.887136 
61000 305.000000 0.991080 -0.005126 0.000000 42.431677 0.794537 0.000000 41.239871 
62000 310.000000 0.258387 0.498485 0.000000 54.350781 5.888267 0.000000 45.518381 
63000 315.000000 0.297278 0.414948 0.000000 52.941604 2.724777 0.000000 48.854437 
64000 320.000000 0.373581 0.432608 0.000000 52.712387 0.765105 0.000000 51.564730 
65000 325.000000 0.330434 0.432918 0.000000 52.518398 0.689871 0.000000 51.483592 
66000 330.000000 0.323827 0.501971 0.000000 52.154474 0.253341 0.000000 51.774463 
67000 335.000000 0.119365 0.499700 0.000000 51.222116 1.133452 0.000000 49.521938 
68000 340.000000 0.332778 0.417777 0.000000 52.460625 0.789126 0.000000 51.276936 
69000 345.000000 0.409421 0.433472 0.000000 52.743506 0.034887 0.000000 52.691175 
70000 350.000000 0.302254 0.481850 0.000000 54.386861 3.685685 0.000000 48.858334 
71000 355.000000 0.312944 0.443359 0.000000 53.194677 1.251836 0.000000 51.316922 
72000 360.000000 -0.175518 0.444515 0.000000 47.947475 0.672149 0.000000 46.939253 
73000 365.000000 0.377942 0.395771 0.000000 52.747228 0.484535 0.000000 52.020425 
74000 370.000000 -0.324615 0.510897 0.000000 47.981976 0.179241 0.000000 47.713114 
75000 375.000000 0.338868 0.443277 0.000000 53.606772 0.810690 0.000000 52.390737 
76000 380.000000 0.044079 0.541763 0.000000 53.019478 4.893943 0.000000 45.678564 
77000 385.000000 0.094020 0.564277 0.000000 50.468961 0.285318 0.000000 50.040984 
78000 390.000000 0.339086 0.467941 0.000000 55.227610 2.910021 0.000000 50.862578 
79000 395.000000 0.499650 0.416890 0.000000 53.202501 0.888634 0.000000 51.869551 
80000 400.000000 0.507417 0.439196 0.000000 53.739939 1.053266 0.000000 52.160040 
81000 405.000000 0.452874 0.402228 0.000000 53.359057 0.167875 0.000000 53.107245 
82000 410.000000 0.120145 0.422770 0.000000 52.820267 0.987909 0.000000 51.338404 
83000 415.000000 0.416675 0.405118 0.000000 54.771006 1.162824 0.000000 53.026770 
84000 420.000000 0.317711 0.462492 0.000000 54.816856 0.194453 0.000000 54.525176 
85000 425.000000 0.296622 0.502330 0.000000 54.577353 0.015267 0.000000 54.554452 
86000 430.000000 -0.723236 1.279317 0.000000 61.836851 0.649470 0.000000 60.862646 
87000 435.000000 -0.648095 1.258670 0.000000 62.164043 2.313149 0.000000 58.694319 
88000 440.000000 -0.575254 1.342856 0.000000 63.256960 2.081597 0.000000 60.134565 
89000 445.000000 -0.539160 1.458193 0.000000 63.503974 0.173849 0.000000 63.243200 
90000 450.000000 -0.499260 1.465357 0.000000 63.684836 1.049200 0.000000 62.111036 
91000 455.000000 -0.511275 1.477112 0.000000 63.618472 0.431758 0.000000 62.970836 
92000 460.000000 -0.524210 1.577813 0.000000 62.615942 1.053064 0.000000 61.036346 
93000 465.000000 -0.574220 1.495624 0.000000 64.169922 1.941253 0.000000 61.258042 
94000 470.000000 -0.652977 1.329699 0.000000 63.411435 0.461061 0.000000 62.719843 
95000 475.000000 -0.503766 1.393835 0.000000 63.280865 0.247165 0.000000 62.910118 
96000 480.000000 -0.632556 1.288147 0.000000 62.776948 0.048780 0.000000 62.703779 
97000 485.000000 -0.586829 1.376850 0.000000 64.787150 1.748611 0.000000 62.164234 
98000 490.000000 -0.418424 1.516160 0.000000 64.445156 2.010636 0.000000 61.429203 
99000 495.000000 -0.571811 1.365140 0.000000 64.000261 0.307945 0.000000 63.538344 
