0 0.000000 -0.511004 1.524880 0.000000 7.028109 4.685406 0.000000 0.000000 
0 0.000000 -0.499665 1.516641 0.000000 6.682769 3.709532 0.000000 1.118471 
1000 5.000000 -0.450547 1.538872 0.000000 4.966553 1.000306 0.000000 3.466095 
2000 10.000000 -0.562016 1.483391 0.000000 6.945242 4.246926 0.000000 0.574854 
3000 15.000000 -0.522443 1.428926 0.000000 5.181972 0.779951 0.000000 4.012046 
4000 20.000000 -0.689076 1.160276 0.000000 0.745895 1.227172 0.000000 -1.094863 
5000 25.000000 -0.515647 1.507499 0.000000 5.797775 1.795822 0.000000 3.104043 
6000 30.000000 -0.768980 1.365295 0.000000 17.940238 0.898307 0.000000 16.592778 
7000 35.000000 -0.468007 1.560385 0.000000 24.195062 0.001922 0.000000 24.192179 
8000 40.000000 -0.509522 1.839629 0.000000 26.819519 0.036508 0.000000 26.764756 
9000 45.000000 -0.652155 1.674577 0.000000 31.563665 0.319710 0.000000 31.084099 
10000 50.000000 -0.619759 1.493205 0.000000 32.188344 2.896841 0.000000 27.843083 
11000 55.000000 -0.778183 1.083916 0.000000 29.864085 0.044730 0.000000 29.796990 
12000 60.000000 -0.567052 1.422262 0.000000 34.799950 0.100080 0.000000 34.649830 
13000 65.000000 0.004251 0.477367 0.000000 52.206837 3.245559 0.000000 47.338498 
14000 70.000000 0.084110 0.438813 0.000000 50.737412 0.603039 0.000000 49.832853 
15000 75.000000 -0.017371 0.514841 0.000000 52.435926 1.967662 0.000000 49.484433 
16000 80.000000 -0.374012 0.561194 0.000000 49.598784 0.310363 0.000000 49.133239 
17000 85.000000 0.045880 0.522102 0.000000 53.807815 3.406717 0.000000 48.697739 
18000 90.000000 0.223313 0.499717 0.000000 53.219937 0.701213 0.000000 52.168118 
19000 95.000000 0.056173 0.509370 0.000000 53.178891 0.514414 0.000000 52.407271 
20000 100.000000 0.282255 0.450444 0.000000 54.644837 3.195864 0.000000 49.851041 
21000 105.000000 -0.103800 0.552957 0.000000 53.267523 0.762505 0.000000 52.123765 
22000 110.000000 -0.084988 0.565598 0.000000 54.085059 1.659246 0.000000 51.596190 
23000 115.000000 0.210817 0.430538 0.000000 54.191588 0.038418 0.000000 54.133961 
24000 120.000000 -0.055962 0.512940 0.000000 56.238804 1.993521 0.000000 53.248522 
25000 125.000000 0.243729 0.481964 0.000000 56.304107 1.378666 0.000000 54.236108 
26000 130.000000 0.085479 0.568673 0.000000 55.600385 0.840139 0.000000 54.340177 
27000 135.000000 -0.039816 0.476698 0.000000 56.497018 0.631438 0.000000 55.549862 
28000 140.000000 -0.599616 0.604714 0.000000 58.319794 2.447571 0.000000 54.648437 
29000 145.000000 0.014104 0.496535 0.000000 58.760158 0.376539 0.000000 58.195349 
30000 150.000000 -0.345940 0.657277 0.000000 58.728698 0.709793 0.000000 57.664008 
31000 155.000000 -0.013096 0.525580 0.000000 60.545749 1.409523 0.000000 58.431464 
32000 160.000000 -0.064115 0.532706 0.000000 60.295988 0.020869 0.000000 60.264684 
33000 165.000000 -0.494541 0.479146 0.000000 59.134189 0.606628 0.000000 58.224248 
34000 170.000000 0.183696 0.571556 0.000000 61.412486 0.188206 0.000000 61.130177 
35000 175.000000 -0.015948 0.557228 0.000000 63.171081 2.233805 0.000000 59.820373 
36000 180.000000 -0.856658 0.628880 0.000000 62.414460 0.657418 0.000000 61.428333 
37000 185.000000 0.093112 0.344171 0.000000 60.275058 0.146060 0.000000 60.055968 
38000 190.000000 0.127942 0.501768 0.000000 65.637057 0.394920 0.000000 65.044677 
39000 195.000000 -0.125894 0.506115 0.000000 65.386361 0.976756 0.000000 63.921228 
40000 200.000000 -0.039528 0.440171 0.000000 65.031723 0.280049 0.000000 64.611649 
41000 205.000000 -0.789041 0.645461 0.000000 67.325386 1.366840 0.000000 65.275127 
42000 210.000000 -0.028893 0.485926 0.000000 67.914458 0.191034 0.000000 67.627906 
43000 215.000000 0.265371 0.490344 0.000000 69.080879 0.413214 0.000000 68.461058 
44000 220.000000 -0.183231 0.451045 0.000000 67.641172 0.340780 0.000000 67.130001 
45000 225.000000 0.201187 0.485201 0.000000 70.618373 0.442940 0.000000 69.953963 
46000 230.000000 -0.747561 0.572624 0.000000 71.434383 1.484827 0.000000 69.207144 
47000 235.000000 -0.588857 1.545463 0.000000 71.891515 0.320483 0.000000 71.410790 
48000 240.000000 -0.762272 1.297070 0.000000 71.287473 0.445904 0.000000 70.618616 
49000 245.000000 -0.509738 1.437443 0.000000 73.573474 0.726838 0.000000 72.483216 
50000 250.000000 -0.497616 1.427666 0.000000 73.305060 0.730804 0.000000 72.208853 
51000 255.000000 -0.481519 1.527603 0.000000 73.326308 0.146882 0.000000 73.105985 
52000 260.000000 -0.552634 1.381078 0.000000 73.764871 0.810314 0.000000 72.549400 
53000 265.000000 -0.548155 1.492093 0.000000 74.957329 2.362827 0.000000 71.413088 
54000 270.000000 -0.479062 1.477548 0.000000 73.544670 0.067985 0.000000 73.442693 
55000 275.000000 -0.511805 1.444022 0.000000 74.753448 1.914987 0.000000 71.880968 
56000 280.000000 -0.810358 1.321748 0.000000 72.650714 4.571874 0.000000 65.792903 
57000 285.000000 -0.581307 1.285891 0.000000 73.650957 1.827229 0.000000 70.910113 
58000 290.000000 -0.433822 1.510942 0.000000 73.536460 0.530428 0.000000 72.740818 
59000 295.000000 -0.458805 1.459399 0.000000 73.356762 0.090986 0.000000 73.220283 
60000 300.000000 -0.519863 1.368802 0.000000 73.443330 0.384089 0.000000 72.867197 
61000 305.000000 -0.511999 1.413028 0.000000 74.251963 0.825101 0.000000 73.014311 
62000 310.000000 -1.151456 1.875498 0.000000 67.217999 2.390006 0.000000 63.632990 
63000 315.000000 -0.646720 1.446446 0.000000 74.148130 0.760536 0.000000 73.007326 
64000 320.000000 -0.594639 1.392565 0.000000 75.832218 2.691390 0.000000 71.795134 
65000 325.000000 -0.601928 1.483205 0.000000 74.503382 0.730809 0.000000 73.407169 
66000 330.000000 -0.616939 1.491439 0.000000 73.798052 0.001221 0.000000 73.796220 
67000 335.000000 -0.525242 1.565688 0.000000 74.309260 0.660171 0.000000 73.319004 
68000 340.000000 -0.899770 0.483216 0.000000 73.756234 0.767190 0.000000 72.605449 
69000 345.000000 -0.307843 0.451134 0.000000 73.931664 0.389447 0.000000 73.347494 
70000 350.000000 0.095077 0.510115 0.000000 79.361063 3.839245 0.000000 73.602196 
71000 355.000000 0.054906 0.480062 0.000000 78.144510 1.614534 0.000000 75.722710 
72000 360.000000 -1.056303 0.544744 0.000000 76.775279 3.367617 0.000000 71.723853 
73000 365.000000 -0.863192 0.482391 0.000000 74.776990 0.037435 0.000000 74.720837 
74000 370.000000 -0.623375 0.549315 0.000000 77.042873 0.251382 0.000000 76.665801 
75000 375.000000 -0.010190 0.471927 0.000000 78.556200 1.266354 0.000000 76.656669 
76000 380.000000 -0.064177 0.610454 0.000000 78.696880 5.682904 0.000000 70.172524 
77000 385.000000 -0.547420 0.725064 0.000000 76.123542 0.074813 0.000000 76.011322 
78000 390.000000 -0.739729 0.821026 0.000000 77.048631 0.722344 0.000000 75.965116 
79000 395.000000 -0.141393 0.456837 0.000000 77.917814 1.064269 0.000000 76.321410 
80000 400.000000 0.302267 0.490112 0.000000 79.076151 1.770761 0.000000 76.420009 
81000 405.000000 -0.558375 0.537347 0.000000 78.741807 0.148665 0.000000 78.518810 
82000 410.000000 -0.163828 0.462180 0.000000 78.208668 1.129174 0.000000 76.514906 
83000 415.000000 0.165729 0.453217 0.000000 79.250037 0.387896 0.000000 78.668193 
84000 420.000000 -0.003863 0.508074 0.000000 79.661119 0.186259 0.000000 79.381731 
85000 425.000000 -0.694973 0.836744 0.000000 77.498004 0.405405 0.000000 76.889896 
86000 430.000000 -0.812146 0.555387 0.000000 77.997061 0.087750 0.000000 77.865437 
87000 435.000000 -0.560191 0.543696 0.000000 81.285385 3.524920 0.000000 75.998005 
88000 440.000000 -0.875415 0.571583 0.000000 79.615194 3.091353 0.000000 74.978164 
89000 445.000000 0.093688 0.521774 0.000000 80.923404 0.398975 0.000000 80.324942 
90000 450.000000 0.183563 0.459153 0.000000 80.468814 0.225770 0.000000 80.130160 
91000 455.000000 0.094867 0.480096 0.000000 80.901363 0.144393 0.000000 80.684774 
92000 460.000000 -0.527097 0.641719 0.000000 80.585351 0.787425 0.000000 79.404214 
93000 465.000000 -0.244046 0.485336 0.000000 80.029405 1.260275 0.000000 78.138992 
94000 470.000000 -0.939203 0.553437 0.000000 78.820053 0.229595 0.000000 78.475660 
95000 475.000000 0.235259 0.487300 0.000000 82.127455 1.650019 0.000000 79.652426 
96000 480.000000 -0.005900 0.474869 0.000000 81.699463 0.499369 0.000000 80.950409 
97000 485.000000 0.006408 0.435878 0.000000 80.795603 0.203760 0.000000 80.489963 
98000 490.000000 -0.405318 0.479247 0.000000 80.158922 0.800005 0.000000 78.958914 
99000 495.000000 -0.204188 0.489085 0.000000 81.191154 0.618241 0.000000 80.263793 
