0 0.000000 -0.700000 1.400000 0.000000 7.028109 4.685406 0.000000 0.000000 
0 0.000000 -0.688339 1.391665 0.000000 7.236428 4.065440 0.000000 1.138268 
1000 5.000000 -0.450547 1.538872 0.000000 6.417832 1.000306 0.000000 4.917373 
2000 10.000000 -0.562016 1.483391 0.000000 8.396521 4.246926 0.000000 2.026133 
3000 15.000000 -0.522443 1.428926 0.000000 6.633250 0.779951 0.000000 5.463325 
4000 20.000000 -0.689076 1.160276 0.000000 2.197174 1.227172 0.000000 0.356416 
5000 25.000000 -0.515647 1.507499 0.000000 7.247845 1.794992 0.000000 4.555357 
6000 30.000000 -0.921883 1.360235 0.000000 12.592943 2.494958 0.000000 8.850507 
7000 35.000000 -0.557703 1.535119 0.000000 13.034261 0.025024 0.000000 12.996725 
8000 40.000000 -0.793430 0.872054 0.000000 17.918634 0.892498 0.000000 16.579887 
9000 45.000000 0.118797 0.490182 0.000000 32.718667 1.033302 0.000000 31.168713 
10000 50.000000 0.065495 0.443116 0.000000 32.617926 2.303728 0.000000 29.162334 
11000 55.000000 -0.182356 0.470689 0.000000 30.119775 0.080116 0.000000 29.999602 
12000 60.000000 0.457708 0.470351 0.000000 30.228749 0.328038 0.000000 29.736693 
13000 65.000000 0.067935 0.473285 0.000000 35.400204 3.463082 0.000000 30.205581 
14000 70.000000 0.212855 0.433797 0.000000 32.589482 0.354265 0.000000 32.058084 
15000 75.000000 0.967017 0.003891 0.000000 51.371462 0.771730 0.000000 50.213868 
16000 80.000000 0.921552 0.044793 0.000000 50.702390 0.767690 0.000000 49.550855 
17000 85.000000 0.942336 0.082166 0.000000 51.665960 3.011524 0.000000 47.148673 
18000 90.000000 0.976463 0.021770 0.000000 52.038984 1.164072 0.000000 50.292876 
19000 95.000000 0.949069 0.032155 0.000000 52.618032 2.316883 0.000000 49.142707 
20000 100.000000 0.981099 0.064875 0.000000 51.509816 1.615334 0.000000 49.086815 
21000 105.000000 1.002076 0.072714 0.000000 50.283020 1.431834 0.000000 48.135269 
22000 110.000000 0.988164 0.022113 0.000000 51.334733 0.245401 0.000000 50.966631 
23000 115.000000 0.992068 -0.043577 0.000000 49.629107 0.048491 0.000000 49.556370 
24000 120.000000 0.981599 -0.029847 0.000000 50.916578 0.639331 0.000000 49.957582 
25000 125.000000 1.010094 -0.004580 0.000000 50.257388 0.421840 0.000000 49.624628 
26000 130.000000 0.961453 0.096615 0.000000 50.284925 0.350354 0.000000 49.759393 
27000 135.000000 0.954130 0.026658 0.000000 52.062670 0.385801 0.000000 51.483969 
28000 140.000000 0.928087 0.041660 0.000000 51.769379 1.193337 0.000000 49.979374 
29000 145.000000 0.955990 0.002453 0.000000 51.747257 0.002635 0.000000 51.743304 
30000 150.000000 0.957437 0.049193 0.000000 51.944765 0.543752 0.000000 51.129136 
31000 155.000000 0.939104 0.032464 0.000000 51.799159 0.389281 0.000000 51.215238 
32000 160.000000 0.945494 0.028593 0.000000 52.397084 1.277024 0.000000 50.481548 
33000 165.000000 0.979482 -0.055561 0.000000 50.387559 1.495308 0.000000 48.144598 
34000 170.000000 0.900265 0.091382 0.000000 49.008017 0.199392 0.000000 48.708928 
35000 175.000000 0.953111 0.029164 0.000000 52.928003 2.030783 0.000000 49.881829 
36000 180.000000 0.976776 0.005658 0.000000 52.412189 1.293004 0.000000 50.472684 
37000 185.000000 1.016832 -0.053882 0.000000 50.272379 4.108916 0.000000 44.109005 
38000 190.000000 0.948036 -0.001829 0.000000 52.183516 1.016225 0.000000 50.659178 
39000 195.000000 0.960744 0.063306 0.000000 52.019899 1.091907 0.000000 50.382038 
40000 200.000000 0.987831 -0.050366 0.000000 49.956309 0.143992 0.000000 49.740321 
41000 205.000000 0.971752 0.008114 0.000000 52.013558 0.093249 0.000000 51.873685 
42000 210.000000 0.952166 0.018888 0.000000 52.281141 0.545321 0.000000 51.463160 
43000 215.000000 0.973538 0.037010 0.000000 52.114964 0.455536 0.000000 51.431659 
44000 220.000000 0.965218 -0.029101 0.000000 51.237249 0.224497 0.000000 50.900503 
45000 225.000000 0.983011 0.021352 0.000000 52.024332 0.519327 0.000000 51.245342 
46000 230.000000 0.962538 0.038389 0.000000 52.089724 0.350116 0.000000 51.564550 
47000 235.000000 0.997941 0.064317 0.000000 50.543584 0.187153 0.000000 50.262854 
48000 240.000000 0.888837 -0.035980 0.000000 48.043543 0.645916 0.000000 47.074669 
49000 245.000000 0.986594 0.069708 0.000000 51.055882 0.528179 0.000000 50.263613 
50000 250.000000 1.000702 0.035032 0.000000 51.408748 0.809625 0.000000 50.194310 
51000 255.000000 1.022885 0.045308 0.000000 49.497146 0.253399 0.000000 49.117047 
52000 260.000000 0.950111 -0.031894 0.000000 51.979495 2.100217 0.000000 48.829169 
53000 265.000000 0.939158 0.045805 0.000000 52.107896 0.886609 0.000000 50.777983 
54000 270.000000 0.993136 0.029900 0.000000 51.820002 0.785430 0.000000 50.641857 
55000 275.000000 0.874143 0.060595 0.000000 48.504367 0.567206 0.000000 47.653558 
56000 280.000000 0.971945 -0.029958 0.000000 53.651599 5.024206 0.000000 46.115290 
57000 285.000000 0.914220 -0.033945 0.000000 50.431737 1.832147 0.000000 47.683516 
58000 290.000000 0.982700 0.013607 0.000000 51.949025 0.337745 0.000000 51.442408 
59000 295.000000 0.996193 -0.063886 0.000000 49.080351 0.158651 0.000000 48.842375 
60000 300.000000 0.985854 0.019650 0.000000 51.777938 0.222688 0.000000 51.443906 
61000 305.000000 0.982590 0.010015 0.000000 52.440253 1.472248 0.000000 50.231881 
62000 310.000000 0.222094 0.523777 0.000000 55.935660 2.277835 0.000000 52.518907 
63000 315.000000 0.542007 0.351290 0.000000 54.612337 1.973068 0.000000 51.652735 
64000 320.000000 0.161299 0.464708 0.000000 55.450029 0.572274 0.000000 54.591619 
65000 325.000000 0.014057 0.475148 0.000000 55.704094 0.791739 0.000000 54.516485 
66000 330.000000 0.008828 0.544295 0.000000 55.236003 0.326712 0.000000 54.745934 
67000 335.000000 -0.224266 0.617710 0.000000 52.568075 1.093947 0.000000 50.927155 
68000 340.000000 0.024124 0.454667 0.000000 55.457644 0.782713 0.000000 54.283574 
69000 345.000000 0.199287 0.447937 0.000000 54.784076 0.177434 0.000000 54.517926 
70000 350.000000 0.076609 0.512620 0.000000 57.694624 3.970453 0.000000 51.738945 
71000 355.000000 0.039269 0.480209 0.000000 56.307491 1.490069 0.000000 54.072387 
72000 360.000000 -1.204978 0.627677 0.000000 54.404092 1.512010 0.000000 52.136076 
73000 365.000000 -0.983453 0.728991 0.000000 56.048344 0.752823 0.000000 54.919110 
74000 370.000000 -0.898522 0.782868 0.000000 55.932193 0.338783 0.000000 55.424019 
75000 375.000000 -0.586016 1.297956 0.000000 55.649052 0.706408 0.000000 54.589440 
76000 380.000000 -0.713889 1.491908 0.000000 54.907595 0.386020 0.000000 54.328565 
77000 385.000000 -0.902045 0.770005 0.000000 56.264225 0.804805 0.000000 55.057017 
78000 390.000000 -0.838532 0.939552 0.000000 59.701701 4.252721 0.000000 53.322620 
79000 395.000000 -0.470617 0.659760 0.000000 56.003998 0.308233 0.000000 55.541648 
80000 400.000000 -0.446248 0.662695 0.000000 55.959363 0.765815 0.000000 54.810641 
81000 405.000000 -0.569527 0.566564 0.000000 55.849534 0.363248 0.000000 55.304663 
82000 410.000000 -0.850365 1.199217 0.000000 54.427501 0.363508 0.000000 53.882239 
83000 415.000000 -0.505685 1.455494 0.000000 58.289432 0.040814 0.000000 58.228211 
84000 420.000000 -0.667805 1.343137 0.000000 57.930394 0.228446 0.000000 57.587725 
85000 425.000000 -0.481611 1.525675 0.000000 59.144981 2.110698 0.000000 55.978934 
86000 430.000000 -0.746833 1.272316 0.000000 57.046881 0.809312 0.000000 55.832914 
87000 435.000000 -0.844372 0.551172 0.000000 57.730401 3.050851 0.000000 53.154125 
88000 440.000000 -0.943800 0.669027 0.000000 57.793476 2.459173 0.000000 54.104718 
89000 445.000000 -0.673804 0.623142 0.000000 57.660433 0.134874 0.000000 57.458122 
90000 450.000000 -0.781404 0.885376 0.000000 57.620610 0.925390 0.000000 56.232526 
91000 455.000000 -0.755336 0.970146 0.000000 58.751942 0.529513 0.000000 57.957673 
92000 460.000000 -0.795325 1.029139 0.000000 55.963216 0.194970 0.000000 55.670761 
93000 465.000000 -0.298126 0.483213 0.000000 54.984852 0.244024 0.000000 54.618817 
94000 470.000000 -0.628696 0.575879 0.000000 58.578218 1.682483 0.000000 56.054494 
95000 475.000000 0.786580 0.388919 0.000000 58.360337 0.517977 0.000000 57.583372 
96000 480.000000 0.573634 0.369967 0.000000 60.847493 0.920336 0.000000 59.466988 
97000 485.000000 0.134362 0.429094 0.000000 58.612536 0.175843 0.000000 58.348772 
98000 490.000000 0.165276 0.435623 0.000000 58.872918 0.535255 0.000000 58.070036 
99000 495.000000 0.602343 0.351767 0.000000 60.201852 0.497545 0.000000 59.455534 
100000 500.000000 0.661748 0.464065 0.000000 60.704983 0.667163 0.000000 59.704238 
101000 505.000000 0.661821 0.411604 0.000000 61.130023 0.356051 0.000000 60.595946 
102000 510.000000 0.723823 0.336518 0.000000 61.600831 1.119193 0.000000 59.922042 
103000 515.000000 0.627017 0.365055 0.000000 63.997319 2.580034 0.000000 60.127269 
104000 520.000000 0.706372 0.369760 0.000000 63.046878 1.055998 0.000000 61.462881 
105000 525.000000 -0.191477 0.444544 0.000000 60.414697 0.206346 0.000000 60.105178 
106000 530.000000 -0.876920 0.712931 0.000000 63.378883 0.728584 0.000000 62.286007 
107000 535.000000 -0.510894 0.833074 0.000000 60.450808 0.767420 0.000000 59.299679 
108000 540.000000 -0.604092 1.390282 0.000000 67.294657 4.264429 0.000000 60.898013 
109000 545.000000 -0.751637 1.251283 0.000000 63.431764 0.319121 0.000000 62.953083 
110000 550.000000 -0.427574 1.533500 0.000000 64.825365 0.861725 0.000000 63.532778 
111000 555.000000 -0.483413 1.467042 0.000000 65.476334 1.074663 0.000000 63.864339 
112000 560.000000 -0.921325 0.844795 0.000000 64.337151 1.351755 0.000000 62.309518 
113000 565.000000 -0.817180 0.932239 0.000000 63.786112 0.207972 0.000000 63.474153 
114000 570.000000 -0.652140 0.543418 0.000000 64.413786 0.224037 0.000000 64.077731 
115000 575.000000 -1.079446 0.627346 0.000000 64.202286 1.259580 0.000000 62.312916 
116000 580.000000 -0.977757 0.669409 0.000000 64.973810 0.475684 0.000000 64.260284 
117000 585.000000 -0.794562 0.643480 0.000000 65.304081 0.253999 0.000000 64.923082 
118000 590.000000 -0.581929 1.379912 0.000000 67.235802 0.581702 0.000000 66.363248 
119000 595.000000 -0.587653 1.329675 0.000000 66.377500 0.297122 0.000000 65.931817 
120000 600.000000 -0.581025 1.470389 0.000000 67.411389 0.837435 0.000000 66.155237 
121000 605.000000 -0.655826 1.335522 0.000000 66.973635 0.478893 0.000000 66.255295 
122000 610.000000 -0.431008 1.472569 0.000000 66.143094 0.335425 0.000000 65.639957 
123000 615.000000 -0.398702 1.543923 0.000000 66.196617 0.538245 0.000000 65.389250 
124000 620.000000 -0.499904 1.488691 0.000000 67.457929 0.454930 0.000000 66.775533 
125000 625.000000 -0.483037 1.537164 0.000000 67.088719 0.274893 0.000000 66.676379 
126000 630.000000 -0.682492 0.498145 0.000000 66.319534 1.469169 0.000000 64.115779 
127000 635.000000 -0.889514 0.629424 0.000000 66.731338 0.583906 0.000000 65.855478 
128000 640.000000 0.116632 0.540059 0.000000 68.087229 1.254877 0.000000 66.204914 
129000 645.000000 0.033873 0.518474 0.000000 67.729834 0.092639 0.000000 67.590875 
130000 650.000000 0.980232 -0.028693 0.000000 66.669158 0.484827 0.000000 65.941918 
131000 655.000000 0.596573 0.452490 0.000000 70.715187 0.168847 0.000000 70.461917 
132000 660.000000 0.423859 0.474653 0.000000 68.225963 0.284252 0.000000 67.799585 
133000 665.000000 0.743573 0.371384 0.000000 73.868526 3.871472 0.000000 68.061318 
134000 670.000000 -0.775165 0.917920 0.000000 71.724170 0.241487 0.000000 71.361940 
135000 675.000000 -0.534685 0.603296 0.000000 73.028459 0.840666 0.000000 71.767460 
136000 680.000000 -0.767421 1.279718 0.000000 71.639127 0.071960 0.000000 71.531186 
137000 685.000000 -0.616811 1.504299 0.000000 74.197506 3.994688 0.000000 68.205473 
138000 690.000000 -0.642314 1.283060 0.000000 72.704208 0.195790 0.000000 72.410522 
139000 695.000000 -0.578005 1.458598 0.000000 77.141448 6.725638 0.000000 67.052990 
140000 700.000000 -0.502527 0.689655 0.000000 72.283707 0.632541 0.000000 71.334896 
141000 705.000000 -0.946457 0.855682 0.000000 73.051069 2.487160 0.000000 69.320328 
142000 710.000000 -0.184324 0.522768 0.000000 73.871137 2.910549 0.000000 69.505313 
143000 715.000000 0.594028 0.429391 0.000000 76.249970 1.461912 0.000000 74.057102 
144000 720.000000 -0.713984 0.539562 0.000000 73.775236 1.979153 0.000000 70.806507 
145000 725.000000 -0.327065 0.577711 0.000000 73.930766 2.137784 0.000000 70.724089 
146000 730.000000 -0.869757 0.726196 0.000000 74.579660 0.295726 0.000000 74.136071 
147000 735.000000 -0.505893 0.635809 0.000000 74.415334 0.577647 0.000000 73.548863 
148000 740.000000 -0.712760 0.657167 0.000000 74.718520 0.333746 0.000000 74.217901 
149000 745.000000 -0.635714 0.644040 0.000000 74.784576 0.711498 0.000000 73.717329 
150000 750.000000 0.090489 0.580440 0.000000 75.296180 0.785504 0.000000 74.117925 
151000 755.000000 0.002638 0.450640 0.000000 75.766520 0.253349 0.000000 75.386498 
152000 760.000000 -0.026192 0.487711 0.000000 76.280044 0.560866 0.000000 75.438745 
153000 765.000000 0.102718 0.514303 0.000000 77.600990 2.397616 0.000000 74.004567 
154000 770.000000 -0.857211 0.961307 0.000000 73.378664 0.005043 0.000000 73.371099 
155000 775.000000 -0.303596 0.495062 0.000000 75.248715 3.432418 0.000000 70.100089 
156000 780.000000 -0.573056 0.601945 0.000000 76.049374 0.569495 0.000000 75.195132 
157000 785.000000 -0.864503 0.785832 0.000000 76.106513 0.327167 0.000000 75.615762 
158000 790.000000 -0.699460 0.643273 0.000000 76.054794 0.383144 0.000000 75.480078 
159000 795.000000 -0.668093 1.451363 0.000000 77.699239 2.184583 0.000000 74.422365 
160000 800.000000 -0.494023 1.470212 0.000000 78.493964 0.543245 0.000000 77.679096 
161000 805.000000 -0.795347 0.638345 0.000000 76.750160 0.552359 0.000000 75.921622 
162000 810.000000 -0.587806 0.705440 0.000000 76.336370 1.110067 0.000000 74.671269 
163000 815.000000 -0.550192 1.464789 0.000000 79.275668 0.976735 0.000000 77.810566 
164000 820.000000 -0.529911 1.398785 0.000000 79.128917 1.380236 0.000000 77.058564 
165000 825.000000 -0.518956 1.421121 0.000000 78.605755 0.056645 0.000000 78.520787 
166000 830.000000 -0.763425 1.408532 0.000000 75.449284 0.136591 0.000000 75.244398 
167000 835.000000 -0.643328 1.423513 0.000000 78.598533 0.519514 0.000000 77.819261 
168000 840.000000 -0.670332 1.267872 0.000000 78.087722 0.950761 0.000000 76.661581 
169000 845.000000 -0.935015 0.746774 0.000000 77.717777 0.438993 0.000000 77.059287 
170000 850.000000 -0.946225 0.687923 0.000000 77.705923 0.395811 0.000000 77.112206 
171000 855.000000 -0.559170 0.572839 0.000000 78.471250 0.472358 0.000000 77.762712 
172000 860.000000 -0.906425 0.726409 0.000000 78.526784 1.041605 0.000000 76.964376 
173000 865.000000 -0.589674 1.542280 0.000000 78.336140 0.603261 0.000000 77.431248 
174000 870.000000 -0.769012 1.306104 0.000000 78.343133 1.067744 0.000000 76.741517 
175000 875.000000 -0.478323 1.438070 0.000000 80.015978 1.284974 0.000000 78.088517 
176000 880.000000 -0.629342 1.317921 0.000000 79.703331 0.514238 0.000000 78.931975 
177000 885.000000 -0.558045 1.431496 0.000000 80.819706 1.063411 0.000000 79.224590 
178000 890.000000 -0.540448 1.461289 0.000000 80.531620 0.518984 0.000000 79.753145 
179000 895.000000 -0.696611 1.249512 0.000000 79.069150 1.173310 0.000000 77.309184 
180000 900.000000 -0.569060 1.473662 0.000000 80.455726 0.547057 0.000000 79.635141 
181000 905.000000 -0.555861 1.450531 0.000000 80.593177 0.445135 0.000000 79.925474 
182000 910.000000 -0.574299 1.499477 0.000000 80.317405 0.933100 0.000000 78.917756 
183000 915.000000 -0.532561 1.484389 0.000000 80.710397 0.690222 0.000000 79.675064 
184000 920.000000 -0.325703 1.646219 0.000000 77.346478 0.300827 0.000000 76.895238 
185000 925.000000 -0.576725 1.442909 0.000000 80.539932 0.121341 0.000000 80.357921 
186000 930.000000 -0.630744 1.453097 0.000000 80.209181 0.859813 0.000000 78.919461 
187000 935.000000 -0.556949 1.439206 0.000000 81.040399 0.984666 0.000000 79.563400 
188000 940.000000 -0.566763 1.458274 0.000000 81.046487 1.116679 0.000000 79.371469 
189000 945.000000 -0.666124 1.356479 0.000000 79.980323 0.027648 0.000000 79.938851 
190000 950.000000 -0.715909 1.483086 0.000000 77.496947 0.910053 0.000000 76.131866 
191000 955.000000 -0.323222 1.458932 0.000000 75.848552 0.180866 0.000000 75.577253 
192000 960.000000 -0.534305 1.394341 0.000000 80.324169 0.243808 0.000000 79.958457 
193000 965.000000 -0.481176 1.405233 0.000000 79.655488 0.413945 0.000000 79.034570 
194000 970.000000 -0.669786 1.276936 0.000000 81.372550 3.920939 0.000000 75.491142 
195000 975.000000 -0.532637 1.480973 0.000000 81.574783 1.733675 0.000000 78.974270 
196000 980.000000 -0.470932 0.593516 0.000000 82.124137 1.781701 0.000000 79.451586 
197000 985.000000 0.061115 0.449785 0.000000 82.598896 0.549523 0.000000 81.774611 
198000 990.000000 0.619676 0.389673 0.000000 83.723089 0.457878 0.000000 83.036272 
199000 995.000000 0.560530 0.468891 0.000000 84.914624 2.792638 0.000000 80.725668 
200000 1000.000000 0.531537 0.315806 0.000000 82.801499 1.528672 0.000000 80.508492 
201000 1005.000000 0.468656 0.395833 0.000000 84.151835 0.370546 0.000000 83.596016 
202000 1010.000000 0.440597 0.365010 0.000000 83.492067 0.177003 0.000000 83.226563 
203000 1015.000000 0.040152 0.596262 0.000000 82.150436 0.179490 0.000000 81.881201 
204000 1020.000000 0.147979 0.579705 0.000000 82.588847 0.072515 0.000000 82.480075 
205000 1025.000000 0.196501 0.529337 0.000000 83.665495 0.166153 0.000000 83.416266 
206000 1030.000000 -0.003704 0.586277 0.000000 83.245447 1.816983 0.000000 80.519972 
207000 1035.000000 0.376790 0.379598 0.000000 83.241854 0.334130 0.000000 82.740658 
208000 1040.000000 0.786388 0.373769 0.000000 84.364600 0.650962 0.000000 83.388157 
209000 1045.000000 0.581313 0.357796 0.000000 84.787603 0.738865 0.000000 83.679306 
210000 1050.000000 0.619703 0.394422 0.000000 85.259920 0.552800 0.000000 84.430720 
211000 1055.000000 0.720300 0.281131 0.000000 83.739763 0.032017 0.000000 83.691737 
212000 1060.000000 0.777885 0.369758 0.000000 85.079850 1.070591 0.000000 83.473963 
213000 1065.000000 -0.894787 0.658933 0.000000 84.402952 1.257514 0.000000 82.516681 
214000 1070.000000 -0.045437 0.434263 0.000000 84.432150 0.783670 0.000000 83.256645 
215000 1075.000000 0.092556 0.532552 0.000000 85.608280 0.638396 0.000000 84.650686 
216000 1080.000000 0.562665 0.429583 0.000000 86.337534 0.512409 0.000000 85.568921 
217000 1085.000000 0.766762 0.323981 0.000000 85.510437 0.058544 0.000000 85.422621 
218000 1090.000000 0.510268 0.357355 0.000000 86.188018 1.810847 0.000000 83.471748 
219000 1095.000000 -0.690004 0.553962 0.000000 84.469402 0.584638 0.000000 83.592445 
220000 1100.000000 -0.717496 0.720766 0.000000 84.672031 0.118434 0.000000 84.494379 
221000 1105.000000 0.167887 0.529560 0.000000 86.251194 0.389516 0.000000 85.666920 
222000 1110.000000 0.700436 0.490092 0.000000 87.007702 5.152098 0.000000 79.279555 
223000 1115.000000 0.111842 0.507246 0.000000 87.050081 0.429733 0.000000 86.405482 
224000 1120.000000 -0.331993 0.648940 0.000000 85.978087 1.060879 0.000000 84.386767 
225000 1125.000000 -0.838217 0.773192 0.000000 86.243329 1.648914 0.000000 83.769958 
226000 1130.000000 -0.073873 0.552506 0.000000 85.983395 0.098726 0.000000 85.835306 
227000 1135.000000 0.108947 0.502874 0.000000 87.410835 0.319666 0.000000 86.931336 
228000 1140.000000 -0.390603 0.624188 0.000000 86.404177 0.009068 0.000000 86.390575 
229000 1145.000000 -0.391448 0.638371 0.000000 87.453297 2.424027 0.000000 83.817256 
230000 1150.000000 -0.409958 0.555904 0.000000 87.012163 0.543810 0.000000 86.196448 
231000 1155.000000 0.524622 0.429072 0.000000 89.306751 1.560489 0.000000 86.966017 
232000 1160.000000 0.146382 0.469163 0.000000 88.079725 0.292952 0.000000 87.640297 
233000 1165.000000 0.399356 0.524936 0.000000 85.533622 0.281716 0.000000 85.111048 
234000 1170.000000 -0.371478 0.663707 0.000000 86.606193 0.176704 0.000000 86.341137 
235000 1175.000000 -0.949011 0.515230 0.000000 86.054839 0.286061 0.000000 85.625747 
236000 1180.000000 -0.841762 0.674836 0.000000 89.450825 4.056722 0.000000 83.365742 
237000 1185.000000 0.485138 0.490027 0.000000 89.694980 2.888286 0.000000 85.362551 
238000 1190.000000 0.067018 0.470615 0.000000 89.489993 0.911650 0.000000 88.122519 
239000 1195.000000 0.857672 0.311195 0.000000 88.889998 0.060823 0.000000 88.798764 
240000 1200.000000 0.827226 0.408933 0.000000 89.820731 2.407175 0.000000 86.209968 
241000 1205.000000 -0.501779 0.713206 0.000000 88.684833 1.963585 0.000000 85.739456 
242000 1210.000000 -0.738152 0.620431 0.000000 90.819205 3.415955 0.000000 85.695273 
243000 1215.000000 -0.796936 0.958169 0.000000 87.461468 1.327384 0.000000 85.470391 
244000 1220.000000 -0.545573 1.436531 0.000000 90.101256 0.072783 0.000000 89.992081 
245000 1225.000000 -0.627146 1.480042 0.000000 90.785593 3.309254 0.000000 85.821712 
246000 1230.000000 -0.654535 1.379757 0.000000 89.973237 0.537216 0.000000 89.167413 
247000 1235.000000 -0.627083 1.340012 0.000000 90.455651 1.628719 0.000000 88.012572 
248000 1240.000000 -0.633277 1.401987 0.000000 90.490351 1.178395 0.000000 88.722758 
249000 1245.000000 -0.461963 1.527273 0.000000 89.926742 0.476381 0.000000 89.212170 
250000 1250.000000 -0.822864 0.799441 0.000000 89.599735 0.411106 0.000000 88.983076 
251000 1255.000000 0.072098 0.508874 0.000000 92.087010 0.794781 0.000000 90.894839 
252000 1260.000000 0.052696 0.495426 0.000000 91.853992 0.368302 0.000000 91.301539 
253000 1265.000000 0.550431 0.432866 0.000000 92.566792 0.364861 0.000000 92.019501 
254000 1270.000000 -0.852852 0.804448 0.000000 90.269487 1.163244 0.000000 88.524621 
255000 1275.000000 -0.787241 0.646356 0.000000 91.216808 1.035539 0.000000 89.663500 
256000 1280.000000 0.156324 0.561202 0.000000 91.788250 1.355245 0.000000 89.755382 
257000 1285.000000 -0.113622 0.553420 0.000000 90.539247 0.249076 0.000000 90.165632 
258000 1290.000000 0.668919 0.374633 0.000000 92.633927 0.505708 0.000000 91.875365 
259000 1295.000000 0.618911 0.438565 0.000000 92.986706 0.732530 0.000000 91.887912 
260000 1300.000000 0.667681 0.345669 0.000000 92.263389 0.753442 0.000000 91.133226 
261000 1305.000000 0.226520 0.585377 0.000000 90.603399 0.725760 0.000000 89.514759 
262000 1310.000000 -0.220500 0.561917 0.000000 91.388697 1.725184 0.000000 88.800921 
263000 1315.000000 -0.057053 0.518501 0.000000 92.091843 0.296734 0.000000 91.646742 
264000 1320.000000 -0.825166 0.685833 0.000000 91.513290 0.092903 0.000000 91.373935 
265000 1325.000000 -0.350072 0.581146 0.000000 93.604098 2.604750 0.000000 89.696973 
266000 1330.000000 0.560407 0.424591 0.000000 93.755401 0.080403 0.000000 93.634797 
267000 1335.000000 0.789767 0.300531 0.000000 93.350581 0.331103 0.000000 92.853926 
268000 1340.000000 0.012557 0.490306 0.000000 93.458717 0.176440 0.000000 93.194057 
269000 1345.000000 -0.461765 0.580017 0.000000 93.260608 0.624243 0.000000 92.324243 
270000 1350.000000 -0.431514 0.624787 0.000000 93.950329 2.562722 0.000000 90.106246 
271000 1355.000000 0.092781 0.550317 0.000000 93.535882 0.775162 0.000000 92.373138 
272000 1360.000000 -0.331698 0.597308 0.000000 93.545633 0.330824 0.000000 93.049398 
273000 1365.000000 -0.938782 0.675184 0.000000 93.813528 2.398740 0.000000 90.215419 
274000 1370.000000 0.479962 0.411481 0.000000 95.364696 1.032289 0.000000 93.816262 
275000 1375.000000 0.454494 0.444683 0.000000 96.028690 1.992623 0.000000 93.039755 
276000 1380.000000 0.638387 0.466026 0.000000 94.497374 0.502532 0.000000 93.743576 
277000 1385.000000 0.829604 0.346941 0.000000 94.998717 0.829410 0.000000 93.754602 
278000 1390.000000 0.581037 0.519805 0.000000 93.892194 0.436365 0.000000 93.237646 
279000 1395.000000 0.584621 0.323696 0.000000 94.502390 0.554752 0.000000 93.670261 
280000 1400.000000 0.491194 0.472447 0.000000 96.180358 0.366470 0.000000 95.630652 
281000 1405.000000 0.782116 0.320205 0.000000 95.778325 0.071218 0.000000 95.671499 
282000 1410.000000 0.595184 0.419657 0.000000 96.802652 1.413616 0.000000 94.682227 
283000 1415.000000 0.742262 0.395659 0.000000 95.866050 0.003594 0.000000 95.860659 
284000 1420.000000 0.194889 0.547748 0.000000 95.114188 0.127308 0.000000 94.923226 
285000 1425.000000 -0.204044 0.607138 0.000000 94.683206 1.477886 0.000000 92.466378 
286000 1430.000000 0.005066 0.486241 0.000000 95.922866 0.140120 0.000000 95.712687 
287000 1435.000000 0.419456 0.491208 0.000000 95.131372 0.285755 0.000000 94.702740 
288000 1440.000000 0.803463 0.481693 0.000000 94.388227 1.879263 0.000000 91.569332 
289000 1445.000000 0.781255 0.242514 0.000000 96.581349 0.026378 0.000000 96.541782 
290000 1450.000000 0.485126 0.463133 0.000000 97.714361 0.387634 0.000000 97.132911 
291000 1455.000000 0.137918 0.451963 0.000000 96.749264 0.081360 0.000000 96.627224 
292000 1460.000000 0.808561 0.290230 0.000000 97.813584 1.099444 0.000000 96.164419 
293000 1465.000000 0.235314 0.559101 0.000000 96.365439 1.009334 0.000000 94.851438 
294000 1470.000000 -0.234268 0.565329 0.000000 95.587226 0.084867 0.000000 95.459926 
295000 1475.000000 -0.798611 0.782274 0.000000 96.320500 0.536814 0.000000 95.515279 
296000 1480.000000 -0.999491 0.745634 0.000000 96.057640 0.277471 0.000000 95.641433 
297000 1485.000000 -0.081565 0.499414 0.000000 97.462267 0.821851 0.000000 96.229491 
298000 1490.000000 -0.361262 0.566752 0.000000 97.223391 0.206979 0.000000 96.912924 
299000 1495.000000 0.151571 0.542638 0.000000 98.050470 0.944937 0.000000 96.633064 
300000 1500.000000 0.563343 0.440982 0.000000 98.785059 0.179489 0.000000 98.515826 
301000 1505.000000 0.906472 -0.031359 0.000000 95.625464 0.296181 0.000000 95.181193 
302000 1510.000000 0.956892 -0.053444 0.000000 96.415381 0.042211 0.000000 96.352065 
303000 1515.000000 0.924192 0.013102 0.000000 98.647220 2.045269 0.000000 95.579317 
304000 1520.000000 0.976966 -0.061255 0.000000 96.186961 0.222935 0.000000 95.852558 
305000 1525.000000 0.976650 -0.011515 0.000000 98.700860 1.331855 0.000000 96.703078 
306000 1530.000000 0.946937 0.016627 0.000000 98.436044 0.190966 0.000000 98.149595 
307000 1535.000000 0.966828 0.045321 0.000000 98.352886 0.131429 0.000000 98.155744 
308000 1540.000000 0.441092 0.516718 0.000000 97.489060 0.158714 0.000000 97.250988 
309000 1545.000000 0.044844 0.417320 0.000000 98.204613 0.828340 0.000000 96.962102 
310000 1550.000000 -0.004430 0.523000 0.000000 100.106497 2.479071 0.000000 96.387891 
311000 1555.000000 -0.480790 0.540989 0.000000 99.335722 2.080456 0.000000 96.215039 
312000 1560.000000 -0.754873 0.625951 0.000000 98.876148 0.434013 0.000000 98.225128 
313000 1565.000000 -0.736025 0.534890 0.000000 98.217035 0.138552 0.000000 98.009207 
314000 1570.000000 -0.422665 1.479621 0.000000 98.453022 0.094254 0.000000 98.311641 
315000 1575.000000 -0.749452 0.542390 0.000000 98.535574 0.485657 0.000000 97.807089 
316000 1580.000000 -0.743623 0.570661 0.000000 98.794710 0.278899 0.000000 98.376361 
317000 1585.000000 -0.356792 0.601480 0.000000 99.949899 1.097479 0.000000 98.303681 
318000 1590.000000 0.766936 0.377184 0.000000 100.700754 1.599965 0.000000 98.300806 
319000 1595.000000 0.496188 0.411202 0.000000 101.535444 1.462682 0.000000 99.341420 
320000 1600.000000 0.768112 0.302864 0.000000 100.738569 0.459237 0.000000 100.049714 
321000 1605.000000 0.735179 0.403380 0.000000 100.793519 0.019058 0.000000 100.764932 
322000 1610.000000 0.058811 0.581209 0.000000 99.725877 0.739639 0.000000 98.616418 
323000 1615.000000 -0.990589 0.629582 0.000000 99.992125 1.162029 0.000000 98.249081 
324000 1620.000000 -0.747695 1.339370 0.000000 99.450916 0.369809 0.000000 98.896203 
325000 1625.000000 -0.506703 1.524550 0.000000 101.767815 2.000349 0.000000 98.767292 
326000 1630.000000 -1.007562 0.696477 0.000000 99.655212 0.397454 0.000000 99.059031 
327000 1635.000000 0.689200 0.271752 0.000000 99.815932 0.094232 0.000000 99.674585 
328000 1640.000000 -0.009664 0.507191 0.000000 102.085987 2.035457 0.000000 99.032801 
329000 1645.000000 0.866078 0.283898 0.000000 102.621597 1.026488 0.000000 101.081866 
330000 1650.000000 0.621516 0.425976 0.000000 103.423022 2.956130 0.000000 98.988828 
331000 1655.000000 0.486695 0.378067 0.000000 102.929355 1.602151 0.000000 100.526129 
332000 1660.000000 -0.269514 0.615630 0.000000 102.308839 2.721813 0.000000 98.226120 
333000 1665.000000 -0.078049 0.443299 0.000000 101.035164 0.800897 0.000000 99.833818 
334000 1670.000000 -0.787025 0.786702 0.000000 101.381966 1.568211 0.000000 99.029649 
335000 1675.000000 -0.568256 1.458072 0.000000 102.929094 0.918462 0.000000 101.551401 
336000 1680.000000 -0.578146 1.454127 0.000000 103.272791 1.638059 0.000000 100.815703 
337000 1685.000000 -0.524093 1.394124 0.000000 102.744100 1.473259 0.000000 100.534211 
338000 1690.000000 -0.480374 1.514153 0.000000 103.635503 2.707024 0.000000 99.574967 
339000 1695.000000 -0.674539 1.305588 0.000000 103.450721 3.441709 0.000000 98.288157 
340000 1700.000000 -0.651557 1.380318 0.000000 102.658961 0.974893 0.000000 101.196621 
341000 1705.000000 -0.559509 1.453881 0.000000 103.043432 0.821931 0.000000 101.810535 
342000 1710.000000 -0.621165 1.380882 0.000000 102.855869 0.806027 0.000000 101.646829 
343000 1715.000000 -0.566137 1.479298 0.000000 102.419436 0.006173 0.000000 102.410176 
344000 1720.000000 -0.549048 1.400481 0.000000 102.681909 0.379470 0.000000 102.112705 
345000 1725.000000 -0.547420 1.520162 0.000000 102.745848 1.277719 0.000000 100.829269 
346000 1730.000000 -0.579397 1.435607 0.000000 102.932403 0.434094 0.000000 102.281262 
347000 1735.000000 -0.491621 1.438097 0.000000 102.715102 0.857723 0.000000 101.428518 
348000 1740.000000 -0.448686 1.460130 0.000000 102.761021 1.978331 0.000000 99.793524 
349000 1745.000000 -0.575560 1.536703 0.000000 101.965735 0.957734 0.000000 100.529134 
350000 1750.000000 -0.439685 1.527777 0.000000 102.191596 0.198750 0.000000 101.893471 
351000 1755.000000 -0.584046 1.533468 0.000000 101.638869 0.417126 0.000000 101.013180 
352000 1760.000000 -0.624463 1.301852 0.000000 102.272083 0.937240 0.000000 100.866223 
353000 1765.000000 -0.519623 1.389497 0.000000 102.446135 0.671926 0.000000 101.438246 
354000 1770.000000 -0.480660 1.515925 0.000000 102.932279 0.748795 0.000000 101.809087 
355000 1775.000000 -0.709025 1.317363 0.000000 101.915489 0.245438 0.000000 101.547332 
356000 1780.000000 -0.587586 1.426273 0.000000 103.426224 1.081901 0.000000 101.803373 
357000 1785.000000 -0.328680 1.495950 0.000000 99.156775 0.300534 0.000000 98.705974 
358000 1790.000000 -0.522310 1.422456 0.000000 106.512108 7.674070 0.000000 95.001003 
359000 1795.000000 -0.753983 0.867971 0.000000 102.667613 2.137780 0.000000 99.460943 
360000 1800.000000 -0.885504 0.655418 0.000000 102.978328 0.418035 0.000000 102.351275 
361000 1805.000000 0.564127 0.437906 0.000000 104.416058 0.220883 0.000000 104.084733 
362000 1810.000000 -0.857562 0.680031 0.000000 103.274322 0.607134 0.000000 102.363622 
363000 1815.000000 -0.724109 0.636528 0.000000 103.487636 0.818175 0.000000 102.260373 
364000 1820.000000 -0.672157 1.326113 0.000000 103.437007 1.345224 0.000000 101.419171 
365000 1825.000000 -0.844238 0.599382 0.000000 103.380946 0.766222 0.000000 102.231613 
366000 1830.000000 -0.453296 0.587204 0.000000 104.715462 2.365412 0.000000 101.167344 
367000 1835.000000 -0.697293 0.769219 0.000000 102.471239 0.202298 0.000000 102.167793 
368000 1840.000000 0.726817 0.369216 0.000000 105.086304 1.031063 0.000000 103.539709 
369000 1845.000000 0.614922 0.445903 0.000000 106.001240 2.464934 0.000000 102.303839 
370000 1850.000000 0.386583 0.412993 0.000000 106.006689 2.328740 0.000000 102.513579 
371000 1855.000000 0.581430 0.432795 0.000000 105.922422 1.455996 0.000000 103.738428 
372000 1860.000000 0.419897 0.437867 0.000000 105.858113 1.259679 0.000000 103.968595 
373000 1865.000000 0.251777 0.517109 0.000000 105.080811 1.619133 0.000000 102.652112 
374000 1870.000000 0.764965 0.237073 0.000000 104.599355 1.091773 0.000000 102.961696 
375000 1875.000000 0.758957 0.336522 0.000000 105.713349 0.073042 0.000000 105.603785 
376000 1880.000000 0.457633 0.412695 0.000000 106.011668 0.536384 0.000000 105.207092 
377000 1885.000000 0.531982 0.452388 0.000000 106.930776 2.475820 0.000000 103.217045 
378000 1890.000000 0.698043 0.332823 0.000000 106.085121 1.529643 0.000000 103.790656 
379000 1895.000000 -0.065322 0.458075 0.000000 105.167650 1.219172 0.000000 103.338892 
380000 1900.000000 0.128247 0.475682 0.000000 105.788518 0.576249 0.000000 104.924144 
381000 1905.000000 -0.935041 0.615283 0.000000 104.414786 0.197103 0.000000 104.119132 
382000 1910.000000 -0.669974 0.808844 0.000000 103.086164 0.020570 0.000000 103.055309 
383000 1915.000000 0.017015 0.503032 0.000000 106.137064 0.922329 0.000000 104.753571 
384000 1920.000000 -0.580224 0.795183 0.000000 102.863019 0.247318 0.000000 102.492042 
385000 1925.000000 -0.857420 0.571953 0.000000 104.625760 0.350366 0.000000 104.100211 
386000 1930.000000 -0.381415 0.726346 0.000000 104.105218 1.167485 0.000000 102.353991 
387000 1935.000000 -0.592561 0.548278 0.000000 105.360256 0.722344 0.000000 104.276741 
388000 1940.000000 0.047197 0.496557 0.000000 106.319290 0.063301 0.000000 106.224338 
389000 1945.000000 0.111967 0.451374 0.000000 106.393916 0.932380 0.000000 104.995345 
390000 1950.000000 -0.152840 0.395836 0.000000 103.062815 0.886050 0.000000 101.733740 
391000 1955.000000 0.090367 0.416507 0.000000 105.229046 0.085420 0.000000 105.100916 
392000 1960.000000 0.504395 0.399368 0.000000 107.195403 0.221870 0.000000 106.862599 
393000 1965.000000 0.802977 0.231964 0.000000 107.671547 0.901283 0.000000 106.319623 
394000 1970.000000 0.426445 0.469431 0.000000 107.791421 1.902952 0.000000 104.936993 
395000 1975.000000 0.081369 0.469603 0.000000 108.133942 2.457396 0.000000 104.447848 
396000 1980.000000 0.135582 0.556215 0.000000 106.544988 0.314467 0.000000 106.073288 
397000 1985.000000 0.506018 0.290778 0.000000 105.155126 1.394746 0.000000 103.063007 
398000 1990.000000 0.716272 0.432637 0.000000 107.512039 1.404953 0.000000 105.404610 
399000 1995.000000 0.706025 0.389937 0.000000 107.793998 0.848995 0.000000 106.520505 
400000 2000.000000 0.733714 0.403732 0.000000 107.547832 0.800117 0.000000 106.347657 
401000 2005.000000 0.360129 0.430228 0.000000 107.204125 0.446848 0.000000 106.533853 
402000 2010.000000 0.654560 0.402473 0.000000 107.910852 0.703089 0.000000 106.856219 
403000 2015.000000 0.803150 0.232893 0.000000 108.172642 0.239458 0.000000 107.813455 
404000 2020.000000 0.855512 0.299750 0.000000 109.340880 3.330288 0.000000 104.345448 
405000 2025.000000 0.795657 0.342645 0.000000 108.576169 1.219065 0.000000 106.747572 
406000 2030.000000 0.768581 0.300536 0.000000 108.460820 1.276939 0.000000 106.545412 
407000 2035.000000 0.195736 0.543526 0.000000 107.570044 0.637466 0.000000 106.613845 
408000 2040.000000 0.355516 0.486868 0.000000 106.550560 0.562950 0.000000 105.706135 
409000 2045.000000 0.826336 0.325059 0.000000 107.955914 0.259473 0.000000 107.566704 
410000 2050.000000 0.036907 0.503358 0.000000 108.944818 2.058392 0.000000 105.857230 
411000 2055.000000 0.142152 0.535071 0.000000 107.857850 0.390264 0.000000 107.272454 
412000 2060.000000 -0.671388 0.516768 0.000000 106.446088 0.009425 0.000000 106.431951 
413000 2065.000000 -0.574903 0.712433 0.000000 106.703223 0.075841 0.000000 106.589461 
414000 2070.000000 -0.448207 0.523836 0.000000 108.349751 2.099086 0.000000 105.201122 
415000 2075.000000 -0.008040 0.452179 0.000000 107.829491 0.648039 0.000000 106.857433 
416000 2080.000000 0.643738 0.424533 0.000000 109.437958 2.583026 0.000000 105.563418 
417000 2085.000000 0.825925 0.367888 0.000000 108.992436 2.347792 0.000000 105.470747 
418000 2090.000000 0.691035 0.250720 0.000000 107.521398 2.119612 0.000000 104.341980 
419000 2095.000000 0.412942 0.483344 0.000000 108.090139 0.975862 0.000000 106.626347 
420000 2100.000000 0.670324 0.453307 0.000000 108.050149 0.197783 0.000000 107.753475 
421000 2105.000000 0.751487 0.400133 0.000000 108.824619 0.826644 0.000000 107.584654 
422000 2110.000000 0.192676 0.412108 0.000000 107.796606 1.582482 0.000000 105.422883 
423000 2115.000000 -0.382201 0.582758 0.000000 109.082570 0.715913 0.000000 108.008700 
424000 2120.000000 -0.437721 1.635629 0.000000 106.747635 0.037980 0.000000 106.690665 
425000 2125.000000 -0.493501 1.448642 0.000000 108.661825 0.282133 0.000000 108.238625 
426000 2130.000000 -0.592820 1.376062 0.000000 108.986289 0.608536 0.000000 108.073484 
427000 2135.000000 -0.589149 1.367113 0.000000 109.462608 1.745839 0.000000 106.843849 
428000 2140.000000 -0.493412 1.395775 0.000000 108.372673 1.161890 0.000000 106.629838 
429000 2145.000000 -0.624730 1.399045 0.000000 108.766682 0.058628 0.000000 108.678740 
430000 2150.000000 -0.676040 1.345665 0.000000 109.470153 2.387556 0.000000 105.888819 
431000 2155.000000 -0.480673 1.342801 0.000000 106.548336 0.580535 0.000000 105.677533 
432000 2160.000000 -0.599093 1.414312 0.000000 108.993039 0.081774 0.000000 108.870378 
433000 2165.000000 -0.570149 1.428309 0.000000 109.045270 0.030989 0.000000 108.998788 
434000 2170.000000 -0.594195 1.575614 0.000000 106.975512 1.174019 0.000000 105.214484 
435000 2175.000000 -0.750901 1.345060 0.000000 107.175796 0.113986 0.000000 107.004816 
436000 2180.000000 -1.075909 0.679608 0.000000 108.444804 1.884222 0.000000 105.618471 
437000 2185.000000 -0.488528 0.657038 0.000000 108.847613 0.357683 0.000000 108.311088 
438000 2190.000000 -0.890951 0.648377 0.000000 109.414039 1.311240 0.000000 107.447179 
439000 2195.000000 -1.198691 0.501293 0.000000 105.266480 0.024452 0.000000 105.229801 
440000 2200.000000 -0.748084 0.645293 0.000000 109.084471 0.208910 0.000000 108.771105 
441000 2205.000000 -0.627311 0.541871 0.000000 109.191486 0.838331 0.000000 107.933989 
442000 2210.000000 0.935637 0.039984 0.000000 109.408028 0.098089 0.000000 109.260895 
443000 2215.000000 0.925111 0.045372 0.000000 109.501529 1.006534 0.000000 107.991728 
444000 2220.000000 0.445216 0.438657 0.000000 111.918774 3.171449 0.000000 107.161601 
445000 2225.000000 0.075135 0.520729 0.000000 111.426481 3.070821 0.000000 106.820250 
446000 2230.000000 0.394707 0.402614 0.000000 110.511255 1.364595 0.000000 108.464363 
447000 2235.000000 0.118090 0.480051 0.000000 110.325206 0.881850 0.000000 109.002431 
448000 2240.000000 0.468918 0.496466 0.000000 110.323260 2.010857 0.000000 107.306974 
449000 2245.000000 0.957821 0.003935 0.000000 109.783153 0.367922 0.000000 109.231270 
450000 2250.000000 0.972751 0.006508 0.000000 109.630673 0.014895 0.000000 109.608330 
451000 2255.000000 0.983827 0.036618 0.000000 109.879901 1.063003 0.000000 108.285397 
452000 2260.000000 0.693741 0.371966 0.000000 111.516185 3.106619 0.000000 106.856257 
453000 2265.000000 0.789375 0.286017 0.000000 110.186478 0.449935 0.000000 109.511576 
454000 2270.000000 0.640907 0.333046 0.000000 110.288207 1.846604 0.000000 107.518301 
455000 2275.000000 0.406082 0.321015 0.000000 108.556739 0.887030 0.000000 107.226193 
456000 2280.000000 0.604243 0.447038 0.000000 110.192727 0.117558 0.000000 110.016390 
457000 2285.000000 0.639022 0.378387 0.000000 111.163539 2.185309 0.000000 107.885575 
458000 2290.000000 0.408410 0.479480 0.000000 111.518943 3.606905 0.000000 106.108585 
459000 2295.000000 0.591538 0.381245 0.000000 110.824229 0.928829 0.000000 109.430986 
460000 2300.000000 0.840467 0.303008 0.000000 110.475097 0.258428 0.000000 110.087455 
461000 2305.000000 0.534049 0.459088 0.000000 111.575938 1.247699 0.000000 109.704389 
462000 2310.000000 0.669236 0.429337 0.000000 111.129099 2.102738 0.000000 107.974992 
463000 2315.000000 0.769119 0.422336 0.000000 109.829753 0.176724 0.000000 109.564667 
464000 2320.000000 0.506255 0.412511 0.000000 111.935698 1.594826 0.000000 109.543459 
465000 2325.000000 0.871803 0.237217 0.000000 109.569932 0.691363 0.000000 108.532888 
466000 2330.000000 0.216412 0.508232 0.000000 110.757653 0.137930 0.000000 110.550757 
467000 2335.000000 -0.046671 0.490863 0.000000 111.000671 0.819847 0.000000 109.770901 
468000 2340.000000 -0.379248 0.549818 0.000000 111.612420 1.768207 0.000000 108.960109 
469000 2345.000000 -0.468284 0.713707 0.000000 109.659257 0.276776 0.000000 109.244093 
470000 2350.000000 -0.918691 0.598729 0.000000 110.265776 0.134953 0.000000 110.063346 
471000 2355.000000 -0.692747 0.516444 0.000000 110.322872 1.067496 0.000000 108.721628 
472000 2360.000000 -0.503833 0.710587 0.000000 110.907287 2.274735 0.000000 107.495184 
473000 2365.000000 -0.029353 0.589781 0.000000 109.614491 0.007159 0.000000 109.603752 
474000 2370.000000 0.439445 0.417934 0.000000 112.285829 0.710380 0.000000 111.220259 
475000 2375.000000 0.641871 0.459887 0.000000 111.029416 0.182412 0.000000 110.755799 
476000 2380.000000 0.610012 0.460728 0.000000 111.889792 1.161045 0.000000 110.148224 
477000 2385.000000 0.377456 0.341157 0.000000 110.239329 0.601655 0.000000 109.336847 
478000 2390.000000 0.738565 0.236418 0.000000 110.041851 0.240393 0.000000 109.681261 
479000 2395.000000 0.502762 0.306663 0.000000 109.565579 0.488942 0.000000 108.832165 
480000 2400.000000 0.131327 0.453062 0.000000 112.129755 1.626974 0.000000 109.689294 
481000 2405.000000 0.183302 0.513440 0.000000 111.533098 0.021592 0.000000 111.500711 
482000 2410.000000 0.145051 0.522074 0.000000 111.962087 0.662475 0.000000 110.968374 
483000 2415.000000 0.168463 0.513498 0.000000 111.796809 0.362349 0.000000 111.253285 
484000 2420.000000 0.662528 0.399154 0.000000 112.231856 1.347956 0.000000 110.209922 
485000 2425.000000 0.758289 0.211417 0.000000 110.471852 0.837296 0.000000 109.215909 
486000 2430.000000 0.629453 0.341747 0.000000 111.525767 0.513749 0.000000 110.755143 
487000 2435.000000 0.660167 0.444733 0.000000 113.012813 3.215662 0.000000 108.189319 
488000 2440.000000 0.652333 0.327688 0.000000 111.674488 0.567923 0.000000 110.822604 
489000 2445.000000 0.470792 0.415067 0.000000 113.352289 1.351567 0.000000 111.324939 
490000 2450.000000 0.054164 0.528545 0.000000 112.145078 0.040494 0.000000 112.084336 
491000 2455.000000 0.192859 0.521442 0.000000 112.280092 0.788081 0.000000 111.097971 
492000 2460.000000 0.544400 0.389597 0.000000 112.312809 0.113087 0.000000 112.143179 
493000 2465.000000 0.834378 0.401787 0.000000 111.577715 0.760303 0.000000 110.437261 
494000 2470.000000 0.159258 0.533467 0.000000 113.345690 2.491896 0.000000 109.607846 
495000 2475.000000 0.203031 0.456909 0.000000 111.877168 0.138654 0.000000 111.669187 
496000 2480.000000 -0.450884 0.589260 0.000000 112.454405 0.391060 0.000000 111.867815 
497000 2485.000000 -0.888387 0.795972 0.000000 111.872375 0.273359 0.000000 111.462337 
498000 2490.000000 0.084860 0.452622 0.000000 112.599347 0.812092 0.000000 111.381208 
499000 2495.000000 0.016758 0.467021 0.000000 112.507759 0.483204 0.000000 111.782953 
500000 2500.000000 0.746263 0.387369 0.000000 112.801669 0.370295 0.000000 112.246226 
501000 2505.000000 1.020699 0.016106 0.000000 110.476234 0.268996 0.000000 110.072739 
502000 2510.000000 0.806881 0.188517 0.000000 110.929561 0.742856 0.000000 109.815277 
503000 2515.000000 0.176345 0.514278 0.000000 112.701241 0.176508 0.000000 112.436480 
504000 2520.000000 0.025342 0.444816 0.000000 112.588087 1.003374 0.000000 111.083025 
505000 2525.000000 -0.650717 0.562197 0.000000 112.504408 0.622196 0.000000 111.571114 
506000 2530.000000 -0.897294 0.729666 0.000000 115.653267 6.340746 0.000000 106.142148 
507000 2535.000000 -0.961364 0.619185 0.000000 111.994639 0.005408 0.000000 111.986527 
508000 2540.000000 0.241594 0.527966 0.000000 112.939471 1.416293 0.000000 110.815032 
509000 2545.000000 0.658463 0.353013 0.000000 112.997525 0.248464 0.000000 112.624828 
510000 2550.000000 0.454881 0.375391 0.000000 113.026166 0.153299 0.000000 112.796218 
511000 2555.000000 0.420989 0.444127 0.000000 113.760513 0.491556 0.000000 113.023179 
512000 2560.000000 0.660853 0.364294 0.000000 113.223665 0.283046 0.000000 112.799096 
513000 2565.000000 -0.184314 0.499855 0.000000 111.436705 0.051974 0.000000 111.358744 
514000 2570.000000 -0.863293 0.766653 0.000000 112.963367 0.167493 0.000000 112.712127 
515000 2575.000000 -0.384990 0.554047 0.000000 113.544325 0.111558 0.000000 113.376988 
516000 2580.000000 -0.298594 0.652020 0.000000 113.796849 2.104537 0.000000 110.640043 
517000 2585.000000 -0.918454 0.600119 0.000000 112.859926 0.121913 0.000000 112.677057 
518000 2590.000000 -0.100575 0.559424 0.000000 113.021607 1.552456 0.000000 110.692924 
519000 2595.000000 0.758262 0.305847 0.000000 113.984863 0.196421 0.000000 113.690233 
520000 2600.000000 0.787407 0.389270 0.000000 113.842331 0.272556 0.000000 113.433498 
521000 2605.000000 0.467685 0.419947 0.000000 115.080435 1.321923 0.000000 113.097550 
522000 2610.000000 0.270202 0.527335 0.000000 113.056769 0.338910 0.000000 112.548404 
523000 2615.000000 0.553156 0.390229 0.000000 114.542049 0.931061 0.000000 113.145458 
524000 2620.000000 0.835960 0.314945 0.000000 114.327431 0.889993 0.000000 112.992442 
525000 2625.000000 0.491291 0.440480 0.000000 115.077066 0.964245 0.000000 113.630699 
526000 2630.000000 0.635176 0.296994 0.000000 112.913932 0.191975 0.000000 112.625970 
527000 2635.000000 0.794904 0.296374 0.000000 114.339232 0.133250 0.000000 114.139356 
528000 2640.000000 0.194473 0.537505 0.000000 113.959987 0.315865 0.000000 113.486190 
529000 2645.000000 -0.465849 0.552422 0.000000 114.204240 0.258064 0.000000 113.817144 
530000 2650.000000 -0.804935 0.643948 0.000000 114.150837 0.332705 0.000000 113.651780 
531000 2655.000000 -1.013193 0.730099 0.000000 114.047844 1.221612 0.000000 112.215426 
532000 2660.000000 0.411993 0.479120 0.000000 113.892956 0.151499 0.000000 113.665707 
533000 2665.000000 0.952426 0.023644 0.000000 115.343316 1.764294 0.000000 112.696875 
534000 2670.000000 0.949116 0.014246 0.000000 115.320306 1.837212 0.000000 112.564488 
535000 2675.000000 0.939992 0.031548 0.000000 114.442086 0.353054 0.000000 113.912505 
536000 2680.000000 0.944410 0.059756 0.000000 114.321786 0.590237 0.000000 113.436431 
537000 2685.000000 0.977119 0.045905 0.000000 114.275783 0.247410 0.000000 113.904668 
538000 2690.000000 0.476875 0.403572 0.000000 115.303944 0.601224 0.000000 114.402109 
539000 2695.000000 0.759623 0.380664 0.000000 114.991939 0.226132 0.000000 114.652740 
540000 2700.000000 0.215746 0.423284 0.000000 113.577864 0.262725 0.000000 113.183777 
541000 2705.000000 -0.614198 1.389930 0.000000 115.175690 0.063108 0.000000 115.081028 
542000 2710.000000 -0.585861 1.325461 0.000000 114.526044 0.473080 0.000000 113.816425 
543000 2715.000000 -0.532202 1.436089 0.000000 115.379191 0.301639 0.000000 114.926732 
544000 2720.000000 -0.490819 1.593034 0.000000 113.931125 0.013610 0.000000 113.910710 
545000 2725.000000 -0.585830 1.489677 0.000000 115.271147 0.921425 0.000000 113.889010 
546000 2730.000000 -0.463078 1.494077 0.000000 115.157215 0.622593 0.000000 114.223325 
547000 2735.000000 -0.479322 1.411753 0.000000 114.870269 1.344287 0.000000 112.853839 
548000 2740.000000 -0.362103 1.480369 0.000000 112.282620 0.080219 0.000000 112.162292 
549000 2745.000000 -0.521625 1.436407 0.000000 115.686973 0.904228 0.000000 114.330631 
550000 2750.000000 -0.374025 1.667271 0.000000 112.708677 0.374158 0.000000 112.147440 
551000 2755.000000 -0.849895 1.324106 0.000000 113.967285 5.771587 0.000000 105.309905 
552000 2760.000000 -0.572180 1.499609 0.000000 115.694626 1.458869 0.000000 113.506323 
553000 2765.000000 -0.595833 1.518582 0.000000 114.664578 0.832598 0.000000 113.415681 
554000 2770.000000 -0.545854 1.499878 0.000000 115.635248 0.769196 0.000000 114.481454 
555000 2775.000000 -0.870493 0.633556 0.000000 115.318016 0.869785 0.000000 114.013338 
556000 2780.000000 -0.730625 1.304822 0.000000 117.718351 7.075670 0.000000 107.104845 
557000 2785.000000 -0.511905 1.526697 0.000000 115.442814 0.468826 0.000000 114.739575 
558000 2790.000000 -0.810481 0.506473 0.000000 114.085117 0.350881 0.000000 113.558796 
559000 2795.000000 -0.647181 1.287250 0.000000 114.660644 0.263724 0.000000 114.265058 
560000 2800.000000 -0.564090 1.481918 0.000000 115.520195 0.015894 0.000000 115.496354 
561000 2805.000000 -0.547333 1.418470 0.000000 116.132295 0.964751 0.000000 114.685169 
562000 2810.000000 -0.498430 1.429136 0.000000 116.363829 2.285769 0.000000 112.935176 
563000 2815.000000 -0.659277 1.271356 0.000000 114.811427 0.989257 0.000000 113.327542 
564000 2820.000000 -0.427716 1.547451 0.000000 114.956135 0.257327 0.000000 114.570145 
565000 2825.000000 -0.749311 0.766703 0.000000 114.706690 0.368126 0.000000 114.154500 
566000 2830.000000 -0.895429 0.789932 0.000000 116.046869 1.194949 0.000000 114.254446 
567000 2835.000000 -0.793925 1.256216 0.000000 113.751605 0.934005 0.000000 112.350597 
568000 2840.000000 -0.443322 1.477690 0.000000 115.608912 1.346698 0.000000 113.588865 
569000 2845.000000 -0.632099 1.328591 0.000000 115.284553 0.044109 0.000000 115.218389 
570000 2850.000000 -0.859434 0.742455 0.000000 116.291578 1.946582 0.000000 113.371705 
571000 2855.000000 -0.221154 0.549417 0.000000 115.370764 1.944368 0.000000 112.454213 
572000 2860.000000 -0.483620 0.583903 0.000000 116.074304 0.592036 0.000000 115.186250 
573000 2865.000000 -0.869199 0.717039 0.000000 115.617006 0.318370 0.000000 115.139450 
574000 2870.000000 0.091370 0.459748 0.000000 116.291730 0.378871 0.000000 115.723424 
575000 2875.000000 -0.459147 0.688237 0.000000 117.113830 3.568357 0.000000 111.761294 
576000 2880.000000 0.486158 0.458829 0.000000 117.796022 1.932602 0.000000 114.897119 
577000 2885.000000 0.485478 0.469169 0.000000 116.911203 0.366245 0.000000 116.361835 
578000 2890.000000 0.707911 0.278380 0.000000 115.967071 0.806266 0.000000 114.757672 
579000 2895.000000 0.894644 0.372127 0.000000 113.809092 0.131567 0.000000 113.611741 
580000 2900.000000 -0.714013 0.721837 0.000000 115.605100 0.140353 0.000000 115.394571 
581000 2905.000000 -0.684530 1.222724 0.000000 114.277548 0.035047 0.000000 114.224978 
582000 2910.000000 -0.466201 1.452152 0.000000 116.581104 1.585261 0.000000 114.203213 
583000 2915.000000 -0.396089 1.580945 0.000000 115.884400 1.583412 0.000000 113.509282 
584000 2920.000000 -0.801289 0.820617 0.000000 116.057759 0.484203 0.000000 115.331455 
585000 2925.000000 -0.754848 0.525994 0.000000 115.882185 0.948231 0.000000 114.459839 
586000 2930.000000 -0.690458 0.705603 0.000000 116.061441 0.411733 0.000000 115.443842 
587000 2935.000000 0.601891 0.488711 0.000000 116.726307 1.385614 0.000000 114.647886 
588000 2940.000000 -0.019632 0.476391 0.000000 116.460064 0.044781 0.000000 116.392892 
589000 2945.000000 0.251515 0.526639 0.000000 116.288680 0.612674 0.000000 115.369669 
590000 2950.000000 -0.138873 0.451709 0.000000 115.603600 1.230279 0.000000 113.758182 
591000 2955.000000 0.108787 0.466893 0.000000 119.065391 4.643815 0.000000 112.099669 
592000 2960.000000 0.131844 0.466419 0.000000 117.006007 0.590703 0.000000 116.119953 
593000 2965.000000 0.864471 0.333360 0.000000 117.360144 2.761618 0.000000 113.217718 
594000 2970.000000 0.712505 0.313253 0.000000 116.995203 0.374616 0.000000 116.433279 
595000 2975.000000 0.736726 0.436995 0.000000 116.623911 0.666587 0.000000 115.624030 
596000 2980.000000 0.853077 0.281418 0.000000 117.168669 0.727156 0.000000 116.077935 
597000 2985.000000 0.072499 0.444320 0.000000 117.822973 2.511573 0.000000 114.055614 
598000 2990.000000 0.773095 0.446954 0.000000 115.646941 0.041476 0.000000 115.584726 
599000 2995.000000 0.717716 0.342955 0.000000 117.340888 0.386265 0.000000 116.761490 
600000 3000.000000 0.765365 0.269239 0.000000 116.681979 0.101950 0.000000 116.529054 
601000 3005.000000 0.829324 0.321749 0.000000 117.116101 0.293900 0.000000 116.675251 
602000 3010.000000 0.593673 0.370475 0.000000 117.596155 0.916897 0.000000 116.220810 
603000 3015.000000 0.624010 0.381337 0.000000 117.493202 0.220685 0.000000 117.162174 
604000 3020.000000 0.479788 0.344112 0.000000 118.207732 3.621217 0.000000 112.775906 
605000 3025.000000 -0.311720 0.631339 0.000000 117.380740 0.564027 0.000000 116.534700 
606000 3030.000000 -1.024008 0.599147 0.000000 116.131573 0.470350 0.000000 115.426048 
607000 3035.000000 0.122239 0.506095 0.000000 117.870353 0.706373 0.000000 116.810794 
608000 3040.000000 0.723986 0.363327 0.000000 117.823544 0.744071 0.000000 116.707438 
609000 3045.000000 -0.968171 0.805565 0.000000 116.006515 0.050358 0.000000 115.930978 
610000 3050.000000 -0.398429 0.712163 0.000000 115.901059 0.022036 0.000000 115.868005 
611000 3055.000000 -0.638854 0.617788 0.000000 118.265559 2.139709 0.000000 115.055997 
612000 3060.000000 -0.524533 0.655746 0.000000 117.491151 0.658971 0.000000 116.502694 
613000 3065.000000 -0.865083 0.582894 0.000000 117.277214 0.429473 0.000000 116.633004 
614000 3070.000000 -0.510095 0.610244 0.000000 117.987659 0.543709 0.000000 117.172095 
615000 3075.000000 0.701718 0.447616 0.000000 117.358682 0.177188 0.000000 117.092900 
616000 3080.000000 0.577280 0.426254 0.000000 118.921158 1.183770 0.000000 117.145503 
617000 3085.000000 0.588301 0.336706 0.000000 117.880406 1.286131 0.000000 115.951209 
618000 3090.000000 0.836025 0.354089 0.000000 120.282311 5.394362 0.000000 112.190767 
619000 3095.000000 0.778651 0.440721 0.000000 116.980196 0.583521 0.000000 116.104915 
620000 3100.000000 0.714412 0.314700 0.000000 118.030510 0.127921 0.000000 117.838630 
621000 3105.000000 0.618363 0.387257 0.000000 119.531385 2.604800 0.000000 115.624185 
622000 3110.000000 0.403952 0.476201 0.000000 117.672245 0.353050 0.000000 117.142671 
623000 3115.000000 0.565762 0.408371 0.000000 118.821708 0.412889 0.000000 118.202375 
624000 3120.000000 -0.919294 0.601810 0.000000 118.151640 1.327389 0.000000 116.160557 
625000 3125.000000 -0.969194 0.752590 0.000000 118.110265 0.526277 0.000000 117.320850 
626000 3130.000000 -0.688439 1.290229 0.000000 117.353928 0.086293 0.000000 117.224489 
627000 3135.000000 -0.550170 1.342266 0.000000 117.933492 1.350914 0.000000 115.907121 
628000 3140.000000 -0.612012 1.319758 0.000000 118.288398 1.387681 0.000000 116.206876 
629000 3145.000000 -0.540232 1.443492 0.000000 118.734781 0.540189 0.000000 117.924498 
630000 3150.000000 -0.632658 1.043531 0.000000 115.669499 0.730709 0.000000 114.573435 
631000 3155.000000 -0.581950 0.608018 0.000000 119.215332 1.935273 0.000000 116.312422 
632000 3160.000000 -0.579792 0.496884 0.000000 118.699032 3.320366 0.000000 113.718483 
633000 3165.000000 -0.975400 0.768853 0.000000 117.662367 0.031214 0.000000 117.615546 
634000 3170.000000 -0.460014 0.540354 0.000000 118.791361 0.749254 0.000000 117.667479 
635000 3175.000000 -0.390831 0.537966 0.000000 118.478374 0.091851 0.000000 118.340597 
636000 3180.000000 -0.989412 0.796832 0.000000 116.838363 0.002783 0.000000 116.834188 
637000 3185.000000 -0.535013 0.608441 0.000000 119.068276 0.842872 0.000000 117.803968 
638000 3190.000000 -0.597745 0.533883 0.000000 119.582387 2.928697 0.000000 115.189342 
639000 3195.000000 -0.566193 1.390385 0.000000 118.996733 0.510807 0.000000 118.230522 
640000 3200.000000 -0.438729 0.563567 0.000000 118.980163 0.211104 0.000000 118.663508 
641000 3205.000000 0.171065 0.509344 0.000000 118.930689 0.001889 0.000000 118.927855 
642000 3210.000000 0.202559 0.513219 0.000000 120.009627 2.595153 0.000000 116.116897 
643000 3215.000000 0.480000 0.411304 0.000000 120.130532 1.513821 0.000000 117.859801 
644000 3220.000000 -0.336233 0.564170 0.000000 119.109492 0.266074 0.000000 118.710380 
645000 3225.000000 0.852766 0.392169 0.000000 117.722972 0.323145 0.000000 117.238254 
646000 3230.000000 -0.262303 0.658165 0.000000 119.542666 2.910943 0.000000 115.176251 
647000 3235.000000 -0.926932 0.672397 0.000000 122.139703 7.579174 0.000000 110.770942 
648000 3240.000000 -0.779584 0.583363 0.000000 118.712780 0.031132 0.000000 118.666081 
649000 3245.000000 -0.550991 0.609836 0.000000 119.325963 0.724977 0.000000 118.238497 
650000 3250.000000 -0.805230 0.586305 0.000000 119.512580 1.573915 0.000000 117.151708 
651000 3255.000000 -0.432256 0.745719 0.000000 117.964924 2.265095 0.000000 114.567281 
652000 3260.000000 -0.392364 0.646952 0.000000 119.040221 0.503736 0.000000 118.284617 
653000 3265.000000 0.744999 0.336481 0.000000 119.814739 0.407854 0.000000 119.202957 
654000 3270.000000 0.179808 0.452224 0.000000 119.028578 0.263104 0.000000 118.633921 
655000 3275.000000 -0.983249 0.719747 0.000000 119.070544 0.628776 0.000000 118.127381 
656000 3280.000000 -0.321577 0.614469 0.000000 119.674926 0.358823 0.000000 119.136691 
657000 3285.000000 -0.753663 0.809499 0.000000 118.226949 0.291312 0.000000 117.789981 
658000 3290.000000 -0.582402 1.442750 0.000000 119.727333 0.065562 0.000000 119.628990 
659000 3295.000000 -0.430024 1.444906 0.000000 118.480340 0.984839 0.000000 117.003082 
660000 3300.000000 -0.563380 1.119067 0.000000 116.543815 1.946174 0.000000 113.624554 
661000 3305.000000 -0.431285 0.613459 0.000000 119.670109 0.382830 0.000000 119.095864 
662000 3310.000000 -0.723402 0.649257 0.000000 119.729060 0.757951 0.000000 118.592134 
663000 3315.000000 -0.516823 0.625147 0.000000 119.541335 0.109598 0.000000 119.376938 
664000 3320.000000 0.675183 0.483343 0.000000 119.464078 1.789421 0.000000 116.779947 
665000 3325.000000 0.091960 0.478168 0.000000 120.853712 1.746967 0.000000 118.233261 
666000 3330.000000 0.967532 0.092640 0.000000 118.598729 0.474227 0.000000 117.887388 
667000 3335.000000 0.965165 0.041127 0.000000 120.064804 0.522344 0.000000 119.281288 
668000 3340.000000 0.986905 -0.012532 0.000000 119.417147 0.314671 0.000000 118.945139 
669000 3345.000000 0.952861 0.038382 0.000000 119.990743 0.325206 0.000000 119.502934 
670000 3350.000000 0.898375 0.054441 0.000000 118.580231 1.337268 0.000000 116.574329 
671000 3355.000000 0.738443 0.383440 0.000000 120.847326 1.835982 0.000000 118.093353 
672000 3360.000000 -0.588325 0.616229 0.000000 120.160721 1.215449 0.000000 118.337546 
673000 3365.000000 -0.374519 0.508520 0.000000 118.720994 0.236904 0.000000 118.365638 
674000 3370.000000 0.204397 0.521156 0.000000 120.140400 0.622439 0.000000 119.206741 
675000 3375.000000 -0.504416 0.789701 0.000000 118.832309 3.139910 0.000000 114.122444 
676000 3380.000000 0.653430 0.334039 0.000000 120.626504 1.675479 0.000000 118.113285 
677000 3385.000000 0.624465 0.428020 0.000000 120.790857 0.802853 0.000000 119.586577 
678000 3390.000000 0.690129 0.315996 0.000000 120.064274 0.394433 0.000000 119.472624 
679000 3395.000000 0.864036 0.347633 0.000000 119.359471 0.210504 0.000000 119.043715 
680000 3400.000000 -0.084776 0.402009 0.000000 118.506840 1.612220 0.000000 116.088510 
681000 3405.000000 0.179180 0.546598 0.000000 120.082095 0.517751 0.000000 119.305469 
682000 3410.000000 0.173732 0.447153 0.000000 120.075213 0.629483 0.000000 119.130988 
683000 3415.000000 0.050827 0.502213 0.000000 122.078937 2.950929 0.000000 117.652544 
684000 3420.000000 0.790808 0.435683 0.000000 119.489826 0.773481 0.000000 118.329604 
685000 3425.000000 0.827365 0.274976 0.000000 121.246861 1.149519 0.000000 119.522581 
686000 3430.000000 0.801623 0.227430 0.000000 120.566795 0.558244 0.000000 119.729428 
687000 3435.000000 0.504624 0.392232 0.000000 121.442160 0.909748 0.000000 120.077538 
688000 3440.000000 0.538521 0.390586 0.000000 121.411119 0.885732 0.000000 120.082522 
689000 3445.000000 0.652195 0.369107 0.000000 121.024385 0.604439 0.000000 120.117726 
690000 3450.000000 0.720473 0.411992 0.000000 120.786909 0.413381 0.000000 120.166838 
691000 3455.000000 0.121077 0.420680 0.000000 119.644582 0.017280 0.000000 119.618661 
692000 3460.000000 0.044502 0.534544 0.000000 121.073181 0.692901 0.000000 120.033829 
693000 3465.000000 -0.359600 0.565305 0.000000 121.015969 0.009151 0.000000 121.002242 
694000 3470.000000 -1.028311 0.723637 0.000000 120.510974 2.089845 0.000000 117.376206 
695000 3475.000000 0.065897 0.526922 0.000000 121.127988 0.504189 0.000000 120.371705 
696000 3480.000000 0.699798 0.417559 0.000000 121.329416 1.270791 0.000000 119.423230 
697000 3485.000000 -0.048484 0.514198 0.000000 120.815832 0.552760 0.000000 119.986692 
698000 3490.000000 0.870889 0.273105 0.000000 121.564735 1.526852 0.000000 119.274457 
699000 3495.000000 0.561986 0.421368 0.000000 121.452608 0.064897 0.000000 121.355262 
700000 3500.000000 0.173080 0.463444 0.000000 121.126014 0.970816 0.000000 119.669790 
701000 3505.000000 -0.989175 0.576433 0.000000 120.635500 1.952085 0.000000 117.707372 
702000 3510.000000 -0.661703 0.934326 0.000000 119.620294 2.342475 0.000000 116.106581 
703000 3515.000000 -0.565750 0.741436 0.000000 120.138279 1.260041 0.000000 118.248218 
704000 3520.000000 -0.877758 0.628948 0.000000 121.949084 2.761555 0.000000 117.806751 
705000 3525.000000 -0.433573 0.578684 0.000000 121.169932 0.140884 0.000000 120.958606 
706000 3530.000000 -0.319900 0.561114 0.000000 122.097909 2.145386 0.000000 118.879829 
707000 3535.000000 -0.798408 0.730837 0.000000 121.068652 1.369518 0.000000 119.014375 
708000 3540.000000 -0.447479 0.556230 0.000000 121.985387 1.860333 0.000000 119.194888 
709000 3545.000000 -0.460105 0.660925 0.000000 120.859998 0.296483 0.000000 120.415273 
710000 3550.000000 0.835773 0.277994 0.000000 122.383184 1.878981 0.000000 119.564712 
711000 3555.000000 0.429112 0.416923 0.000000 122.205334 0.587395 0.000000 121.324241 
712000 3560.000000 0.925230 0.057244 0.000000 120.891444 0.257823 0.000000 120.504709 
713000 3565.000000 0.470276 0.455950 0.000000 122.216930 0.354948 0.000000 121.684508 
714000 3570.000000 0.381497 0.329610 0.000000 119.847731 0.698229 0.000000 118.800388 
715000 3575.000000 -0.584902 0.606217 0.000000 122.397841 2.410273 0.000000 118.782432 
716000 3580.000000 -0.520453 0.540755 0.000000 121.084613 0.231662 0.000000 120.737120 
717000 3585.000000 -0.574326 1.456103 0.000000 122.965621 2.313798 0.000000 119.494925 
718000 3590.000000 -0.511363 1.407440 0.000000 121.607535 0.738393 0.000000 120.499946 
719000 3595.000000 -0.430575 1.489197 0.000000 121.362188 1.187695 0.000000 119.580645 
720000 3600.000000 -0.797166 1.269877 0.000000 120.762494 2.930568 0.000000 116.366643 
721000 3605.000000 -1.105669 0.691199 0.000000 119.115449 0.221180 0.000000 118.783678 
722000 3610.000000 -0.115740 0.505113 0.000000 120.939666 0.394392 0.000000 120.348079 
723000 3615.000000 0.110889 0.449335 0.000000 121.757603 0.748184 0.000000 120.635328 
724000 3620.000000 -0.907172 0.804495 0.000000 121.806782 1.951144 0.000000 118.880065 
725000 3625.000000 -0.875582 0.816193 0.000000 120.853504 0.045481 0.000000 120.785282 
726000 3630.000000 0.792174 0.385941 0.000000 121.667512 0.098992 0.000000 121.519023 
727000 3635.000000 0.685920 0.408092 0.000000 122.171728 0.637901 0.000000 121.214876 
728000 3640.000000 0.413114 0.415935 0.000000 122.490906 0.455137 0.000000 121.808200 
729000 3645.000000 0.430414 0.497801 0.000000 121.269970 0.824768 0.000000 120.032818 
730000 3650.000000 0.445529 0.398553 0.000000 122.331843 0.306270 0.000000 121.872438 
731000 3655.000000 0.503395 0.440733 0.000000 124.009566 2.975723 0.000000 119.545981 
732000 3660.000000 0.650055 0.405315 0.000000 122.229309 0.211389 0.000000 121.912225 
733000 3665.000000 0.746544 0.331319 0.000000 123.701005 2.854727 0.000000 119.418915 
734000 3670.000000 0.646715 0.380043 0.000000 122.860403 1.410992 0.000000 120.743915 
735000 3675.000000 -0.008306 0.560289 0.000000 121.553064 0.183040 0.000000 121.278504 
736000 3680.000000 0.501919 0.420539 0.000000 123.780564 2.208220 0.000000 120.468234 
737000 3685.000000 -0.426378 0.542401 0.000000 122.087832 0.156384 0.000000 121.853255 
738000 3690.000000 -0.040959 0.476021 0.000000 122.302607 0.774839 0.000000 121.140349 
739000 3695.000000 0.411338 0.437167 0.000000 123.023354 0.358617 0.000000 122.485428 
740000 3700.000000 0.446251 0.430291 0.000000 122.953030 0.028064 0.000000 122.910935 
741000 3705.000000 0.207974 0.564145 0.000000 121.575355 0.415719 0.000000 120.951776 
742000 3710.000000 -0.570667 0.585210 0.000000 123.406618 2.359475 0.000000 119.867405 
743000 3715.000000 -0.499904 0.620300 0.000000 123.631543 2.665950 0.000000 119.632619 
744000 3720.000000 -0.338804 0.642607 0.000000 123.096017 2.162785 0.000000 119.851839 
745000 3725.000000 -0.898856 0.671478 0.000000 123.461233 2.972984 0.000000 119.001756 
746000 3730.000000 -0.631232 0.646388 0.000000 122.492427 0.343790 0.000000 121.976742 
747000 3735.000000 0.150908 0.441336 0.000000 122.909518 1.640399 0.000000 120.448920 
748000 3740.000000 -0.307686 0.548712 0.000000 122.453914 0.666861 0.000000 121.453622 
749000 3745.000000 0.103611 0.603385 0.000000 123.325369 4.975659 0.000000 115.861881 
750000 3750.000000 0.622830 0.392756 0.000000 122.966531 0.136865 0.000000 122.761233 
751000 3755.000000 0.532704 0.486574 0.000000 122.891792 0.551710 0.000000 122.064228 
752000 3760.000000 0.815171 0.220242 0.000000 123.038110 0.467859 0.000000 122.336321 
753000 3765.000000 0.574184 0.415401 0.000000 123.730468 0.834283 0.000000 122.479043 
754000 3770.000000 0.491901 0.479578 0.000000 123.718774 1.196257 0.000000 121.924389 
755000 3775.000000 0.462264 0.508875 0.000000 122.102831 0.249061 0.000000 121.729240 
756000 3780.000000 -0.314912 0.563693 0.000000 123.365109 1.197492 0.000000 121.568872 
757000 3785.000000 0.082904 0.507483 0.000000 123.871852 1.360471 0.000000 121.831146 
758000 3790.000000 -0.913531 0.667184 0.000000 123.400882 2.186167 0.000000 120.121631 
759000 3795.000000 0.083319 0.516374 0.000000 123.947941 1.540027 0.000000 121.637901 
760000 3800.000000 0.602623 0.404993 0.000000 123.422152 0.203955 0.000000 123.116220 
761000 3805.000000 -0.361109 0.512515 0.000000 122.494872 1.748631 0.000000 119.871925 
762000 3810.000000 -0.579613 1.367109 0.000000 123.214746 0.526014 0.000000 122.425724 
763000 3815.000000 -0.442928 1.510203 0.000000 122.682284 0.152508 0.000000 122.453522 
764000 3820.000000 -0.631144 1.416143 0.000000 123.487103 0.874220 0.000000 122.175773 
765000 3825.000000 -0.527351 0.703067 0.000000 122.235678 0.590412 0.000000 121.350060 
766000 3830.000000 -0.510766 0.629317 0.000000 122.934345 0.367093 0.000000 122.383706 
767000 3835.000000 -0.740261 0.588163 0.000000 122.775314 0.200567 0.000000 122.474463 
768000 3840.000000 -0.883572 0.719721 0.000000 122.557838 0.304494 0.000000 122.101097 
769000 3845.000000 -0.495019 0.555631 0.000000 122.994083 0.429265 0.000000 122.350186 
770000 3850.000000 -0.959770 0.806023 0.000000 122.293438 0.960079 0.000000 120.853320 
771000 3855.000000 0.463441 0.442742 0.000000 123.862035 0.104667 0.000000 123.705035 
772000 3860.000000 0.613538 0.457243 0.000000 123.755003 0.972999 0.000000 122.295504 
773000 3865.000000 0.766827 0.418149 0.000000 123.073357 0.821083 0.000000 121.841732 
774000 3870.000000 0.834018 0.312698 0.000000 124.710045 2.802052 0.000000 120.506967 
775000 3875.000000 -0.020527 0.468118 0.000000 123.177547 0.129765 0.000000 122.982900 
776000 3880.000000 0.768665 0.309055 0.000000 124.553988 1.710270 0.000000 121.988583 
777000 3885.000000 0.616985 0.311800 0.000000 122.582071 0.327789 0.000000 122.090388 
778000 3890.000000 0.410090 0.317426 0.000000 121.884160 1.173833 0.000000 120.123411 
779000 3895.000000 -0.467274 0.554264 0.000000 123.712170 0.745721 0.000000 122.593588 
780000 3900.000000 0.781975 0.215377 0.000000 123.322263 0.875865 0.000000 122.008466 
781000 3905.000000 0.798683 0.256619 0.000000 124.179233 1.256768 0.000000 122.294081 
782000 3910.000000 -0.572511 0.767209 0.000000 122.801766 2.007387 0.000000 119.790686 
783000 3915.000000 -0.827171 0.779180 0.000000 123.064635 0.199570 0.000000 122.765280 
784000 3920.000000 0.074473 0.540162 0.000000 124.003107 0.383389 0.000000 123.428024 
785000 3925.000000 0.413139 0.440387 0.000000 124.520664 0.279420 0.000000 124.101534 
786000 3930.000000 0.658882 0.327536 0.000000 124.102534 1.409872 0.000000 121.987725 
787000 3935.000000 0.406199 0.394925 0.000000 124.167787 0.354996 0.000000 123.635294 
788000 3940.000000 0.587442 0.376614 0.000000 124.568624 1.091988 0.000000 122.930642 
789000 3945.000000 0.496400 0.444425 0.000000 124.853542 0.742129 0.000000 123.740349 
790000 3950.000000 0.636041 0.354705 0.000000 124.071509 0.482134 0.000000 123.348309 
791000 3955.000000 0.432331 0.508671 0.000000 123.192711 1.044145 0.000000 121.626493 
792000 3960.000000 0.434298 0.426645 0.000000 124.888780 0.621676 0.000000 123.956266 
793000 3965.000000 0.225720 0.416543 0.000000 122.628958 0.574743 0.000000 121.766844 
794000 3970.000000 -0.357287 0.554349 0.000000 124.068459 0.076589 0.000000 123.953576 
795000 3975.000000 -0.576698 1.482447 0.000000 124.398826 0.319689 0.000000 123.919292 
796000 3980.000000 -0.757912 1.369549 0.000000 122.585855 0.722030 0.000000 121.502810 
797000 3985.000000 -0.594755 1.471028 0.000000 125.090966 1.784210 0.000000 122.414651 
798000 3990.000000 -0.545293 1.492465 0.000000 124.721425 0.606460 0.000000 123.811735 
799000 3995.000000 -0.565870 1.432337 0.000000 124.978081 0.692090 0.000000 123.939947 
800000 4000.000000 -0.902805 0.605712 0.000000 123.730135 0.063719 0.000000 123.634558 
801000 4005.000000 0.017382 0.475903 0.000000 124.203534 0.039492 0.000000 124.144296 
802000 4010.000000 -0.561454 0.615201 0.000000 124.645762 1.398618 0.000000 122.547835 
803000 4015.000000 -0.379721 0.586383 0.000000 124.641562 0.662446 0.000000 123.647894 
804000 4020.000000 -0.430915 0.574186 0.000000 125.044499 1.618890 0.000000 122.616164 
805000 4025.000000 -0.824823 0.631419 0.000000 124.549427 1.137852 0.000000 122.842648 
806000 4030.000000 -0.716374 1.405842 0.000000 123.099619 0.431673 0.000000 122.452109 
807000 4035.000000 -0.613035 0.549153 0.000000 124.994054 2.790990 0.000000 120.807569 
808000 4040.000000 -0.510654 0.781030 0.000000 122.271841 0.947995 0.000000 120.849848 
809000 4045.000000 -0.264265 0.609390 0.000000 124.402794 0.500117 0.000000 123.652619 
810000 4050.000000 -0.634485 0.657048 0.000000 124.008903 0.042117 0.000000 123.945727 
811000 4055.000000 -0.563942 0.641919 0.000000 124.888759 1.945369 0.000000 121.970706 
812000 4060.000000 -0.770491 0.710011 0.000000 123.986552 0.141633 0.000000 123.774102 
813000 4065.000000 -0.507378 0.525400 0.000000 123.819185 0.280532 0.000000 123.398387 
814000 4070.000000 -0.921095 0.641207 0.000000 124.538138 1.233193 0.000000 122.688349 
815000 4075.000000 -0.517587 0.617751 0.000000 124.391260 0.271069 0.000000 123.984657 
816000 4080.000000 -0.671897 0.590287 0.000000 124.408719 0.642978 0.000000 123.444252 
817000 4085.000000 -0.948636 0.680359 0.000000 123.918546 0.038052 0.000000 123.861468 
818000 4090.000000 -0.384099 0.654298 0.000000 125.333838 2.901051 0.000000 120.982262 
819000 4095.000000 -0.951143 0.787206 0.000000 123.821024 0.057392 0.000000 123.734937 
820000 4100.000000 0.110172 0.448907 0.000000 124.582536 0.263590 0.000000 124.187150 
821000 4105.000000 0.825581 0.222869 0.000000 125.433569 0.959877 0.000000 123.993754 
822000 4110.000000 0.438159 0.428806 0.000000 125.406982 0.133170 0.000000 125.207228 
823000 4115.000000 0.818519 0.215517 0.000000 125.392605 1.227805 0.000000 123.550897 
824000 4120.000000 0.354633 0.363575 0.000000 125.467273 3.467010 0.000000 120.266758 
825000 4125.000000 -0.147884 0.539247 0.000000 123.478579 0.118325 0.000000 123.301091 
826000 4130.000000 -1.009549 0.705976 0.000000 124.783994 1.946130 0.000000 121.864799 
827000 4135.000000 -0.527241 0.603035 0.000000 124.790953 0.446595 0.000000 124.121061 
828000 4140.000000 -0.185483 0.501699 0.000000 123.223850 0.007320 0.000000 123.212870 
829000 4145.000000 -0.352787 0.511507 0.000000 123.746332 0.204956 0.000000 123.438897 
830000 4150.000000 -0.848081 0.732289 0.000000 124.663632 0.758370 0.000000 123.526078 
831000 4155.000000 -0.732004 0.574323 0.000000 124.483578 0.194833 0.000000 124.191329 
832000 4160.000000 -0.313765 0.530197 0.000000 124.881182 1.645764 0.000000 122.412537 
833000 4165.000000 -0.896161 0.695322 0.000000 125.080341 1.216171 0.000000 123.256085 
834000 4170.000000 -0.208471 0.606328 0.000000 124.342752 0.080148 0.000000 124.222529 
835000 4175.000000 0.113185 0.408795 0.000000 125.182720 2.904597 0.000000 120.825825 
836000 4180.000000 0.170873 0.547636 0.000000 124.922429 0.314931 0.000000 124.450032 
837000 4185.000000 0.043374 0.537965 0.000000 125.432666 0.625780 0.000000 124.493997 
838000 4190.000000 -0.321214 0.685825 0.000000 123.737040 0.146211 0.000000 123.517723 
839000 4195.000000 -0.934137 0.818127 0.000000 124.268715 0.221250 0.000000 123.936840 
840000 4200.000000 -0.539360 0.742344 0.000000 124.031194 1.211982 0.000000 122.213220 
841000 4205.000000 -0.551772 0.600193 0.000000 124.991348 0.135044 0.000000 124.788782 
842000 4210.000000 -0.636055 0.626161 0.000000 125.901327 2.208265 0.000000 122.588930 
843000 4215.000000 0.353178 0.456429 0.000000 124.855527 1.240203 0.000000 122.995223 
844000 4220.000000 0.969523 0.126379 0.000000 123.069450 0.867470 0.000000 121.768245 
845000 4225.000000 -0.854750 0.663438 0.000000 126.029273 2.312850 0.000000 122.559998 
846000 4230.000000 -0.580753 1.411993 0.000000 126.092129 0.469430 0.000000 125.387984 
847000 4235.000000 -0.537013 1.772676 0.000000 119.767896 2.886674 0.000000 115.437884 
848000 4240.000000 -0.632178 1.448793 0.000000 125.241640 0.007962 0.000000 125.229697 
849000 4245.000000 -0.546770 1.413390 0.000000 126.055100 0.539688 0.000000 125.245568 
850000 4250.000000 -0.287949 0.654177 0.000000 125.587554 1.849774 0.000000 122.812894 
851000 4255.000000 0.167185 0.520357 0.000000 126.526143 2.108932 0.000000 123.362744 
852000 4260.000000 0.079092 0.509508 0.000000 126.037751 0.582593 0.000000 125.163862 
853000 4265.000000 0.147554 0.493931 0.000000 125.770342 0.305369 0.000000 125.312289 
854000 4270.000000 0.724048 0.432479 0.000000 125.182342 0.268687 0.000000 124.779312 
855000 4275.000000 0.422592 0.490207 0.000000 125.354307 1.129996 0.000000 123.659313 
856000 4280.000000 -0.031032 0.547159 0.000000 126.684692 3.461710 0.000000 121.492127 
857000 4285.000000 -0.977359 0.506571 0.000000 123.480036 0.119563 0.000000 123.300692 
858000 4290.000000 -0.996819 0.733785 0.000000 125.023197 0.872656 0.000000 123.714213 
859000 4295.000000 -0.908938 0.804590 0.000000 124.777252 0.020648 0.000000 124.746281 
860000 4300.000000 -0.409715 0.632279 0.000000 125.869262 1.324067 0.000000 123.883160 
861000 4305.000000 0.297026 0.489618 0.000000 124.847591 0.777412 0.000000 123.681473 
862000 4310.000000 0.327014 0.376842 0.000000 124.435303 0.004628 0.000000 124.428361 
863000 4315.000000 0.642417 0.325596 0.000000 125.167271 0.192002 0.000000 124.879268 
864000 4320.000000 0.596993 0.386801 0.000000 126.262676 0.544224 0.000000 125.446340 
865000 4325.000000 -0.003712 0.442193 0.000000 126.048084 2.137114 0.000000 122.842413 
866000 4330.000000 0.498681 0.396338 0.000000 126.493615 0.868781 0.000000 125.190443 
867000 4335.000000 0.721108 0.291299 0.000000 125.922463 0.551466 0.000000 125.095264 
868000 4340.000000 0.845782 0.211095 0.000000 125.506228 0.375579 0.000000 124.942859 
869000 4345.000000 0.626936 0.387977 0.000000 126.560332 0.713069 0.000000 125.490729 
870000 4350.000000 0.800723 0.265399 0.000000 126.475616 1.122842 0.000000 124.791353 
871000 4355.000000 0.954032 0.006081 0.000000 126.453366 0.005298 0.000000 126.445419 
872000 4360.000000 0.736532 0.338315 0.000000 126.750740 0.905484 0.000000 125.392514 
873000 4365.000000 0.720435 0.376333 0.000000 126.424615 0.701690 0.000000 125.372081 
874000 4370.000000 0.853446 0.285801 0.000000 126.080556 0.323946 0.000000 125.594636 
875000 4375.000000 0.850785 0.331724 0.000000 126.084521 0.984682 0.000000 124.607498 
876000 4380.000000 0.683825 0.350798 0.000000 126.194492 0.466553 0.000000 125.494663 
877000 4385.000000 0.469991 0.398668 0.000000 126.989787 1.427003 0.000000 124.849283 
878000 4390.000000 0.796285 0.471782 0.000000 123.727349 0.668800 0.000000 122.724149 
879000 4395.000000 0.473029 0.488371 0.000000 126.365742 0.557398 0.000000 125.529645 
880000 4400.000000 0.110210 0.568359 0.000000 125.379274 0.015595 0.000000 125.355881 
881000 4405.000000 0.668027 0.456723 0.000000 126.305416 1.289873 0.000000 124.370606 
882000 4410.000000 -0.292284 0.580811 0.000000 126.288694 0.559632 0.000000 125.449247 
883000 4415.000000 -0.377996 0.579141 0.000000 127.415365 2.488256 0.000000 123.682980 
884000 4420.000000 0.904262 0.147583 0.000000 124.041417 1.042491 0.000000 122.477681 
885000 4425.000000 0.976058 0.023984 0.000000 126.734471 0.084802 0.000000 126.607269 
886000 4430.000000 0.496409 0.474768 0.000000 126.976511 1.171238 0.000000 125.219654 
887000 4435.000000 0.774195 0.302615 0.000000 126.641833 0.357611 0.000000 126.105416 
888000 4440.000000 0.375102 0.494042 0.000000 124.685307 0.072949 0.000000 124.575884 
889000 4445.000000 0.827249 0.327401 0.000000 126.528618 0.419913 0.000000 125.898749 
890000 4450.000000 0.677401 0.426529 0.000000 127.144039 1.569916 0.000000 124.789165 
891000 4455.000000 0.500668 0.509347 0.000000 126.938703 2.233554 0.000000 123.588372 
892000 4460.000000 0.603045 0.477764 0.000000 126.778407 1.303280 0.000000 124.823487 
893000 4465.000000 0.981139 0.042393 0.000000 127.302516 1.208596 0.000000 125.489623 
894000 4470.000000 -0.380653 0.543330 0.000000 126.470700 0.372505 0.000000 125.911942 
895000 4475.000000 0.394486 0.391365 0.000000 126.551077 0.194262 0.000000 126.259684 
896000 4480.000000 0.838961 0.251472 0.000000 127.146883 0.506866 0.000000 126.386584 
897000 4485.000000 0.782418 0.192774 0.000000 126.305587 1.761262 0.000000 123.663695 
898000 4490.000000 0.632903 0.300152 0.000000 125.814865 0.826529 0.000000 124.575071 
899000 4495.000000 -0.432103 0.635776 0.000000 126.639264 0.633462 0.000000 125.689072 
900000 4500.000000 0.031625 0.456409 0.000000 126.990068 0.983563 0.000000 125.514724 
901000 4505.000000 0.627432 0.439766 0.000000 127.369739 0.960053 0.000000 125.929660 
902000 4510.000000 0.037105 0.522947 0.000000 127.356591 1.120969 0.000000 125.675137 
903000 4515.000000 0.309163 0.509988 0.000000 126.295891 1.782375 0.000000 123.622329 
904000 4520.000000 0.486331 0.354084 0.000000 126.762990 1.231204 0.000000 124.916185 
905000 4525.000000 -0.860382 0.589728 0.000000 126.941975 1.508433 0.000000 124.679326 
906000 4530.000000 -0.828036 0.538928 0.000000 125.755350 0.226328 0.000000 125.415858 
907000 4535.000000 -0.768437 0.532982 0.000000 125.961320 0.659948 0.000000 124.971399 
908000 4540.000000 -0.823650 0.784732 0.000000 126.220358 0.397721 0.000000 125.623776 
909000 4545.000000 -0.927380 0.847350 0.000000 126.161365 1.085767 0.000000 124.532714 
910000 4550.000000 -0.794002 0.946061 0.000000 126.106062 1.238314 0.000000 124.248590 
911000 4555.000000 -0.028050 0.510299 0.000000 127.153826 0.775503 0.000000 125.990571 
912000 4560.000000 -0.631590 0.612858 0.000000 126.865158 0.644541 0.000000 125.898347 
913000 4565.000000 0.588155 0.297888 0.000000 125.348283 0.121426 0.000000 125.166144 
914000 4570.000000 0.469018 0.318294 0.000000 125.429456 0.405443 0.000000 124.821292 
915000 4575.000000 -0.267890 0.587007 0.000000 126.988452 0.403309 0.000000 126.383489 
916000 4580.000000 -0.786072 0.577909 0.000000 127.647981 2.655373 0.000000 123.664922 
917000 4585.000000 -0.834384 0.685738 0.000000 126.826028 0.518199 0.000000 126.048729 
918000 4590.000000 -0.991450 0.732441 0.000000 126.289738 0.382258 0.000000 125.716352 
919000 4595.000000 -0.539600 1.536939 0.000000 126.908657 0.060119 0.000000 126.818478 
920000 4600.000000 -0.692491 1.443946 0.000000 125.865723 0.161997 0.000000 125.622728 
921000 4605.000000 -0.532135 1.460163 0.000000 127.916750 0.542327 0.000000 127.103260 
922000 4610.000000 -0.537735 1.471019 0.000000 128.085884 0.909695 0.000000 126.721341 
923000 4615.000000 -0.603587 1.524754 0.000000 126.157352 0.052440 0.000000 126.078692 
924000 4620.000000 -0.379674 1.541906 0.000000 126.130040 0.546339 0.000000 125.310531 
925000 4625.000000 -0.567266 1.561865 0.000000 126.408273 0.902591 0.000000 125.054386 
926000 4630.000000 -0.694121 0.746423 0.000000 127.054848 2.069445 0.000000 123.950680 
927000 4635.000000 -0.489105 0.675158 0.000000 126.908620 1.248704 0.000000 125.035564 
928000 4640.000000 -0.249268 1.664304 0.000000 124.133610 3.419106 0.000000 119.004951 
929000 4645.000000 -0.684472 1.292943 0.000000 126.772557 0.195709 0.000000 126.478993 
930000 4650.000000 -0.603966 1.348944 0.000000 128.326469 2.037598 0.000000 125.270072 
931000 4655.000000 -0.527072 1.332279 0.000000 126.301277 0.682630 0.000000 125.277332 
932000 4660.000000 -0.577096 1.370579 0.000000 127.526976 0.175189 0.000000 127.264192 
933000 4665.000000 -0.517527 1.274455 0.000000 124.512622 0.509336 0.000000 123.748617 
934000 4670.000000 -0.598581 1.550237 0.000000 126.311318 1.048322 0.000000 124.738834 
935000 4675.000000 -0.578503 1.582720 0.000000 126.120331 1.586746 0.000000 123.740211 
936000 4680.000000 -0.380429 1.497596 0.000000 126.127905 1.109215 0.000000 124.464083 
937000 4685.000000 -0.592543 1.443450 0.000000 127.713709 0.023520 0.000000 127.678430 
938000 4690.000000 -0.692815 0.818348 0.000000 126.153999 1.561075 0.000000 123.812387 
939000 4695.000000 -0.480242 1.384092 0.000000 126.719341 0.958844 0.000000 125.281075 
940000 4700.000000 -0.787811 1.317981 0.000000 127.237632 3.886887 0.000000 121.407302 
941000 4705.000000 -0.545227 1.577574 0.000000 126.581808 0.799756 0.000000 125.382173 
942000 4710.000000 -0.714055 1.260356 0.000000 126.454930 0.259739 0.000000 126.065322 
943000 4715.000000 -0.720602 1.351695 0.000000 127.275114 1.362020 0.000000 125.232084 
944000 4720.000000 -0.487074 1.503844 0.000000 127.961250 0.528751 0.000000 127.168123 
945000 4725.000000 -0.485909 1.563378 0.000000 127.543648 0.798275 0.000000 126.346235 
946000 4730.000000 -0.479447 1.422821 0.000000 127.133117 0.189726 0.000000 126.848528 
947000 4735.000000 -0.521163 1.416468 0.000000 127.925916 0.588542 0.000000 127.043103 
948000 4740.000000 0.413197 0.401434 0.000000 129.932552 4.257247 0.000000 123.546681 
949000 4745.000000 0.660165 0.312189 0.000000 126.986974 0.250022 0.000000 126.611941 
950000 4750.000000 0.786130 0.362305 0.000000 128.503713 1.015418 0.000000 126.980587 
951000 4755.000000 0.795957 0.248107 0.000000 127.526403 0.223454 0.000000 127.191222 
952000 4760.000000 0.682751 0.392915 0.000000 129.033643 2.275757 0.000000 125.620007 
953000 4765.000000 0.976698 0.031666 0.000000 128.631564 0.675906 0.000000 127.617705 
954000 4770.000000 0.269193 0.534653 0.000000 127.125866 0.650743 0.000000 126.149752 
955000 4775.000000 0.218032 0.489026 0.000000 129.226850 3.272611 0.000000 124.317933 
956000 4780.000000 0.734822 0.412749 0.000000 127.761621 0.320122 0.000000 127.281439 
957000 4785.000000 0.758725 0.361462 0.000000 129.523418 2.770937 0.000000 125.367013 
958000 4790.000000 0.523584 0.382648 0.000000 128.030874 0.023924 0.000000 127.994988 
959000 4795.000000 0.863707 0.244072 0.000000 128.427910 0.386205 0.000000 127.848603 
960000 4800.000000 -0.860997 0.732431 0.000000 128.266695 1.883214 0.000000 125.441874 
961000 4805.000000 -0.163061 0.465342 0.000000 126.336944 0.439498 0.000000 125.677697 
962000 4810.000000 0.065347 0.549700 0.000000 127.734136 0.038448 0.000000 127.676465 
963000 4815.000000 -0.553417 0.455584 0.000000 125.421113 0.535421 0.000000 124.617981 
964000 4820.000000 -0.463098 0.626181 0.000000 127.811925 0.336421 0.000000 127.307293 
965000 4825.000000 -0.541334 1.452369 0.000000 128.864904 0.822689 0.000000 127.630871 
966000 4830.000000 -0.450689 0.653854 0.000000 127.467730 0.104510 0.000000 127.310965 
967000 4835.000000 -1.071573 0.644155 0.000000 127.261906 1.773775 0.000000 124.601245 
968000 4840.000000 -1.017052 0.628845 0.000000 127.203367 0.619882 0.000000 126.273543 
969000 4845.000000 -0.595682 0.805708 0.000000 126.367325 1.349833 0.000000 124.342575 
970000 4850.000000 -0.631176 0.742277 0.000000 127.159577 0.667299 0.000000 126.158628 
971000 4855.000000 -0.617766 0.578830 0.000000 128.934746 2.432001 0.000000 125.286744 
972000 4860.000000 -0.471942 1.494158 0.000000 128.426001 0.299634 0.000000 127.976550 
973000 4865.000000 -0.460403 1.428965 0.000000 127.434859 0.013644 0.000000 127.414392 
974000 4870.000000 -0.737122 1.379104 0.000000 127.228176 1.039484 0.000000 125.668950 
975000 4875.000000 -0.499223 1.388804 0.000000 127.614948 0.084611 0.000000 127.488032 
976000 4880.000000 -0.861571 0.655936 0.000000 127.873418 0.018327 0.000000 127.845928 
977000 4885.000000 -0.699701 1.325201 0.000000 128.554515 1.539210 0.000000 126.245700 
978000 4890.000000 -0.739616 1.273360 0.000000 127.925218 1.694626 0.000000 125.383280 
979000 4895.000000 -0.355742 1.587578 0.000000 127.019217 1.018267 0.000000 125.491816 
980000 4900.000000 -0.685176 1.325179 0.000000 128.280333 0.707148 0.000000 127.219611 
981000 4905.000000 -0.493021 1.519846 0.000000 128.473021 0.056024 0.000000 128.388984 
982000 4910.000000 -0.627620 1.404389 0.000000 128.863070 0.686914 0.000000 127.832699 
983000 4915.000000 -0.432911 1.605337 0.000000 127.945283 1.316831 0.000000 125.970038 
984000 4920.000000 -0.583798 1.316698 0.000000 127.680162 0.136433 0.000000 127.475511 
985000 4925.000000 0.525559 0.283023 0.000000 125.903660 0.031159 0.000000 125.856922 
986000 4930.000000 0.794821 0.279954 0.000000 128.722457 0.442818 0.000000 128.058231 
987000 4935.000000 -0.633293 0.498529 0.000000 126.898935 0.121609 0.000000 126.716523 
988000 4940.000000 -0.355116 0.670047 0.000000 129.131771 3.303730 0.000000 124.176175 
989000 4945.000000 0.082429 0.447527 0.000000 128.498312 0.604543 0.000000 127.591497 
990000 4950.000000 0.955750 0.019592 0.000000 130.036971 1.379937 0.000000 127.967066 
991000 4955.000000 0.377891 0.407796 0.000000 129.567838 1.678750 0.000000 127.049712 
992000 4960.000000 0.719646 0.414922 0.000000 128.565457 0.330396 0.000000 128.069863 
993000 4965.000000 0.597620 0.344835 0.000000 129.847357 3.296455 0.000000 124.902675 
994000 4970.000000 0.656026 0.413334 0.000000 128.987589 0.310581 0.000000 128.521717 
995000 4975.000000 0.948180 0.075862 0.000000 128.843780 0.721535 0.000000 127.761478 
996000 4980.000000 0.344413 0.480888 0.000000 128.590601 2.971357 0.000000 124.133565 
997000 4985.000000 0.720351 0.341940 0.000000 128.836253 0.193717 0.000000 128.545678 
998000 4990.000000 0.092954 0.547525 0.000000 128.620131 0.337312 0.000000 128.114163 
999000 4995.000000 0.987750 0.030955 0.000000 129.594043 1.192112 0.000000 127.805874 
