0 0.000000 0.154420 0.538291 0.000000 7.028109 4.685406 0.000000 0.000000 
0 0.000000 0.165622 0.529999 0.000000 6.609132 3.661187 0.000000 1.117352 
1000 5.000000 0.229042 0.488248 0.000000 4.866553 0.654656 0.000000 3.884568 
2000 10.000000 0.167698 0.570565 0.000000 5.573217 3.646471 0.000000 0.103511 
3000 15.000000 0.213018 0.464320 0.000000 4.737833 0.698948 0.000000 3.689411 
4000 20.000000 -0.000679 0.403088 0.000000 2.914612 0.482205 0.000000 2.191304 
5000 25.000000 0.357378 0.547870 0.000000 2.533326 0.612276 0.000000 1.614912 
6000 30.000000 -0.228511 0.521680 0.000000 21.573740 1.138669 0.000000 19.865736 
7000 35.000000 -0.320106 0.777059 0.000000 29.052030 0.049332 0.000000 28.978031 
8000 40.000000 -0.470720 1.503077 0.000000 53.055986 1.265273 0.000000 51.158076 
9000 45.000000 -0.666096 1.227011 0.000000 54.945702 0.513270 0.000000 54.175797 
10000 50.000000 -0.723564 1.269597 0.000000 60.076203 3.560388 0.000000 54.735621 
11000 55.000000 -0.768821 1.162262 0.000000 60.401556 0.683812 0.000000 59.375838 
12000 60.000000 -0.626004 1.379157 0.000000 76.300215 0.028260 0.000000 76.257824 
13000 65.000000 -0.241253 1.698952 0.000000 84.344553 2.128959 0.000000 81.151116 
14000 70.000000 -0.418976 1.493662 0.000000 87.151616 0.061340 0.000000 87.059606 
15000 75.000000 -0.606899 1.373810 0.000000 91.945056 1.603913 0.000000 89.539186 
16000 80.000000 -0.512233 1.549408 0.000000 94.400355 0.509268 0.000000 93.636452 
17000 85.000000 -0.828267 1.225317 0.000000 108.295879 3.650568 0.000000 102.820028 
18000 90.000000 -0.370713 1.635919 0.000000 110.511164 2.083188 0.000000 107.386383 
19000 95.000000 -0.927373 1.089302 0.000000 116.336040 0.488286 0.000000 115.603611 
20000 100.000000 -0.650226 1.376818 0.000000 118.536025 0.332783 0.000000 118.036850 
21000 105.000000 -0.980190 1.151398 0.000000 119.783015 0.188980 0.000000 119.499545 
22000 110.000000 -0.377075 1.590906 0.000000 154.507519 0.632289 0.000000 153.559085 
23000 115.000000 -0.274361 1.705365 0.000000 154.881766 0.225330 0.000000 154.543771 
24000 120.000000 -0.460632 1.456075 0.000000 158.289304 0.146118 0.000000 158.070126 
25000 125.000000 -0.674087 1.219223 0.000000 162.410371 0.496043 0.000000 161.666306 
26000 130.000000 -0.770852 1.304793 0.000000 169.055081 0.139570 0.000000 168.845727 
27000 135.000000 -0.438287 1.592869 0.000000 196.087805 0.005424 0.000000 196.079668 
28000 140.000000 -0.991105 1.067626 0.000000 220.759716 1.378819 0.000000 218.691488 
29000 145.000000 -0.901624 1.107086 0.000000 234.815616 0.068205 0.000000 234.713309 
30000 150.000000 -0.372059 1.694966 0.000000 238.122551 0.048797 0.000000 238.049355 
31000 155.000000 -0.511906 1.519855 0.000000 241.453527 0.201776 0.000000 241.150864 
32000 160.000000 -1.173001 1.000652 0.000000 255.793322 1.245773 0.000000 253.924662 
33000 165.000000 -0.988886 0.828690 0.000000 258.911578 1.648507 0.000000 256.438818 
34000 170.000000 -1.090276 0.923339 0.000000 260.985128 0.506934 0.000000 260.224727 
35000 175.000000 -1.048064 0.951136 0.000000 263.687112 0.730374 0.000000 262.591551 
36000 180.000000 -1.111251 0.879622 0.000000 263.023236 0.147420 0.000000 262.802105 
37000 185.000000 -1.222291 0.805952 0.000000 265.452602 0.668110 0.000000 264.450438 
38000 190.000000 -1.247632 0.790239 0.000000 266.043123 0.234030 0.000000 265.692077 
39000 195.000000 -1.149981 0.816096 0.000000 269.178841 0.522643 0.000000 268.394877 
40000 200.000000 -1.398142 0.554715 0.000000 293.287960 0.778887 0.000000 292.119629 
41000 205.000000 -1.264059 0.792221 0.000000 319.022575 0.862751 0.000000 317.728449 
42000 210.000000 -1.119133 0.770886 0.000000 331.647080 0.882703 0.000000 330.323026 
43000 215.000000 -1.025386 0.939237 0.000000 361.484964 0.106893 0.000000 361.324624 
44000 220.000000 -1.239814 0.830469 0.000000 386.538244 2.829583 0.000000 382.293870 
45000 225.000000 -0.988568 0.970018 0.000000 415.212374 1.731826 0.000000 412.614634 
46000 230.000000 -1.342222 0.648421 0.000000 418.633046 0.399302 0.000000 418.034093 
47000 235.000000 -1.085454 1.016374 0.000000 420.306332 0.025114 0.000000 420.268661 
48000 240.000000 -0.933298 1.057945 0.000000 448.196842 0.557377 0.000000 447.360776 
49000 245.000000 -0.654630 1.333618 0.000000 452.193366 1.081752 0.000000 450.570739 
50000 250.000000 -0.591402 1.321616 0.000000 452.539019 0.366792 0.000000 451.988831 
51000 255.000000 -1.030939 0.867853 0.000000 471.815774 1.035672 0.000000 470.262266 
52000 260.000000 -1.061931 0.885604 0.000000 480.059054 0.171754 0.000000 479.801424 
53000 265.000000 -1.220764 0.610069 0.000000 480.708445 2.536812 0.000000 476.903228 
54000 270.000000 -1.122488 0.892721 0.000000 497.929391 0.351296 0.000000 497.402447 
55000 275.000000 -1.311879 0.679073 0.000000 517.584370 0.429471 0.000000 516.940164 
56000 280.000000 -1.766078 0.568261 0.000000 543.568671 1.713896 0.000000 540.997827 
57000 285.000000 -1.169062 0.636424 0.000000 568.287826 0.905289 0.000000 566.929893 
58000 290.000000 -0.447997 1.526730 0.000000 579.820714 1.195208 0.000000 578.027903 
59000 295.000000 -0.965938 0.933254 0.000000 583.244121 0.622262 0.000000 582.310727 
60000 300.000000 -1.350051 0.610646 0.000000 595.533159 0.959337 0.000000 594.094154 
61000 305.000000 -1.110959 0.811568 0.000000 600.443872 0.870995 0.000000 599.137379 
62000 310.000000 -0.389846 1.577503 0.000000 620.949336 3.798587 0.000000 615.251456 
63000 315.000000 -0.311034 1.841725 0.000000 618.327204 1.287298 0.000000 616.396257 
64000 320.000000 -0.488848 1.482271 0.000000 622.432628 3.397098 0.000000 617.336981 
65000 325.000000 -0.941513 1.096572 0.000000 625.971949 0.685263 0.000000 624.944055 
66000 330.000000 -0.939415 1.145970 0.000000 628.775153 0.072306 0.000000 628.666694 
67000 335.000000 -0.517186 1.500550 0.000000 630.694114 1.131729 0.000000 628.996520 
68000 340.000000 -0.900853 1.030142 0.000000 629.962229 0.999110 0.000000 628.463565 
69000 345.000000 -0.975937 0.764498 0.000000 626.199564 0.727789 0.000000 625.107881 
70000 350.000000 -1.438453 0.666636 0.000000 629.679298 2.576009 0.000000 625.815285 
71000 355.000000 -0.708639 1.242438 0.000000 634.281478 0.905722 0.000000 632.922895 
72000 360.000000 -0.987958 1.032119 0.000000 635.636708 3.082062 0.000000 631.013616 
73000 365.000000 -1.291141 0.543149 0.000000 635.985199 1.127280 0.000000 634.294278 
74000 370.000000 -1.015954 0.871918 0.000000 638.353872 0.564292 0.000000 637.507434 
75000 375.000000 -0.970963 0.952063 0.000000 639.371443 1.993080 0.000000 636.381823 
76000 380.000000 -1.327544 0.952562 0.000000 635.615004 1.200631 0.000000 633.814058 
77000 385.000000 -1.115841 1.009598 0.000000 638.845340 0.999026 0.000000 637.346802 
78000 390.000000 -1.317690 0.712894 0.000000 640.120293 2.475473 0.000000 636.407083 
79000 395.000000 -1.118966 0.484907 0.000000 636.071538 0.005447 0.000000 636.063367 
80000 400.000000 -1.146537 0.741114 0.000000 640.138757 0.280614 0.000000 639.717835 
81000 405.000000 -1.074624 0.705406 0.000000 639.107300 0.936030 0.000000 637.703256 
82000 410.000000 -1.306559 0.791369 0.000000 639.811583 1.206456 0.000000 638.001899 
83000 415.000000 -1.382680 0.626862 0.000000 641.254053 1.110164 0.000000 639.588807 
84000 420.000000 -0.899546 1.084629 0.000000 645.972199 0.264443 0.000000 645.575535 
85000 425.000000 -0.781943 1.135920 0.000000 645.654850 0.261191 0.000000 645.263062 
86000 430.000000 -0.902915 1.119583 0.000000 646.411852 0.758457 0.000000 645.274166 
87000 435.000000 -0.817016 1.004095 0.000000 644.302722 0.819437 0.000000 643.073566 
88000 440.000000 -0.610012 1.300007 0.000000 647.776522 2.271480 0.000000 644.369302 
89000 445.000000 -0.533956 1.472980 0.000000 648.333812 0.161549 0.000000 648.091488 
90000 450.000000 -0.514643 1.482018 0.000000 648.699492 0.938118 0.000000 647.292315 
91000 455.000000 -0.254334 1.828416 0.000000 647.120326 0.534550 0.000000 646.318500 
92000 460.000000 -0.533794 1.577179 0.000000 647.249117 0.633841 0.000000 646.298356 
93000 465.000000 -0.458028 1.627427 0.000000 647.920925 1.151654 0.000000 646.193443 
94000 470.000000 -0.696402 1.304108 0.000000 648.394194 0.331541 0.000000 647.896883 
95000 475.000000 -0.797229 1.115680 0.000000 647.640781 0.288809 0.000000 647.207566 
96000 480.000000 -0.647851 1.275014 0.000000 648.034756 0.056416 0.000000 647.950132 
97000 485.000000 -0.318401 1.661508 0.000000 648.421333 2.052628 0.000000 645.342391 
98000 490.000000 -0.276199 1.788268 0.000000 647.505393 0.460460 0.000000 646.814702 
99000 495.000000 -0.452981 1.479864 0.000000 649.208151 1.150845 0.000000 647.481884 
