0 0.000000 -0.536925 1.485310 0.000000 7.028109 4.685406 0.000000 0.000000 
0 0.000000 -0.525611 1.477150 0.000000 6.573162 3.639823 0.000000 1.113428 
1000 5.000000 -0.450547 1.538872 0.000000 4.642758 1.000306 0.000000 3.142299 
2000 10.000000 -0.562016 1.483391 0.000000 6.621447 4.246926 0.000000 0.251058 
3000 15.000000 -0.522443 1.428926 0.000000 4.858176 0.779951 0.000000 3.688250 
4000 20.000000 -0.689076 1.160276 0.000000 0.422099 1.227172 0.000000 -1.418658 
5000 25.000000 -0.515647 1.507499 0.000000 5.455298 1.784204 0.000000 2.778992 
6000 30.000000 -0.835046 1.189696 0.000000 20.535963 1.054737 0.000000 18.953858 
7000 35.000000 -0.442227 1.479844 0.000000 28.173553 0.144831 0.000000 27.956306 
8000 40.000000 -0.623957 1.338848 0.000000 32.696215 1.277711 0.000000 30.779648 
9000 45.000000 -0.597914 1.305241 0.000000 32.361489 0.484909 0.000000 31.634125 
10000 50.000000 -0.719140 1.275709 0.000000 35.787506 3.922114 0.000000 29.904335 
11000 55.000000 -0.871677 1.091202 0.000000 34.256122 1.177391 0.000000 32.490036 
12000 60.000000 -0.517525 1.505862 0.000000 36.972026 0.361751 0.000000 36.429399 
13000 65.000000 -1.175081 0.811546 0.000000 41.006139 3.255438 0.000000 36.122982 
14000 70.000000 -1.098886 0.693402 0.000000 38.672093 0.274265 0.000000 38.260695 
15000 75.000000 -1.172528 0.686088 0.000000 39.821053 0.976325 0.000000 38.356565 
16000 80.000000 -1.108643 0.858285 0.000000 41.416817 0.267382 0.000000 41.015744 
17000 85.000000 -0.583797 1.502169 0.000000 43.989000 2.975052 0.000000 39.526421 
18000 90.000000 -0.301451 1.676019 0.000000 43.847784 1.984888 0.000000 40.870452 
19000 95.000000 -1.134293 0.893770 0.000000 43.270331 0.428942 0.000000 42.626918 
20000 100.000000 -0.556604 1.458905 0.000000 44.560518 0.471609 0.000000 43.853104 
21000 105.000000 -0.902113 1.213557 0.000000 43.338369 1.041633 0.000000 41.775920 
22000 110.000000 -0.716859 1.215921 0.000000 45.143711 1.296088 0.000000 43.199579 
23000 115.000000 -0.335491 1.579214 0.000000 44.777042 0.758071 0.000000 43.639936 
24000 120.000000 -0.313024 1.598472 0.000000 44.404895 0.230227 0.000000 44.059555 
25000 125.000000 -0.623786 1.327048 0.000000 45.994385 0.572286 0.000000 45.135956 
26000 130.000000 -0.411634 1.686883 0.000000 44.404253 0.202140 0.000000 44.101042 
27000 135.000000 -0.375436 1.652501 0.000000 45.892988 0.215605 0.000000 45.569580 
28000 140.000000 -1.409829 0.600991 0.000000 44.532242 0.772389 0.000000 43.373659 
29000 145.000000 -1.212411 0.764210 0.000000 45.669469 0.183328 0.000000 45.394477 
30000 150.000000 -0.674689 1.369968 0.000000 47.154287 0.138211 0.000000 46.946970 
31000 155.000000 -0.715661 1.317950 0.000000 47.668954 0.412911 0.000000 47.049588 
32000 160.000000 -1.074169 0.819930 0.000000 48.602155 3.123464 0.000000 43.916959 
33000 165.000000 -0.780012 1.056080 0.000000 45.361182 0.362906 0.000000 44.816823 
34000 170.000000 -0.604807 1.468723 0.000000 47.451273 0.319024 0.000000 46.972737 
35000 175.000000 -0.157159 1.829008 0.000000 45.048955 0.236180 0.000000 44.694686 
36000 180.000000 -1.341261 0.541747 0.000000 46.864439 0.117615 0.000000 46.688017 
37000 185.000000 -0.521635 1.408808 0.000000 48.685035 1.140960 0.000000 46.973596 
38000 190.000000 -0.619353 1.379912 0.000000 49.214620 0.018411 0.000000 49.187003 
39000 195.000000 -0.898629 1.118588 0.000000 49.129614 0.893916 0.000000 47.788739 
40000 200.000000 -0.651393 1.259390 0.000000 48.942192 0.688783 0.000000 47.909018 
41000 205.000000 -0.662465 1.375772 0.000000 49.934558 0.599364 0.000000 49.035512 
42000 210.000000 -0.827728 1.146907 0.000000 50.813976 2.139511 0.000000 47.604710 
43000 215.000000 -0.583193 1.442562 0.000000 50.216861 0.487118 0.000000 49.486184 
44000 220.000000 -0.681096 1.250882 0.000000 50.531245 1.770082 0.000000 47.876121 
45000 225.000000 -0.767713 1.223181 0.000000 50.372813 0.254112 0.000000 49.991644 
46000 230.000000 -1.318660 0.595344 0.000000 50.136688 1.390082 0.000000 48.051565 
47000 235.000000 -0.415631 1.633279 0.000000 50.936363 0.550233 0.000000 50.111014 
48000 240.000000 -1.116600 0.951579 0.000000 51.258379 0.328800 0.000000 50.765180 
49000 245.000000 -0.626304 1.392162 0.000000 51.626188 0.768716 0.000000 50.473113 
50000 250.000000 -0.681018 1.251214 0.000000 50.951685 0.250522 0.000000 50.575902 
51000 255.000000 -0.610057 1.365470 0.000000 51.788523 0.594150 0.000000 50.897298 
52000 260.000000 -0.445128 1.544090 0.000000 52.452265 1.298319 0.000000 50.504787 
53000 265.000000 -0.954494 0.913861 0.000000 53.020088 2.661163 0.000000 49.028343 
54000 270.000000 -0.386120 1.590874 0.000000 52.010326 0.066745 0.000000 51.910209 
55000 275.000000 -0.515012 1.599987 0.000000 51.353374 2.293871 0.000000 47.912568 
56000 280.000000 -1.498680 0.599963 0.000000 50.022006 1.722185 0.000000 47.438728 
57000 285.000000 -1.215534 0.405468 0.000000 49.566926 1.097304 0.000000 47.920971 
58000 290.000000 -0.948751 0.999018 0.000000 52.545085 0.107010 0.000000 52.384570 
59000 295.000000 -1.121882 0.792946 0.000000 52.800938 0.671313 0.000000 51.793969 
60000 300.000000 -0.502309 1.443935 0.000000 53.250627 0.248705 0.000000 52.877569 
61000 305.000000 -0.393887 1.517126 0.000000 53.034885 0.907655 0.000000 51.673403 
62000 310.000000 -0.546394 1.412310 0.000000 55.715907 4.475875 0.000000 49.002095 
63000 315.000000 -0.738132 1.301337 0.000000 54.350735 1.307433 0.000000 52.389584 
64000 320.000000 -0.467961 1.510714 0.000000 55.206096 2.517733 0.000000 51.429496 
65000 325.000000 -0.675730 1.355222 0.000000 54.404661 0.637156 0.000000 53.448927 
66000 330.000000 -1.118752 0.966399 0.000000 54.093152 0.050212 0.000000 54.017834 
67000 335.000000 -0.999066 1.066558 0.000000 54.333051 1.146736 0.000000 52.612947 
68000 340.000000 -1.351551 0.443589 0.000000 52.004739 0.466404 0.000000 51.305132 
69000 345.000000 -0.978286 0.731921 0.000000 53.299133 1.535586 0.000000 50.995754 
70000 350.000000 -0.919576 1.172625 0.000000 54.631431 0.917793 0.000000 53.254742 
71000 355.000000 -1.033530 0.745650 0.000000 54.073491 0.909649 0.000000 52.709018 
72000 360.000000 -1.238171 0.681139 0.000000 56.108666 3.338468 0.000000 51.100963 
73000 365.000000 -0.879122 0.978313 0.000000 55.597921 3.330961 0.000000 50.601479 
74000 370.000000 -0.725626 1.111591 0.000000 53.424602 0.563187 0.000000 52.579822 
75000 375.000000 -0.717354 1.175332 0.000000 55.135710 0.928434 0.000000 53.743059 
76000 380.000000 -0.707974 1.313246 0.000000 57.620835 2.452357 0.000000 53.942300 
77000 385.000000 -1.249517 0.899660 0.000000 53.746852 0.713074 0.000000 52.677242 
78000 390.000000 -1.138695 0.761356 0.000000 56.858658 2.549052 0.000000 53.035079 
79000 395.000000 -0.794166 0.367284 0.000000 52.562899 0.691783 0.000000 51.525225 
80000 400.000000 0.104515 0.492497 0.000000 57.373257 1.801272 0.000000 54.671348 
81000 405.000000 0.085238 0.416182 0.000000 55.361580 0.064510 0.000000 55.264814 
82000 410.000000 -0.388191 0.441970 0.000000 56.934781 1.627037 0.000000 54.494226 
83000 415.000000 0.057017 0.445594 0.000000 56.667167 0.436246 0.000000 56.012798 
84000 420.000000 -0.233686 0.471371 0.000000 57.320940 0.276594 0.000000 56.906050 
85000 425.000000 -0.510591 0.421959 0.000000 56.718929 0.275890 0.000000 56.305094 
86000 430.000000 -1.517030 0.584878 0.000000 54.689807 0.171943 0.000000 54.431893 
87000 435.000000 -0.909218 0.861995 0.000000 55.535787 0.031405 0.000000 55.488679 
88000 440.000000 -1.102221 0.903164 0.000000 59.626715 3.471192 0.000000 54.419926 
89000 445.000000 -1.003665 0.988008 0.000000 58.560533 0.120784 0.000000 58.379357 
90000 450.000000 -0.432235 1.555513 0.000000 59.463091 0.817334 0.000000 58.237090 
91000 455.000000 -0.396231 1.612003 0.000000 59.211786 0.525233 0.000000 58.423936 
92000 460.000000 -0.555459 1.545369 0.000000 57.895767 0.516385 0.000000 57.121190 
93000 465.000000 -0.824743 1.258690 0.000000 58.549959 1.232066 0.000000 56.701860 
94000 470.000000 -0.749784 1.258108 0.000000 59.077083 0.371522 0.000000 58.519799 
95000 475.000000 -0.771820 1.163133 0.000000 58.514151 0.246294 0.000000 58.144710 
96000 480.000000 -0.691271 1.239005 0.000000 58.557714 0.046066 0.000000 58.488615 
97000 485.000000 -0.456633 1.451671 0.000000 59.029511 0.978142 0.000000 57.562298 
98000 490.000000 -0.212466 1.752023 0.000000 58.486075 1.438003 0.000000 56.329070 
99000 495.000000 -0.415734 1.508389 0.000000 59.519463 0.966594 0.000000 58.069572 
