0 0.000000 -0.535068 1.489560 0.000000 7.028109 4.685406 0.000000 0.000000 
0 0.000000 -0.523747 1.481388 0.000000 6.593154 3.652573 0.000000 1.114295 
1000 5.000000 -0.450547 1.538872 0.000000 4.672910 1.000306 0.000000 3.172451 
2000 10.000000 -0.562016 1.483391 0.000000 6.651599 4.246926 0.000000 0.281210 
3000 15.000000 -0.522443 1.428926 0.000000 4.888328 0.779951 0.000000 3.718402 
4000 20.000000 -0.689076 1.160276 0.000000 0.452251 1.227172 0.000000 -1.388507 
5000 25.000000 -0.515647 1.507499 0.000000 5.485975 1.784542 0.000000 2.809162 
6000 30.000000 -0.818099 1.213511 0.000000 20.624777 1.096521 0.000000 18.979995 
7000 35.000000 -0.464284 1.451849 0.000000 27.044749 0.116467 0.000000 26.870049 
8000 40.000000 0.225429 0.468907 0.000000 45.264138 0.710225 0.000000 44.198800 
9000 45.000000 0.165198 0.475885 0.000000 47.139076 0.123475 0.000000 46.953863 
10000 50.000000 -0.047238 0.469393 0.000000 49.602062 2.928107 0.000000 45.209902 
11000 55.000000 -0.066364 0.491323 0.000000 50.120165 0.646084 0.000000 49.151038 
12000 60.000000 0.381438 0.479653 0.000000 51.886527 0.136828 0.000000 51.681284 
13000 65.000000 0.065788 0.473089 0.000000 54.922946 3.358351 0.000000 49.885420 
14000 70.000000 0.353867 0.392721 0.000000 53.536292 0.677504 0.000000 52.520036 
15000 75.000000 -0.121611 0.514806 0.000000 56.600872 2.214494 0.000000 53.279131 
16000 80.000000 -0.429536 0.601388 0.000000 55.265923 1.046734 0.000000 53.695822 
17000 85.000000 0.129536 0.512688 0.000000 60.539594 3.244495 0.000000 55.672852 
18000 90.000000 0.336970 0.486717 0.000000 60.298121 0.664168 0.000000 59.301868 
19000 95.000000 0.015906 0.518012 0.000000 61.456542 0.590609 0.000000 60.570630 
20000 100.000000 0.595702 0.311094 0.000000 60.224829 1.765134 0.000000 57.577128 
21000 105.000000 -0.366246 0.571817 0.000000 62.578666 0.507120 0.000000 61.817985 
22000 110.000000 -0.184687 0.542204 0.000000 66.959925 2.088483 0.000000 63.827200 
23000 115.000000 0.989505 -0.043657 0.000000 80.715387 0.082539 0.000000 80.591579 
24000 120.000000 0.981509 -0.031352 0.000000 82.608270 0.785825 0.000000 81.429532 
25000 125.000000 1.009043 0.011868 0.000000 82.212692 0.482974 0.000000 81.488232 
26000 130.000000 0.958575 0.101326 0.000000 81.941996 0.407655 0.000000 81.330513 
27000 135.000000 0.952974 0.026588 0.000000 84.241011 0.444773 0.000000 83.573851 
28000 140.000000 0.929461 0.043062 0.000000 83.994778 1.136543 0.000000 82.289964 
29000 145.000000 0.955996 0.006544 0.000000 84.211046 0.014017 0.000000 84.190020 
30000 150.000000 0.957430 0.047099 0.000000 84.412749 0.566370 0.000000 83.563194 
31000 155.000000 0.940254 0.030092 0.000000 84.242158 0.370121 0.000000 83.686975 
32000 160.000000 0.945207 0.032833 0.000000 84.823157 1.343609 0.000000 82.807744 
33000 165.000000 0.985782 -0.064507 0.000000 82.545290 1.369228 0.000000 80.491448 
34000 170.000000 0.897964 0.088967 0.000000 81.848900 0.072985 0.000000 81.739422 
35000 175.000000 0.954209 0.028487 0.000000 85.798304 2.031735 0.000000 82.750701 
36000 180.000000 0.976482 0.016912 0.000000 85.488486 1.551876 0.000000 83.160672 
37000 185.000000 1.013767 -0.050347 0.000000 83.984181 4.532261 0.000000 77.185790 
38000 190.000000 0.946743 0.009373 0.000000 85.268908 1.008750 0.000000 83.755783 
39000 195.000000 0.962005 0.055895 0.000000 85.325788 1.334687 0.000000 83.323757 
40000 200.000000 0.988473 -0.047521 0.000000 83.254121 0.152807 0.000000 83.024910 
41000 205.000000 0.971788 0.014981 0.000000 85.084149 0.050531 0.000000 85.008352 
42000 210.000000 0.953020 0.015027 0.000000 85.304254 0.504163 0.000000 84.548009 
43000 215.000000 0.969636 0.039286 0.000000 85.097093 0.258409 0.000000 84.709480 
44000 220.000000 0.971945 -0.035314 0.000000 84.221854 0.304956 0.000000 83.764421 
45000 225.000000 0.984221 0.014040 0.000000 85.105780 0.527488 0.000000 84.314548 
46000 230.000000 0.959811 0.035408 0.000000 85.277940 0.325792 0.000000 84.789253 
47000 235.000000 0.990146 0.082233 0.000000 83.595234 0.400043 0.000000 82.995170 
48000 240.000000 0.889680 -0.030161 0.000000 81.558286 0.707699 0.000000 80.496738 
49000 245.000000 0.990426 0.056193 0.000000 84.474128 0.447564 0.000000 83.802782 
50000 250.000000 1.003863 0.027360 0.000000 84.592039 0.847862 0.000000 83.320246 
51000 255.000000 1.022105 0.060247 0.000000 82.331323 0.163835 0.000000 82.085570 
52000 260.000000 0.953146 -0.046808 0.000000 84.854252 2.250551 0.000000 81.478426 
53000 265.000000 0.937616 0.050799 0.000000 85.318825 0.845609 0.000000 84.050411 
54000 270.000000 0.991004 0.035998 0.000000 85.046120 0.636072 0.000000 84.092013 
55000 275.000000 0.864468 0.093730 0.000000 81.663161 0.807349 0.000000 80.452137 
56000 280.000000 0.945663 0.016308 0.000000 88.563030 6.689631 0.000000 78.528583 
57000 285.000000 0.920139 -0.056664 0.000000 83.251089 2.037617 0.000000 80.194663 
58000 290.000000 0.987853 0.009666 0.000000 85.202855 0.216598 0.000000 84.877958 
59000 295.000000 0.997086 -0.058642 0.000000 83.262812 0.083566 0.000000 83.137462 
60000 300.000000 0.991433 0.007896 0.000000 85.116365 0.196140 0.000000 84.822156 
61000 305.000000 0.989550 -0.003892 0.000000 85.413999 0.819770 0.000000 84.184345 
62000 310.000000 -0.116209 0.588102 0.000000 91.743107 4.214548 0.000000 85.421286 
63000 315.000000 0.061008 0.456934 0.000000 93.078205 2.721678 0.000000 88.995688 
64000 320.000000 0.192086 0.452657 0.000000 91.784124 0.326273 0.000000 91.294714 
65000 325.000000 0.010184 0.474177 0.000000 92.312411 0.755681 0.000000 91.178890 
66000 330.000000 0.027256 0.543134 0.000000 92.072284 0.437356 0.000000 91.416251 
67000 335.000000 -0.298688 0.605551 0.000000 89.905604 1.411049 0.000000 87.789030 
68000 340.000000 0.063590 0.455541 0.000000 92.401580 0.727125 0.000000 91.310893 
69000 345.000000 0.324609 0.400939 0.000000 90.619468 0.251947 0.000000 90.241548 
70000 350.000000 0.124706 0.498023 0.000000 94.561983 3.805833 0.000000 88.853233 
71000 355.000000 0.084422 0.480251 0.000000 93.449790 1.718043 0.000000 90.872725 
72000 360.000000 -0.489662 0.482664 0.000000 89.241345 1.502338 0.000000 86.987838 
73000 365.000000 0.034010 0.444895 0.000000 92.212706 0.504858 0.000000 91.455419 
74000 370.000000 -0.860988 0.576423 0.000000 89.120844 0.297522 0.000000 88.674561 
75000 375.000000 0.041093 0.474178 0.000000 92.971616 0.740957 0.000000 91.860181 
76000 380.000000 -0.001747 0.589186 0.000000 94.225140 6.190501 0.000000 84.939389 
77000 385.000000 -0.219599 0.625930 0.000000 89.641138 0.046461 0.000000 89.571445 
78000 390.000000 0.030693 0.503479 0.000000 94.219024 2.479708 0.000000 90.499462 
79000 395.000000 0.408342 0.404185 0.000000 91.263956 0.250470 0.000000 90.888251 
80000 400.000000 0.374844 0.477238 0.000000 93.088847 1.794425 0.000000 90.397209 
81000 405.000000 0.346950 0.377611 0.000000 90.618200 0.161537 0.000000 90.375895 
82000 410.000000 -0.142645 0.459990 0.000000 92.374688 1.229461 0.000000 90.530496 
83000 415.000000 0.231979 0.444487 0.000000 93.119188 0.361915 0.000000 92.576315 
84000 420.000000 0.025891 0.498721 0.000000 93.565178 0.287343 0.000000 93.134164 
85000 425.000000 0.050198 0.522695 0.000000 93.442291 0.020111 0.000000 93.412124 
86000 430.000000 -0.960806 0.575449 0.000000 89.861849 0.187051 0.000000 89.581272 
87000 435.000000 0.137954 0.497205 0.000000 95.857045 3.896677 0.000000 90.012030 
88000 440.000000 -1.176577 0.545530 0.000000 89.734031 1.916384 0.000000 86.859455 
89000 445.000000 -0.709919 1.274310 0.000000 92.851771 0.134338 0.000000 92.650264 
90000 450.000000 -0.631843 1.313236 0.000000 92.882055 0.962805 0.000000 91.437847 
91000 455.000000 -0.429024 1.601239 0.000000 91.894143 0.444683 0.000000 91.227118 
92000 460.000000 -0.588816 1.514678 0.000000 91.107507 0.646764 0.000000 90.137361 
93000 465.000000 -0.513601 1.550208 0.000000 92.129044 1.147885 0.000000 90.407217 
94000 470.000000 -0.725035 1.277402 0.000000 91.902291 0.359384 0.000000 91.363215 
95000 475.000000 -0.618467 1.315819 0.000000 91.854552 0.318203 0.000000 91.377247 
96000 480.000000 -0.703899 1.214367 0.000000 90.926588 0.002581 0.000000 90.922717 
97000 485.000000 -0.522525 1.382112 0.000000 92.143073 1.601486 0.000000 89.740843 
98000 490.000000 -0.394753 1.576544 0.000000 92.497063 2.018083 0.000000 89.469939 
99000 495.000000 -0.543160 1.386105 0.000000 92.432483 0.933931 0.000000 91.031587 
