0 0.000000 0.223085 0.551370 0.000000 7.028109 4.685406 0.000000 0.000000 
0 0.000000 0.234229 0.542995 0.000000 6.616536 3.664889 0.000000 1.119203 
1000 5.000000 0.229042 0.488248 0.000000 5.607840 0.654656 0.000000 4.625856 
2000 10.000000 0.167698 0.570565 0.000000 6.314505 3.646471 0.000000 0.844798 
3000 15.000000 0.213018 0.464320 0.000000 5.479120 0.698948 0.000000 4.430699 
4000 20.000000 -0.000679 0.403088 0.000000 3.655899 0.482205 0.000000 2.932592 
5000 25.000000 0.357378 0.547870 0.000000 3.271194 0.610178 0.000000 2.355927 
6000 30.000000 -0.034842 0.518841 0.000000 24.322952 0.908565 0.000000 22.960104 
7000 35.000000 -1.031375 0.806222 0.000000 28.928576 0.517182 0.000000 28.152803 
8000 40.000000 -1.032179 0.811017 0.000000 30.160838 0.083827 0.000000 30.035098 
9000 45.000000 -1.150796 0.684562 0.000000 30.200387 0.864792 0.000000 28.903199 
10000 50.000000 -1.099640 0.843340 0.000000 34.839085 3.675102 0.000000 29.326432 
11000 55.000000 -1.009951 0.937080 0.000000 35.805258 0.166429 0.000000 35.555614 
12000 60.000000 -0.325205 1.702162 0.000000 48.960251 0.529680 0.000000 48.165732 
13000 65.000000 -0.272869 1.597650 0.000000 47.123511 1.074762 0.000000 45.511368 
14000 70.000000 -0.394064 1.514529 0.000000 49.490604 0.042789 0.000000 49.426421 
15000 75.000000 -0.498150 1.470331 0.000000 51.317141 1.971287 0.000000 48.360212 
16000 80.000000 -0.550710 1.489155 0.000000 51.551364 0.596369 0.000000 50.656810 
17000 85.000000 -0.615024 1.470840 0.000000 51.926226 2.969757 0.000000 47.471591 
18000 90.000000 -0.304700 1.673194 0.000000 52.187776 2.034567 0.000000 49.135925 
19000 95.000000 -0.972509 1.056798 0.000000 51.860843 0.286684 0.000000 51.430817 
20000 100.000000 -0.668337 1.346326 0.000000 53.949363 0.440134 0.000000 53.289162 
21000 105.000000 -0.802265 1.292400 0.000000 52.488548 1.225426 0.000000 50.650409 
22000 110.000000 -0.563247 1.370703 0.000000 54.081893 0.935143 0.000000 52.679179 
23000 115.000000 -0.250537 1.663421 0.000000 52.495647 0.415523 0.000000 51.872362 
24000 120.000000 -0.326275 1.587837 0.000000 53.182833 0.088423 0.000000 53.050199 
25000 125.000000 -0.579368 1.369851 0.000000 55.354021 0.781618 0.000000 54.181593 
26000 130.000000 -0.485554 1.614375 0.000000 53.689090 0.362256 0.000000 53.145705 
27000 135.000000 -0.470104 1.557657 0.000000 55.182446 0.248590 0.000000 54.809561 
28000 140.000000 -1.180389 0.828317 0.000000 53.654318 0.291953 0.000000 53.216388 
29000 145.000000 -1.035896 0.963894 0.000000 55.819671 0.077201 0.000000 55.703868 
30000 150.000000 -0.521952 1.504552 0.000000 56.337711 0.011991 0.000000 56.319724 
31000 155.000000 -0.665069 1.366449 0.000000 57.138082 0.345116 0.000000 56.620409 
32000 160.000000 -0.895722 1.163768 0.000000 57.238006 0.213200 0.000000 56.918206 
33000 165.000000 -0.857820 0.971869 0.000000 56.129694 0.544789 0.000000 55.312510 
34000 170.000000 -0.849438 1.160780 0.000000 58.218270 0.599824 0.000000 57.318533 
35000 175.000000 -0.290164 1.703630 0.000000 56.978562 0.574877 0.000000 56.116247 
36000 180.000000 -1.337244 0.548505 0.000000 56.297308 0.148881 0.000000 56.073986 
37000 185.000000 -0.753634 1.214644 0.000000 59.768261 2.429606 0.000000 56.123852 
38000 190.000000 -0.862088 1.162627 0.000000 59.018448 0.083158 0.000000 58.893710 
39000 195.000000 -0.958686 1.055998 0.000000 59.856105 0.714732 0.000000 58.784007 
40000 200.000000 -0.693317 1.217513 0.000000 58.789214 0.372973 0.000000 58.229754 
41000 205.000000 -0.851636 1.196808 0.000000 59.368156 0.450457 0.000000 58.692470 
42000 210.000000 -0.755643 1.219014 0.000000 60.444456 1.432828 0.000000 58.295215 
43000 215.000000 -0.648889 1.376717 0.000000 61.311642 0.516287 0.000000 60.537212 
44000 220.000000 -0.647524 1.284683 0.000000 60.875599 1.217636 0.000000 59.049144 
45000 225.000000 -0.612332 1.375448 0.000000 61.365057 0.158373 0.000000 61.127498 
46000 230.000000 -1.311638 0.601931 0.000000 60.751841 0.857831 0.000000 59.465095 
47000 235.000000 -0.966719 1.125288 0.000000 61.169210 0.453822 0.000000 60.488477 
48000 240.000000 -1.149482 0.920384 0.000000 60.684176 0.466942 0.000000 59.983764 
49000 245.000000 -0.537105 1.483595 0.000000 63.208627 0.850866 0.000000 61.932327 
50000 250.000000 -0.537619 1.406436 0.000000 62.731948 0.278473 0.000000 62.314238 
51000 255.000000 -0.797342 1.187933 0.000000 62.457159 0.331752 0.000000 61.959531 
52000 260.000000 -0.575863 1.416443 0.000000 63.933104 1.204546 0.000000 62.126284 
53000 265.000000 -0.894505 1.135228 0.000000 64.049469 2.450910 0.000000 60.373105 
54000 270.000000 -0.405827 1.573741 0.000000 63.216447 0.094410 0.000000 63.074832 
55000 275.000000 -0.499313 1.613804 0.000000 62.680287 2.104570 0.000000 59.523432 
56000 280.000000 -1.263115 0.848011 0.000000 61.043210 2.443202 0.000000 57.378408 
57000 285.000000 -0.915070 0.946689 0.000000 63.603045 2.580552 0.000000 59.732217 
58000 290.000000 -0.767605 1.184878 0.000000 63.821751 0.625892 0.000000 62.882912 
59000 295.000000 -1.319292 0.594298 0.000000 64.156294 1.093916 0.000000 62.515421 
60000 300.000000 -0.741065 1.180796 0.000000 63.888122 0.285548 0.000000 63.459801 
61000 305.000000 -0.496000 1.419111 0.000000 64.922109 0.884988 0.000000 63.594628 
62000 310.000000 -0.475197 1.478444 0.000000 67.556199 4.675194 0.000000 60.543408 
63000 315.000000 -0.631887 1.406489 0.000000 66.127356 1.291483 0.000000 64.190132 
64000 320.000000 -0.442576 1.536169 0.000000 66.876114 2.759344 0.000000 62.737098 
65000 325.000000 -0.608373 1.423081 0.000000 66.093547 0.589713 0.000000 65.208978 
66000 330.000000 -0.974448 1.105085 0.000000 65.280626 0.038945 0.000000 65.222209 
67000 335.000000 -0.561386 1.444552 0.000000 66.825563 1.203944 0.000000 65.019647 
68000 340.000000 -1.171039 0.728571 0.000000 64.181775 0.992869 0.000000 62.692471 
69000 345.000000 -0.904736 0.976658 0.000000 65.325015 0.464235 0.000000 64.628662 
70000 350.000000 -0.974773 1.113200 0.000000 66.422808 1.300057 0.000000 64.472723 
71000 355.000000 -1.021561 0.754506 0.000000 64.586713 0.522099 0.000000 63.803565 
72000 360.000000 -1.791332 0.521059 0.000000 59.971451 1.518229 0.000000 57.694107 
73000 365.000000 -0.804741 1.096257 0.000000 68.272229 4.408503 0.000000 61.659475 
74000 370.000000 -0.595104 1.261680 0.000000 65.367139 1.036973 0.000000 63.811680 
75000 375.000000 -0.641697 1.248135 0.000000 66.284923 0.870182 0.000000 64.979651 
76000 380.000000 -0.637914 1.373338 0.000000 69.089678 2.452132 0.000000 65.411480 
77000 385.000000 -1.141818 1.004875 0.000000 66.489748 1.892834 0.000000 63.650498 
78000 390.000000 -0.890567 1.023946 0.000000 68.637756 2.188360 0.000000 65.355216 
79000 395.000000 -0.902884 0.291871 0.000000 62.211745 0.569162 0.000000 61.358002 
80000 400.000000 0.077117 0.497319 0.000000 68.574967 1.683426 0.000000 66.049828 
81000 405.000000 0.221099 0.426537 0.000000 65.722221 0.002008 0.000000 65.719209 
82000 410.000000 -0.406160 0.434660 0.000000 68.245258 1.813808 0.000000 65.524546 
83000 415.000000 0.061905 0.446036 0.000000 67.824673 0.426713 0.000000 67.184603 
84000 420.000000 -0.364093 0.455170 0.000000 68.532852 0.497086 0.000000 67.787222 
85000 425.000000 -0.411661 0.471802 0.000000 68.392354 0.889576 0.000000 67.057990 
86000 430.000000 -1.191735 0.813810 0.000000 67.262901 0.531479 0.000000 66.465683 
87000 435.000000 -0.867190 0.925230 0.000000 65.978022 0.122883 0.000000 65.793698 
88000 440.000000 -0.939607 1.012658 0.000000 70.206339 2.800752 0.000000 66.005211 
89000 445.000000 -1.027775 0.959474 0.000000 69.563962 0.392896 0.000000 68.974618 
90000 450.000000 -0.460342 1.529252 0.000000 70.790764 0.845664 0.000000 69.522268 
91000 455.000000 -0.346640 1.660066 0.000000 70.089672 0.502786 0.000000 69.335493 
92000 460.000000 -0.541792 1.558940 0.000000 69.237379 0.500460 0.000000 68.486689 
93000 465.000000 -1.062807 0.847617 0.000000 70.249226 1.604335 0.000000 67.842724 
94000 470.000000 -0.751083 1.256243 0.000000 70.515690 0.398312 0.000000 69.918222 
95000 475.000000 -0.833525 1.082035 0.000000 69.786257 0.063849 0.000000 69.690483 
96000 480.000000 -0.756179 1.172932 0.000000 69.963137 0.089767 0.000000 69.828486 
97000 485.000000 -0.356432 1.557671 0.000000 70.910029 1.835672 0.000000 68.156521 
98000 490.000000 -0.185661 1.779598 0.000000 69.799821 0.777614 0.000000 68.633401 
99000 495.000000 -0.409695 1.515059 0.000000 71.217982 1.210588 0.000000 69.402100 
